-- The C compiler identification is GNU 11.4.0
-- The CXX compiler identification is GNU 11.4.0
-- Detecting C compiler ABI info
-- Detecting C compiler ABI info - done
-- Check for working C compiler: /usr/bin/cc - skipped
-- Detecting C compile features
-- Detecting C compile features - done
-- Detecting CXX compiler ABI info
-- Detecting CXX compiler ABI info - done
-- Check for working CXX compiler: /usr/bin/c++ - skipped
-- Detecting CXX compile features
-- Detecting CXX compile features - done
-- Found ament_cmake: 1.3.8 (/opt/ros/humble/share/ament_cmake/cmake)
-- Found Python3: /usr/bin/python3 (found version "3.10.12") found components: Interpreter 
-- Found rclcpp: 16.0.8 (/opt/ros/humble/share/rclcpp/cmake)
-- Found rosidl_generator_c: 3.1.5 (/opt/ros/humble/share/rosidl_generator_c/cmake)
-- Found rosidl_adapter: 3.1.5 (/opt/ros/humble/share/rosidl_adapter/cmake)
-- Found rosidl_generator_cpp: 3.1.5 (/opt/ros/humble/share/rosidl_generator_cpp/cmake)
-- Using all available rosidl_typesupport_c: rosidl_typesupport_fastrtps_c;rosidl_typesupport_introspection_c
-- Using all available rosidl_typesupport_cpp: rosidl_typesupport_fastrtps_cpp;rosidl_typesupport_introspection_cpp
-- Found rmw_implementation_cmake: 6.1.1 (/opt/ros/humble/share/rmw_implementation_cmake/cmake)
-- Found rmw_cyclonedds_cpp: 1.3.4 (/opt/ros/humble/share/rmw_cyclonedds_cpp/cmake)
-- Using RMW implementation 'rmw_cyclonedds_cpp' as default
-- Looking for pthread.h
-- Looking for pthread.h - found
-- Performing Test CMAKE_HAVE_LIBC_PTHREAD
-- Performing Test CMAKE_HAVE_LIBC_PTHREAD - Success
-- Found Threads: TRUE  
-- Found rclpy: 3.3.12 (/opt/ros/humble/share/rclpy/cmake)
-- Found sensor_msgs: 4.2.3 (/opt/ros/humble/share/sensor_msgs/cmake)
-- Configuring done
-- Generating done
-- Build files have been written to: /home/pdey/my_learning/Ros/prakash_ws/build/bot_control
Built target ament_cmake_python_copy_bot_control
running egg_info
creating bot_control.egg-info
writing bot_control.egg-info/PKG-INFO
writing dependency_links to bot_control.egg-info/dependency_links.txt
writing top-level names to bot_control.egg-info/top_level.txt
writing manifest file 'bot_control.egg-info/SOURCES.txt'
reading manifest file 'bot_control.egg-info/SOURCES.txt'
writing manifest file 'bot_control.egg-info/SOURCES.txt'
Built target ament_cmake_python_build_bot_control_egg
-- Install configuration: ""
-- Installing: /home/pdey/my_learning/Ros/prakash_ws/install/bot_control/share/bot_control/environment/pythonpath.sh
-- Installing: /home/pdey/my_learning/Ros/prakash_ws/install/bot_control/share/bot_control/environment/pythonpath.dsv
-- Installing: /home/pdey/my_learning/Ros/prakash_ws/install/bot_control/local/lib/python3.10/dist-packages/bot_control-0.0.0-py3.10.egg-info
-- Installing: /home/pdey/my_learning/Ros/prakash_ws/install/bot_control/local/lib/python3.10/dist-packages/bot_control-0.0.0-py3.10.egg-info/SOURCES.txt
-- Installing: /home/pdey/my_learning/Ros/prakash_ws/install/bot_control/local/lib/python3.10/dist-packages/bot_control-0.0.0-py3.10.egg-info/PKG-INFO
-- Installing: /home/pdey/my_learning/Ros/prakash_ws/install/bot_control/local/lib/python3.10/dist-packages/bot_control-0.0.0-py3.10.egg-info/dependency_links.txt
-- Installing: /home/pdey/my_learning/Ros/prakash_ws/install/bot_control/local/lib/python3.10/dist-packages/bot_control-0.0.0-py3.10.egg-info/top_level.txt
-- Installing: /home/pdey/my_learning/Ros/prakash_ws/install/bot_control/local/lib/python3.10/dist-packages/bot_control
-- Installing: /home/pdey/my_learning/Ros/prakash_ws/install/bot_control/local/lib/python3.10/dist-packages/bot_control/move.py
-- Installing: /home/pdey/my_learning/Ros/prakash_ws/install/bot_control/local/lib/python3.10/dist-packages/bot_control/reading_laser.py
-- Installing: /home/pdey/my_learning/Ros/prakash_ws/install/bot_control/local/lib/python3.10/dist-packages/bot_control/__init__.py
Listing '/home/pdey/my_learning/Ros/prakash_ws/install/bot_control/local/lib/python3.10/dist-packages/bot_control'...
Compiling '/home/pdey/my_learning/Ros/prakash_ws/install/bot_control/local/lib/python3.10/dist-packages/bot_control/__init__.py'...
Compiling '/home/pdey/my_learning/Ros/prakash_ws/install/bot_control/local/lib/python3.10/dist-packages/bot_control/move.py'...
Compiling '/home/pdey/my_learning/Ros/prakash_ws/install/bot_control/local/lib/python3.10/dist-packages/bot_control/reading_laser.py'...
-- Installing: /home/pdey/my_learning/Ros/prakash_ws/install/bot_control/lib/bot_control/reading_laser.py
-- Installing: /home/pdey/my_learning/Ros/prakash_ws/install/bot_control/lib/bot_control/move.py
-- Installing: /home/pdey/my_learning/Ros/prakash_ws/install/bot_control/share/ament_index/resource_index/package_run_dependencies/bot_control
-- Installing: /home/pdey/my_learning/Ros/prakash_ws/install/bot_control/share/ament_index/resource_index/parent_prefix_path/bot_control
-- Installing: /home/pdey/my_learning/Ros/prakash_ws/install/bot_control/share/bot_control/environment/ament_prefix_path.sh
-- Installing: /home/pdey/my_learning/Ros/prakash_ws/install/bot_control/share/bot_control/environment/ament_prefix_path.dsv
-- Installing: /home/pdey/my_learning/Ros/prakash_ws/install/bot_control/share/bot_control/environment/path.sh
-- Installing: /home/pdey/my_learning/Ros/prakash_ws/install/bot_control/share/bot_control/environment/path.dsv
-- Installing: /home/pdey/my_learning/Ros/prakash_ws/install/bot_control/share/bot_control/local_setup.bash
-- Installing: /home/pdey/my_learning/Ros/prakash_ws/install/bot_control/share/bot_control/local_setup.sh
-- Installing: /home/pdey/my_learning/Ros/prakash_ws/install/bot_control/share/bot_control/local_setup.zsh
-- Installing: /home/pdey/my_learning/Ros/prakash_ws/install/bot_control/share/bot_control/local_setup.dsv
-- Installing: /home/pdey/my_learning/Ros/prakash_ws/install/bot_control/share/bot_control/package.dsv
-- Installing: /home/pdey/my_learning/Ros/prakash_ws/install/bot_control/share/ament_index/resource_index/packages/bot_control
-- Installing: /home/pdey/my_learning/Ros/prakash_ws/install/bot_control/share/bot_control/cmake/bot_controlConfig.cmake
-- Installing: /home/pdey/my_learning/Ros/prakash_ws/install/bot_control/share/bot_control/cmake/bot_controlConfig-version.cmake
-- Installing: /home/pdey/my_learning/Ros/prakash_ws/install/bot_control/share/bot_control/package.xml
