[0.142s] Invoking command in '/home/pdey/my_learning/Ros/prakash_ws/build/bot_control': CMAKE_PREFIX_PATH=${CMAKE_PREFIX_PATH}:/opt/ros/humble /usr/bin/cmake /home/pdey/my_learning/Ros/prakash_ws/src/bot_control -DCMAKE_INSTALL_PREFIX=/home/pdey/my_learning/Ros/prakash_ws/install/bot_control
[0.285s] -- The C compiler identification is GNU 11.4.0
[0.361s] -- The CXX compiler identification is GNU 11.4.0
[0.371s] -- Detecting C compiler ABI info
[0.440s] -- Detecting C compiler ABI info - done
[0.448s] -- Check for working C compiler: /usr/bin/cc - skipped
[0.448s] -- Detecting C compile features
[0.448s] -- Detecting C compile features - done
[0.452s] -- Detecting CXX compiler ABI info
[0.523s] -- Detecting CXX compiler ABI info - done
[0.530s] -- Check for working CXX compiler: /usr/bin/c++ - skipped
[0.530s] -- Detecting CXX compile features
[0.530s] -- Detecting CXX compile features - done
[0.545s] -- Found ament_cmake: 1.3.8 (/opt/ros/humble/share/ament_cmake/cmake)
[0.685s] -- Found Python3: /usr/bin/python3 (found version "3.10.12") found components: Interpreter 
[0.776s] -- Found rclcpp: 16.0.8 (/opt/ros/humble/share/rclcpp/cmake)
[0.828s] -- Found rosidl_generator_c: 3.1.5 (/opt/ros/humble/share/rosidl_generator_c/cmake)
[0.834s] -- Found rosidl_adapter: 3.1.5 (/opt/ros/humble/share/rosidl_adapter/cmake)
[0.844s] -- Found rosidl_generator_cpp: 3.1.5 (/opt/ros/humble/share/rosidl_generator_cpp/cmake)
[0.861s] -- Using all available rosidl_typesupport_c: rosidl_typesupport_fastrtps_c;rosidl_typesupport_introspection_c
[0.881s] -- Using all available rosidl_typesupport_cpp: rosidl_typesupport_fastrtps_cpp;rosidl_typesupport_introspection_cpp
[0.954s] -- Found rmw_implementation_cmake: 6.1.1 (/opt/ros/humble/share/rmw_implementation_cmake/cmake)
[0.957s] -- Found rmw_cyclonedds_cpp: 1.3.4 (/opt/ros/humble/share/rmw_cyclonedds_cpp/cmake)
[0.992s] -- Using RMW implementation 'rmw_cyclonedds_cpp' as default
[1.002s] -- Looking for pthread.h
[1.072s] -- Looking for pthread.h - found
[1.073s] -- Performing Test CMAKE_HAVE_LIBC_PTHREAD
[1.139s] -- Performing Test CMAKE_HAVE_LIBC_PTHREAD - Success
[1.139s] -- Found Threads: TRUE  
[1.263s] -- Found rclpy: 3.3.12 (/opt/ros/humble/share/rclpy/cmake)
[1.265s] -- Found sensor_msgs: 4.2.3 (/opt/ros/humble/share/sensor_msgs/cmake)
[1.459s] -- Configuring done
[1.461s] -- Generating done
[1.462s] -- Build files have been written to: /home/pdey/my_learning/Ros/prakash_ws/build/bot_control
[1.468s] Invoked command in '/home/pdey/my_learning/Ros/prakash_ws/build/bot_control' returned '0': CMAKE_PREFIX_PATH=${CMAKE_PREFIX_PATH}:/opt/ros/humble /usr/bin/cmake /home/pdey/my_learning/Ros/prakash_ws/src/bot_control -DCMAKE_INSTALL_PREFIX=/home/pdey/my_learning/Ros/prakash_ws/install/bot_control
[1.470s] Invoking command in '/home/pdey/my_learning/Ros/prakash_ws/build/bot_control': CMAKE_PREFIX_PATH=${CMAKE_PREFIX_PATH}:/opt/ros/humble /usr/bin/cmake --build /home/pdey/my_learning/Ros/prakash_ws/build/bot_control -- -j16 -l16
[1.550s] Built target ament_cmake_python_copy_bot_control
[1.743s] running egg_info
[1.743s] creating bot_control.egg-info
[1.744s] writing bot_control.egg-info/PKG-INFO
[1.744s] writing dependency_links to bot_control.egg-info/dependency_links.txt
[1.744s] writing top-level names to bot_control.egg-info/top_level.txt
[1.744s] writing manifest file 'bot_control.egg-info/SOURCES.txt'
[1.745s] reading manifest file 'bot_control.egg-info/SOURCES.txt'
[1.746s] writing manifest file 'bot_control.egg-info/SOURCES.txt'
[1.764s] Built target ament_cmake_python_build_bot_control_egg
[1.774s] Invoked command in '/home/pdey/my_learning/Ros/prakash_ws/build/bot_control' returned '0': CMAKE_PREFIX_PATH=${CMAKE_PREFIX_PATH}:/opt/ros/humble /usr/bin/cmake --build /home/pdey/my_learning/Ros/prakash_ws/build/bot_control -- -j16 -l16
[1.806s] Invoking command in '/home/pdey/my_learning/Ros/prakash_ws/build/bot_control': CMAKE_PREFIX_PATH=${CMAKE_PREFIX_PATH}:/opt/ros/humble /usr/bin/cmake --install /home/pdey/my_learning/Ros/prakash_ws/build/bot_control
[1.820s] -- Install configuration: ""
[1.820s] -- Installing: /home/pdey/my_learning/Ros/prakash_ws/install/bot_control/share/bot_control/environment/pythonpath.sh
[1.820s] -- Installing: /home/pdey/my_learning/Ros/prakash_ws/install/bot_control/share/bot_control/environment/pythonpath.dsv
[1.820s] -- Installing: /home/pdey/my_learning/Ros/prakash_ws/install/bot_control/local/lib/python3.10/dist-packages/bot_control-0.0.0-py3.10.egg-info
[1.820s] -- Installing: /home/pdey/my_learning/Ros/prakash_ws/install/bot_control/local/lib/python3.10/dist-packages/bot_control-0.0.0-py3.10.egg-info/SOURCES.txt
[1.820s] -- Installing: /home/pdey/my_learning/Ros/prakash_ws/install/bot_control/local/lib/python3.10/dist-packages/bot_control-0.0.0-py3.10.egg-info/PKG-INFO
[1.821s] -- Installing: /home/pdey/my_learning/Ros/prakash_ws/install/bot_control/local/lib/python3.10/dist-packages/bot_control-0.0.0-py3.10.egg-info/dependency_links.txt
[1.821s] -- Installing: /home/pdey/my_learning/Ros/prakash_ws/install/bot_control/local/lib/python3.10/dist-packages/bot_control-0.0.0-py3.10.egg-info/top_level.txt
[1.821s] -- Installing: /home/pdey/my_learning/Ros/prakash_ws/install/bot_control/local/lib/python3.10/dist-packages/bot_control
[1.821s] -- Installing: /home/pdey/my_learning/Ros/prakash_ws/install/bot_control/local/lib/python3.10/dist-packages/bot_control/move.py
[1.821s] -- Installing: /home/pdey/my_learning/Ros/prakash_ws/install/bot_control/local/lib/python3.10/dist-packages/bot_control/reading_laser.py
[1.821s] -- Installing: /home/pdey/my_learning/Ros/prakash_ws/install/bot_control/local/lib/python3.10/dist-packages/bot_control/__init__.py
[1.853s] Listing '/home/pdey/my_learning/Ros/prakash_ws/install/bot_control/local/lib/python3.10/dist-packages/bot_control'...
[1.853s] Compiling '/home/pdey/my_learning/Ros/prakash_ws/install/bot_control/local/lib/python3.10/dist-packages/bot_control/__init__.py'...
[1.853s] Compiling '/home/pdey/my_learning/Ros/prakash_ws/install/bot_control/local/lib/python3.10/dist-packages/bot_control/move.py'...
[1.853s] Compiling '/home/pdey/my_learning/Ros/prakash_ws/install/bot_control/local/lib/python3.10/dist-packages/bot_control/reading_laser.py'...
[1.856s] -- Installing: /home/pdey/my_learning/Ros/prakash_ws/install/bot_control/lib/bot_control/reading_laser.py
[1.856s] -- Installing: /home/pdey/my_learning/Ros/prakash_ws/install/bot_control/lib/bot_control/move.py
[1.856s] -- Installing: /home/pdey/my_learning/Ros/prakash_ws/install/bot_control/share/ament_index/resource_index/package_run_dependencies/bot_control
[1.856s] -- Installing: /home/pdey/my_learning/Ros/prakash_ws/install/bot_control/share/ament_index/resource_index/parent_prefix_path/bot_control
[1.856s] -- Installing: /home/pdey/my_learning/Ros/prakash_ws/install/bot_control/share/bot_control/environment/ament_prefix_path.sh
[1.857s] -- Installing: /home/pdey/my_learning/Ros/prakash_ws/install/bot_control/share/bot_control/environment/ament_prefix_path.dsv
[1.857s] -- Installing: /home/pdey/my_learning/Ros/prakash_ws/install/bot_control/share/bot_control/environment/path.sh
[1.857s] -- Installing: /home/pdey/my_learning/Ros/prakash_ws/install/bot_control/share/bot_control/environment/path.dsv
[1.857s] -- Installing: /home/pdey/my_learning/Ros/prakash_ws/install/bot_control/share/bot_control/local_setup.bash
[1.857s] -- Installing: /home/pdey/my_learning/Ros/prakash_ws/install/bot_control/share/bot_control/local_setup.sh
[1.857s] -- Installing: /home/pdey/my_learning/Ros/prakash_ws/install/bot_control/share/bot_control/local_setup.zsh
[1.857s] -- Installing: /home/pdey/my_learning/Ros/prakash_ws/install/bot_control/share/bot_control/local_setup.dsv
[1.857s] -- Installing: /home/pdey/my_learning/Ros/prakash_ws/install/bot_control/share/bot_control/package.dsv
[1.857s] -- Installing: /home/pdey/my_learning/Ros/prakash_ws/install/bot_control/share/ament_index/resource_index/packages/bot_control
[1.857s] -- Installing: /home/pdey/my_learning/Ros/prakash_ws/install/bot_control/share/bot_control/cmake/bot_controlConfig.cmake
[1.857s] -- Installing: /home/pdey/my_learning/Ros/prakash_ws/install/bot_control/share/bot_control/cmake/bot_controlConfig-version.cmake
[1.857s] -- Installing: /home/pdey/my_learning/Ros/prakash_ws/install/bot_control/share/bot_control/package.xml
[1.859s] Invoked command in '/home/pdey/my_learning/Ros/prakash_ws/build/bot_control' returned '0': CMAKE_PREFIX_PATH=${CMAKE_PREFIX_PATH}:/opt/ros/humble /usr/bin/cmake --install /home/pdey/my_learning/Ros/prakash_ws/build/bot_control
