[0.074s] Invoking command in '/home/pdey/my_learning/Ros/prakash_ws/build/bot_control': CMAKE_PREFIX_PATH=${CMAKE_PREFIX_PATH}:/opt/ros/humble /usr/bin/cmake --build /home/pdey/my_learning/Ros/prakash_ws/build/bot_control -- -j16 -l16
[0.157s] Built target ament_cmake_python_copy_bot_control
[0.422s] running egg_info
[0.422s] writing bot_control.egg-info/PKG-INFO
[0.423s] writing dependency_links to bot_control.egg-info/dependency_links.txt
[0.423s] writing top-level names to bot_control.egg-info/top_level.txt
[0.425s] reading manifest file 'bot_control.egg-info/SOURCES.txt'
[0.426s] writing manifest file 'bot_control.egg-info/SOURCES.txt'
[0.453s] Built target ament_cmake_python_build_bot_control_egg
[0.465s] Invoked command in '/home/pdey/my_learning/Ros/prakash_ws/build/bot_control' returned '0': CMAKE_PREFIX_PATH=${CMAKE_PREFIX_PATH}:/opt/ros/humble /usr/bin/cmake --build /home/pdey/my_learning/Ros/prakash_ws/build/bot_control -- -j16 -l16
[0.531s] Invoking command in '/home/pdey/my_learning/Ros/prakash_ws/build/bot_control': CMAKE_PREFIX_PATH=${CMAKE_PREFIX_PATH}:/opt/ros/humble /usr/bin/cmake --install /home/pdey/my_learning/Ros/prakash_ws/build/bot_control
[0.540s] -- Install configuration: ""
[0.540s] -- Up-to-date: /home/pdey/my_learning/Ros/prakash_ws/install/bot_control/share/bot_control/environment/pythonpath.sh
[0.540s] -- Up-to-date: /home/pdey/my_learning/Ros/prakash_ws/install/bot_control/share/bot_control/environment/pythonpath.dsv
[0.540s] -- Up-to-date: /home/pdey/my_learning/Ros/prakash_ws/install/bot_control/local/lib/python3.10/dist-packages/bot_control-0.0.0-py3.10.egg-info
[0.540s] -- Installing: /home/pdey/my_learning/Ros/prakash_ws/install/bot_control/local/lib/python3.10/dist-packages/bot_control-0.0.0-py3.10.egg-info/SOURCES.txt
[0.540s] -- Installing: /home/pdey/my_learning/Ros/prakash_ws/install/bot_control/local/lib/python3.10/dist-packages/bot_control-0.0.0-py3.10.egg-info/PKG-INFO
[0.540s] -- Installing: /home/pdey/my_learning/Ros/prakash_ws/install/bot_control/local/lib/python3.10/dist-packages/bot_control-0.0.0-py3.10.egg-info/dependency_links.txt
[0.540s] -- Installing: /home/pdey/my_learning/Ros/prakash_ws/install/bot_control/local/lib/python3.10/dist-packages/bot_control-0.0.0-py3.10.egg-info/top_level.txt
[0.540s] -- Up-to-date: /home/pdey/my_learning/Ros/prakash_ws/install/bot_control/local/lib/python3.10/dist-packages/bot_control
[0.541s] -- Up-to-date: /home/pdey/my_learning/Ros/prakash_ws/install/bot_control/local/lib/python3.10/dist-packages/bot_control/move.py
[0.541s] -- Up-to-date: /home/pdey/my_learning/Ros/prakash_ws/install/bot_control/local/lib/python3.10/dist-packages/bot_control/reading_laser.py
[0.541s] -- Up-to-date: /home/pdey/my_learning/Ros/prakash_ws/install/bot_control/local/lib/python3.10/dist-packages/bot_control/__init__.py
[0.572s] Listing '/home/pdey/my_learning/Ros/prakash_ws/install/bot_control/local/lib/python3.10/dist-packages/bot_control'...
[0.576s] -- Up-to-date: /home/pdey/my_learning/Ros/prakash_ws/install/bot_control/lib/bot_control/reading_laser.py
[0.576s] -- Up-to-date: /home/pdey/my_learning/Ros/prakash_ws/install/bot_control/lib/bot_control/move.py
[0.576s] -- Up-to-date: /home/pdey/my_learning/Ros/prakash_ws/install/bot_control/share/ament_index/resource_index/package_run_dependencies/bot_control
[0.576s] -- Up-to-date: /home/pdey/my_learning/Ros/prakash_ws/install/bot_control/share/ament_index/resource_index/parent_prefix_path/bot_control
[0.576s] -- Up-to-date: /home/pdey/my_learning/Ros/prakash_ws/install/bot_control/share/bot_control/environment/ament_prefix_path.sh
[0.577s] -- Up-to-date: /home/pdey/my_learning/Ros/prakash_ws/install/bot_control/share/bot_control/environment/ament_prefix_path.dsv
[0.577s] -- Up-to-date: /home/pdey/my_learning/Ros/prakash_ws/install/bot_control/share/bot_control/environment/path.sh
[0.577s] -- Up-to-date: /home/pdey/my_learning/Ros/prakash_ws/install/bot_control/share/bot_control/environment/path.dsv
[0.578s] -- Up-to-date: /home/pdey/my_learning/Ros/prakash_ws/install/bot_control/share/bot_control/local_setup.bash
[0.578s] -- Up-to-date: /home/pdey/my_learning/Ros/prakash_ws/install/bot_control/share/bot_control/local_setup.sh
[0.578s] -- Up-to-date: /home/pdey/my_learning/Ros/prakash_ws/install/bot_control/share/bot_control/local_setup.zsh
[0.578s] -- Up-to-date: /home/pdey/my_learning/Ros/prakash_ws/install/bot_control/share/bot_control/local_setup.dsv
[0.578s] -- Installing: /home/pdey/my_learning/Ros/prakash_ws/install/bot_control/share/bot_control/package.dsv
[0.578s] -- Up-to-date: /home/pdey/my_learning/Ros/prakash_ws/install/bot_control/share/ament_index/resource_index/packages/bot_control
[0.578s] -- Up-to-date: /home/pdey/my_learning/Ros/prakash_ws/install/bot_control/share/bot_control/cmake/bot_controlConfig.cmake
[0.578s] -- Up-to-date: /home/pdey/my_learning/Ros/prakash_ws/install/bot_control/share/bot_control/cmake/bot_controlConfig-version.cmake
[0.578s] -- Up-to-date: /home/pdey/my_learning/Ros/prakash_ws/install/bot_control/share/bot_control/package.xml
[0.580s] Invoked command in '/home/pdey/my_learning/Ros/prakash_ws/build/bot_control' returned '0': CMAKE_PREFIX_PATH=${CMAKE_PREFIX_PATH}:/opt/ros/humble /usr/bin/cmake --install /home/pdey/my_learning/Ros/prakash_ws/build/bot_control
