[1.037s] DEBUG:colcon:Command line arguments: ['/usr/bin/colcon', 'build', '--packages-select', 'bot_control']
[1.037s] DEBUG:colcon:Parsed command line arguments: Namespace(log_base=None, log_level=None, verb_name='build', build_base='build', install_base='install', merge_install=False, symlink_install=False, test_result_base=None, continue_on_error=False, executor='parallel', parallel_workers=16, event_handlers=None, ignore_user_meta=False, metas=['./colcon.meta'], base_paths=['.'], packages_ignore=None, packages_ignore_regex=None, paths=None, packages_up_to=None, packages_up_to_regex=None, packages_above=None, packages_above_and_dependencies=None, packages_above_depth=None, packages_select_by_dep=None, packages_skip_by_dep=None, packages_skip_up_to=None, packages_select_build_failed=False, packages_skip_build_finished=False, packages_select_test_failures=False, packages_skip_test_passed=False, packages_select=['bot_control'], packages_skip=None, packages_select_regex=None, packages_skip_regex=None, packages_start=None, packages_end=None, allow_overriding=[], cmake_args=None, cmake_target=None, cmake_target_skip_unavailable=False, cmake_clean_cache=False, cmake_clean_first=False, cmake_force_configure=False, ament_cmake_args=None, catkin_cmake_args=None, catkin_skip_building_tests=False, verb_parser=<colcon_defaults.argument_parser.defaults.DefaultArgumentsDecorator object at 0x766dd7eca8f0>, verb_extension=<colcon_core.verb.build.BuildVerb object at 0x766dd81994b0>, main=<bound method BuildVerb.main of <colcon_core.verb.build.BuildVerb object at 0x766dd81994b0>>)
[1.083s] Level 1:colcon.colcon_core.package_discovery:discover_packages(colcon_meta) check parameters
[1.083s] Level 1:colcon.colcon_core.package_discovery:discover_packages(recursive) check parameters
[1.083s] Level 1:colcon.colcon_core.package_discovery:discover_packages(ignore) check parameters
[1.083s] Level 1:colcon.colcon_core.package_discovery:discover_packages(path) check parameters
[1.084s] Level 1:colcon.colcon_core.package_discovery:discover_packages(colcon_meta) discover
[1.084s] Level 1:colcon.colcon_core.package_discovery:discover_packages(recursive) discover
[1.084s] INFO:colcon.colcon_core.package_discovery:Crawling recursively for packages in '/home/pdey/my_learning/Ros/prakash_ws'
[1.084s] Level 1:colcon.colcon_core.package_identification:_identify(.) by extensions ['ignore', 'ignore_ament_install']
[1.084s] Level 1:colcon.colcon_core.package_identification:_identify(.) by extension 'ignore'
[1.084s] Level 1:colcon.colcon_core.package_identification:_identify(.) by extension 'ignore_ament_install'
[1.084s] Level 1:colcon.colcon_core.package_identification:_identify(.) by extensions ['colcon_pkg']
[1.084s] Level 1:colcon.colcon_core.package_identification:_identify(.) by extension 'colcon_pkg'
[1.084s] Level 1:colcon.colcon_core.package_identification:_identify(.) by extensions ['colcon_meta']
[1.084s] Level 1:colcon.colcon_core.package_identification:_identify(.) by extension 'colcon_meta'
[1.084s] Level 1:colcon.colcon_core.package_identification:_identify(.) by extensions ['ros']
[1.084s] Level 1:colcon.colcon_core.package_identification:_identify(.) by extension 'ros'
[1.097s] Level 1:colcon.colcon_core.package_identification:_identify(.) by extensions ['cmake', 'python']
[1.097s] Level 1:colcon.colcon_core.package_identification:_identify(.) by extension 'cmake'
[1.097s] Level 1:colcon.colcon_core.package_identification:_identify(.) by extension 'python'
[1.097s] Level 1:colcon.colcon_core.package_identification:_identify(.) by extensions ['python_setup_py']
[1.097s] Level 1:colcon.colcon_core.package_identification:_identify(.) by extension 'python_setup_py'
[1.097s] Level 1:colcon.colcon_core.package_identification:_identify(build) by extensions ['ignore', 'ignore_ament_install']
[1.097s] Level 1:colcon.colcon_core.package_identification:_identify(build) by extension 'ignore'
[1.097s] Level 1:colcon.colcon_core.package_identification:_identify(build) ignored
[1.097s] Level 1:colcon.colcon_core.package_identification:_identify(install) by extensions ['ignore', 'ignore_ament_install']
[1.097s] Level 1:colcon.colcon_core.package_identification:_identify(install) by extension 'ignore'
[1.098s] Level 1:colcon.colcon_core.package_identification:_identify(install) ignored
[1.098s] Level 1:colcon.colcon_core.package_identification:_identify(log) by extensions ['ignore', 'ignore_ament_install']
[1.098s] Level 1:colcon.colcon_core.package_identification:_identify(log) by extension 'ignore'
[1.098s] Level 1:colcon.colcon_core.package_identification:_identify(log) ignored
[1.098s] Level 1:colcon.colcon_core.package_identification:_identify(src) by extensions ['ignore', 'ignore_ament_install']
[1.098s] Level 1:colcon.colcon_core.package_identification:_identify(src) by extension 'ignore'
[1.098s] Level 1:colcon.colcon_core.package_identification:_identify(src) by extension 'ignore_ament_install'
[1.098s] Level 1:colcon.colcon_core.package_identification:_identify(src) by extensions ['colcon_pkg']
[1.098s] Level 1:colcon.colcon_core.package_identification:_identify(src) by extension 'colcon_pkg'
[1.098s] Level 1:colcon.colcon_core.package_identification:_identify(src) by extensions ['colcon_meta']
[1.098s] Level 1:colcon.colcon_core.package_identification:_identify(src) by extension 'colcon_meta'
[1.098s] Level 1:colcon.colcon_core.package_identification:_identify(src) by extensions ['ros']
[1.098s] Level 1:colcon.colcon_core.package_identification:_identify(src) by extension 'ros'
[1.098s] Level 1:colcon.colcon_core.package_identification:_identify(src) by extensions ['cmake', 'python']
[1.098s] Level 1:colcon.colcon_core.package_identification:_identify(src) by extension 'cmake'
[1.098s] Level 1:colcon.colcon_core.package_identification:_identify(src) by extension 'python'
[1.098s] Level 1:colcon.colcon_core.package_identification:_identify(src) by extensions ['python_setup_py']
[1.098s] Level 1:colcon.colcon_core.package_identification:_identify(src) by extension 'python_setup_py'
[1.098s] Level 1:colcon.colcon_core.package_identification:_identify(src/bot_control) by extensions ['ignore', 'ignore_ament_install']
[1.099s] Level 1:colcon.colcon_core.package_identification:_identify(src/bot_control) by extension 'ignore'
[1.099s] Level 1:colcon.colcon_core.package_identification:_identify(src/bot_control) by extension 'ignore_ament_install'
[1.099s] Level 1:colcon.colcon_core.package_identification:_identify(src/bot_control) by extensions ['colcon_pkg']
[1.099s] Level 1:colcon.colcon_core.package_identification:_identify(src/bot_control) by extension 'colcon_pkg'
[1.099s] Level 1:colcon.colcon_core.package_identification:_identify(src/bot_control) by extensions ['colcon_meta']
[1.099s] Level 1:colcon.colcon_core.package_identification:_identify(src/bot_control) by extension 'colcon_meta'
[1.099s] Level 1:colcon.colcon_core.package_identification:_identify(src/bot_control) by extensions ['ros']
[1.099s] Level 1:colcon.colcon_core.package_identification:_identify(src/bot_control) by extension 'ros'
[1.101s] DEBUG:colcon.colcon_core.package_identification:Package 'src/bot_control' with type 'ros.ament_cmake' and name 'bot_control'
[1.102s] Level 1:colcon.colcon_core.package_identification:_identify(src/bot_description) by extensions ['ignore', 'ignore_ament_install']
[1.102s] Level 1:colcon.colcon_core.package_identification:_identify(src/bot_description) by extension 'ignore'
[1.102s] Level 1:colcon.colcon_core.package_identification:_identify(src/bot_description) by extension 'ignore_ament_install'
[1.102s] Level 1:colcon.colcon_core.package_identification:_identify(src/bot_description) by extensions ['colcon_pkg']
[1.102s] Level 1:colcon.colcon_core.package_identification:_identify(src/bot_description) by extension 'colcon_pkg'
[1.102s] Level 1:colcon.colcon_core.package_identification:_identify(src/bot_description) by extensions ['colcon_meta']
[1.102s] Level 1:colcon.colcon_core.package_identification:_identify(src/bot_description) by extension 'colcon_meta'
[1.102s] Level 1:colcon.colcon_core.package_identification:_identify(src/bot_description) by extensions ['ros']
[1.102s] Level 1:colcon.colcon_core.package_identification:_identify(src/bot_description) by extension 'ros'
[1.103s] DEBUG:colcon.colcon_core.package_identification:Package 'src/bot_description' with type 'ros.ament_cmake' and name 'bot_description'
[1.103s] Level 1:colcon.colcon_core.package_identification:_identify(src/bot_world) by extensions ['ignore', 'ignore_ament_install']
[1.103s] Level 1:colcon.colcon_core.package_identification:_identify(src/bot_world) by extension 'ignore'
[1.103s] Level 1:colcon.colcon_core.package_identification:_identify(src/bot_world) by extension 'ignore_ament_install'
[1.103s] Level 1:colcon.colcon_core.package_identification:_identify(src/bot_world) by extensions ['colcon_pkg']
[1.103s] Level 1:colcon.colcon_core.package_identification:_identify(src/bot_world) by extension 'colcon_pkg'
[1.103s] Level 1:colcon.colcon_core.package_identification:_identify(src/bot_world) by extensions ['colcon_meta']
[1.103s] Level 1:colcon.colcon_core.package_identification:_identify(src/bot_world) by extension 'colcon_meta'
[1.103s] Level 1:colcon.colcon_core.package_identification:_identify(src/bot_world) by extensions ['ros']
[1.103s] Level 1:colcon.colcon_core.package_identification:_identify(src/bot_world) by extension 'ros'
[1.103s] DEBUG:colcon.colcon_core.package_identification:Package 'src/bot_world' with type 'ros.ament_cmake' and name 'bot_world'
[1.103s] Level 1:colcon.colcon_core.package_discovery:discover_packages(recursive) using defaults
[1.103s] Level 1:colcon.colcon_core.package_discovery:discover_packages(ignore) discover
[1.103s] Level 1:colcon.colcon_core.package_discovery:discover_packages(ignore) using defaults
[1.104s] Level 1:colcon.colcon_core.package_discovery:discover_packages(path) discover
[1.104s] Level 1:colcon.colcon_core.package_discovery:discover_packages(path) using defaults
[1.167s] INFO:colcon.colcon_core.package_selection:Skipping not selected package 'bot_description' in 'src/bot_description'
[1.167s] INFO:colcon.colcon_core.package_selection:Skipping not selected package 'bot_world' in 'src/bot_world'
[1.197s] Level 1:colcon.colcon_core.package_discovery:discover_packages(prefix_path) check parameters
[1.197s] Level 1:colcon.colcon_core.package_discovery:discover_packages(prefix_path) discover
[1.227s] DEBUG:colcon.colcon_installed_package_information.package_discovery:Found 3 installed packages in /home/pdey/my_learning/Ros/prakash_ws/install
[1.252s] DEBUG:colcon.colcon_installed_package_information.package_discovery:Found 390 installed packages in /opt/ros/humble
[1.254s] Level 1:colcon.colcon_core.package_discovery:discover_packages(prefix_path) using defaults
[1.357s] Level 5:colcon.colcon_core.verb:set package 'bot_control' build argument 'cmake_args' from command line to 'None'
[1.357s] Level 5:colcon.colcon_core.verb:set package 'bot_control' build argument 'cmake_target' from command line to 'None'
[1.357s] Level 5:colcon.colcon_core.verb:set package 'bot_control' build argument 'cmake_target_skip_unavailable' from command line to 'False'
[1.357s] Level 5:colcon.colcon_core.verb:set package 'bot_control' build argument 'cmake_clean_cache' from command line to 'False'
[1.357s] Level 5:colcon.colcon_core.verb:set package 'bot_control' build argument 'cmake_clean_first' from command line to 'False'
[1.357s] Level 5:colcon.colcon_core.verb:set package 'bot_control' build argument 'cmake_force_configure' from command line to 'False'
[1.358s] Level 5:colcon.colcon_core.verb:set package 'bot_control' build argument 'ament_cmake_args' from command line to 'None'
[1.358s] Level 5:colcon.colcon_core.verb:set package 'bot_control' build argument 'catkin_cmake_args' from command line to 'None'
[1.358s] Level 5:colcon.colcon_core.verb:set package 'bot_control' build argument 'catkin_skip_building_tests' from command line to 'False'
[1.358s] DEBUG:colcon.colcon_core.verb:Building package 'bot_control' with the following arguments: {'ament_cmake_args': None, 'build_base': '/home/pdey/my_learning/Ros/prakash_ws/build/bot_control', 'catkin_cmake_args': None, 'catkin_skip_building_tests': False, 'cmake_args': None, 'cmake_clean_cache': False, 'cmake_clean_first': False, 'cmake_force_configure': False, 'cmake_target': None, 'cmake_target_skip_unavailable': False, 'install_base': '/home/pdey/my_learning/Ros/prakash_ws/install/bot_control', 'merge_install': False, 'path': '/home/pdey/my_learning/Ros/prakash_ws/src/bot_control', 'symlink_install': False, 'test_result_base': None}
[1.372s] INFO:colcon.colcon_core.executor:Executing jobs using 'parallel' executor
[1.389s] DEBUG:colcon.colcon_parallel_executor.executor.parallel:run_until_complete
[1.389s] INFO:colcon.colcon_ros.task.ament_cmake.build:Building ROS package in '/home/pdey/my_learning/Ros/prakash_ws/src/bot_control' with build type 'ament_cmake'
[1.389s] INFO:colcon.colcon_cmake.task.cmake.build:Building CMake package in '/home/pdey/my_learning/Ros/prakash_ws/src/bot_control'
[1.406s] INFO:colcon.colcon_core.plugin_system:Skipping extension 'colcon_core.shell.bat': Not used on non-Windows systems
[1.406s] INFO:colcon.colcon_core.shell:Skip shell extension 'powershell' for command environment: Not usable outside of PowerShell
[1.407s] DEBUG:colcon.colcon_core.shell:Skip shell extension 'dsv' for command environment
[1.463s] DEBUG:colcon.colcon_core.event_handler.log_command:Invoking command in '/home/pdey/my_learning/Ros/prakash_ws/build/bot_control': CMAKE_PREFIX_PATH=${CMAKE_PREFIX_PATH}:/opt/ros/humble /usr/bin/cmake --build /home/pdey/my_learning/Ros/prakash_ws/build/bot_control -- -j16 -l16
[1.851s] DEBUG:colcon.colcon_core.event_handler.log_command:Invoked command in '/home/pdey/my_learning/Ros/prakash_ws/build/bot_control' returned '0': CMAKE_PREFIX_PATH=${CMAKE_PREFIX_PATH}:/opt/ros/humble /usr/bin/cmake --build /home/pdey/my_learning/Ros/prakash_ws/build/bot_control -- -j16 -l16
[1.898s] DEBUG:colcon.colcon_core.event_handler.log_command:Invoking command in '/home/pdey/my_learning/Ros/prakash_ws/build/bot_control': CMAKE_PREFIX_PATH=${CMAKE_PREFIX_PATH}:/opt/ros/humble /usr/bin/cmake --install /home/pdey/my_learning/Ros/prakash_ws/build/bot_control
[1.957s] Level 1:colcon.colcon_core.environment:create_environment_scripts_only(bot_control)
[1.958s] DEBUG:colcon.colcon_core.event_handler.log_command:Invoked command in '/home/pdey/my_learning/Ros/prakash_ws/build/bot_control' returned '0': CMAKE_PREFIX_PATH=${CMAKE_PREFIX_PATH}:/opt/ros/humble /usr/bin/cmake --install /home/pdey/my_learning/Ros/prakash_ws/build/bot_control
[1.978s] Level 1:colcon.colcon_core.environment:checking '/home/pdey/my_learning/Ros/prakash_ws/install/bot_control' for CMake module files
[1.979s] Level 1:colcon.colcon_core.environment:checking '/home/pdey/my_learning/Ros/prakash_ws/install/bot_control' for CMake config files
[1.979s] Level 1:colcon.colcon_core.shell:create_environment_hook('bot_control', 'cmake_prefix_path')
[1.994s] INFO:colcon.colcon_core.shell:Creating environment hook '/home/pdey/my_learning/Ros/prakash_ws/install/bot_control/share/bot_control/hook/cmake_prefix_path.ps1'
[1.995s] INFO:colcon.colcon_core.shell:Creating environment descriptor '/home/pdey/my_learning/Ros/prakash_ws/install/bot_control/share/bot_control/hook/cmake_prefix_path.dsv'
[1.995s] INFO:colcon.colcon_core.shell:Creating environment hook '/home/pdey/my_learning/Ros/prakash_ws/install/bot_control/share/bot_control/hook/cmake_prefix_path.sh'
[1.996s] Level 1:colcon.colcon_core.environment:checking '/home/pdey/my_learning/Ros/prakash_ws/install/bot_control/lib'
[1.996s] Level 1:colcon.colcon_core.environment:checking '/home/pdey/my_learning/Ros/prakash_ws/install/bot_control/bin'
[1.996s] Level 1:colcon.colcon_core.environment:checking '/home/pdey/my_learning/Ros/prakash_ws/install/bot_control/lib/pkgconfig/bot_control.pc'
[1.996s] Level 1:colcon.colcon_core.environment:checking '/home/pdey/my_learning/Ros/prakash_ws/install/bot_control/lib/python3.10/site-packages'
[1.997s] Level 1:colcon.colcon_core.environment:checking '/home/pdey/my_learning/Ros/prakash_ws/install/bot_control/bin'
[2.014s] INFO:colcon.colcon_core.shell:Creating package script '/home/pdey/my_learning/Ros/prakash_ws/install/bot_control/share/bot_control/package.ps1'
[2.015s] INFO:colcon.colcon_core.shell:Creating package descriptor '/home/pdey/my_learning/Ros/prakash_ws/install/bot_control/share/bot_control/package.dsv'
[2.016s] INFO:colcon.colcon_core.shell:Creating package script '/home/pdey/my_learning/Ros/prakash_ws/install/bot_control/share/bot_control/package.sh'
[2.016s] INFO:colcon.colcon_core.shell:Creating package script '/home/pdey/my_learning/Ros/prakash_ws/install/bot_control/share/bot_control/package.bash'
[2.017s] INFO:colcon.colcon_core.shell:Creating package script '/home/pdey/my_learning/Ros/prakash_ws/install/bot_control/share/bot_control/package.zsh'
[2.017s] Level 1:colcon.colcon_core.environment:create_file_with_runtime_dependencies(/home/pdey/my_learning/Ros/prakash_ws/install/bot_control/share/colcon-core/packages/bot_control)
[2.077s] Level 1:colcon.colcon_core.environment:create_environment_scripts_only(bot_control)
[2.093s] Level 1:colcon.colcon_core.environment:checking '/home/pdey/my_learning/Ros/prakash_ws/install/bot_control' for CMake module files
[2.094s] Level 1:colcon.colcon_core.environment:checking '/home/pdey/my_learning/Ros/prakash_ws/install/bot_control' for CMake config files
[2.094s] Level 1:colcon.colcon_core.shell:create_environment_hook('bot_control', 'cmake_prefix_path')
[2.109s] INFO:colcon.colcon_core.shell:Creating environment hook '/home/pdey/my_learning/Ros/prakash_ws/install/bot_control/share/bot_control/hook/cmake_prefix_path.ps1'
[2.109s] INFO:colcon.colcon_core.shell:Creating environment descriptor '/home/pdey/my_learning/Ros/prakash_ws/install/bot_control/share/bot_control/hook/cmake_prefix_path.dsv'
[2.109s] INFO:colcon.colcon_core.shell:Creating environment hook '/home/pdey/my_learning/Ros/prakash_ws/install/bot_control/share/bot_control/hook/cmake_prefix_path.sh'
[2.110s] Level 1:colcon.colcon_core.environment:checking '/home/pdey/my_learning/Ros/prakash_ws/install/bot_control/lib'
[2.110s] Level 1:colcon.colcon_core.environment:checking '/home/pdey/my_learning/Ros/prakash_ws/install/bot_control/bin'
[2.110s] Level 1:colcon.colcon_core.environment:checking '/home/pdey/my_learning/Ros/prakash_ws/install/bot_control/lib/pkgconfig/bot_control.pc'
[2.110s] Level 1:colcon.colcon_core.environment:checking '/home/pdey/my_learning/Ros/prakash_ws/install/bot_control/lib/python3.10/site-packages'
[2.110s] Level 1:colcon.colcon_core.environment:checking '/home/pdey/my_learning/Ros/prakash_ws/install/bot_control/bin'
[2.126s] INFO:colcon.colcon_core.shell:Creating package script '/home/pdey/my_learning/Ros/prakash_ws/install/bot_control/share/bot_control/package.ps1'
[2.127s] INFO:colcon.colcon_core.shell:Creating package descriptor '/home/pdey/my_learning/Ros/prakash_ws/install/bot_control/share/bot_control/package.dsv'
[2.127s] INFO:colcon.colcon_core.shell:Creating package script '/home/pdey/my_learning/Ros/prakash_ws/install/bot_control/share/bot_control/package.sh'
[2.127s] INFO:colcon.colcon_core.shell:Creating package script '/home/pdey/my_learning/Ros/prakash_ws/install/bot_control/share/bot_control/package.bash'
[2.128s] INFO:colcon.colcon_core.shell:Creating package script '/home/pdey/my_learning/Ros/prakash_ws/install/bot_control/share/bot_control/package.zsh'
[2.128s] Level 1:colcon.colcon_core.environment:create_file_with_runtime_dependencies(/home/pdey/my_learning/Ros/prakash_ws/install/bot_control/share/colcon-core/packages/bot_control)
[2.128s] DEBUG:colcon.colcon_parallel_executor.executor.parallel:closing loop
[2.129s] DEBUG:colcon.colcon_parallel_executor.executor.parallel:loop closed
[2.129s] DEBUG:colcon.colcon_parallel_executor.executor.parallel:run_until_complete finished with '0'
[2.129s] DEBUG:colcon.colcon_core.event_reactor:joining thread
[2.148s] INFO:colcon.colcon_core.plugin_system:Skipping extension 'colcon_notification.desktop_notification.terminal_notifier': Not used on non-Darwin systems
[2.148s] INFO:colcon.colcon_core.plugin_system:Skipping extension 'colcon_notification.desktop_notification.win32': Not used on non-Windows systems
[2.148s] INFO:colcon.colcon_notification.desktop_notification:Sending desktop notification using 'notify2'
[2.164s] DEBUG:colcon.colcon_core.event_reactor:joined thread
[2.181s] INFO:colcon.colcon_core.shell:Creating prefix script '/home/pdey/my_learning/Ros/prakash_ws/install/local_setup.ps1'
[2.182s] INFO:colcon.colcon_core.shell:Creating prefix util module '/home/pdey/my_learning/Ros/prakash_ws/install/_local_setup_util_ps1.py'
[2.184s] INFO:colcon.colcon_core.shell:Creating prefix chain script '/home/pdey/my_learning/Ros/prakash_ws/install/setup.ps1'
[2.201s] INFO:colcon.colcon_core.shell:Creating prefix script '/home/pdey/my_learning/Ros/prakash_ws/install/local_setup.sh'
[2.202s] INFO:colcon.colcon_core.shell:Creating prefix util module '/home/pdey/my_learning/Ros/prakash_ws/install/_local_setup_util_sh.py'
[2.202s] INFO:colcon.colcon_core.shell:Creating prefix chain script '/home/pdey/my_learning/Ros/prakash_ws/install/setup.sh'
[2.218s] INFO:colcon.colcon_core.shell:Creating prefix script '/home/pdey/my_learning/Ros/prakash_ws/install/local_setup.bash'
[2.218s] INFO:colcon.colcon_core.shell:Creating prefix chain script '/home/pdey/my_learning/Ros/prakash_ws/install/setup.bash'
[2.234s] INFO:colcon.colcon_core.shell:Creating prefix script '/home/pdey/my_learning/Ros/prakash_ws/install/local_setup.zsh'
[2.235s] INFO:colcon.colcon_core.shell:Creating prefix chain script '/home/pdey/my_learning/Ros/prakash_ws/install/setup.zsh'
