[0.056s] Invoking command in '/home/pdey/my_learning/Ros/prakash_ws/build/bot_world': CMAKE_PREFIX_PATH=${CMAKE_PREFIX_PATH}:/opt/ros/humble /usr/bin/cmake /home/pdey/my_learning/Ros/prakash_ws/src/bot_world -DCMAKE_INSTALL_PREFIX=/home/pdey/my_learning/Ros/prakash_ws/install/bot_world
[0.194s] -- The C compiler identification is GNU 11.4.0
[0.270s] -- The CXX compiler identification is GNU 11.4.0
[0.280s] -- Detecting C compiler ABI info
[0.348s] -- Detecting C compiler ABI info - done
[0.354s] -- Check for working C compiler: /usr/bin/cc - skipped
[0.355s] -- Detecting C compile features
[0.356s] -- Detecting C compile features - done
[0.360s] -- Detecting CXX compiler ABI info
[0.431s] -- Detecting CXX compiler ABI info - done
[0.440s] -- Check for working CXX compiler: /usr/bin/c++ - skipped
[0.440s] -- Detecting CXX compile features
[0.441s] -- Detecting CXX compile features - done
[0.453s] -- Found ament_cmake: 1.3.8 (/opt/ros/humble/share/ament_cmake/cmake)
[0.595s] -- Found Python3: /usr/bin/python3 (found version "3.10.12") found components: Interpreter 
[0.739s] -- Configuring done
[0.741s] -- Generating done
[0.741s] -- Build files have been written to: /home/pdey/my_learning/Ros/prakash_ws/build/bot_world
[0.749s] Invoked command in '/home/pdey/my_learning/Ros/prakash_ws/build/bot_world' returned '0': CMAKE_PREFIX_PATH=${CMAKE_PREFIX_PATH}:/opt/ros/humble /usr/bin/cmake /home/pdey/my_learning/Ros/prakash_ws/src/bot_world -DCMAKE_INSTALL_PREFIX=/home/pdey/my_learning/Ros/prakash_ws/install/bot_world
[0.750s] Invoking command in '/home/pdey/my_learning/Ros/prakash_ws/build/bot_world': CMAKE_PREFIX_PATH=${CMAKE_PREFIX_PATH}:/opt/ros/humble /usr/bin/cmake --build /home/pdey/my_learning/Ros/prakash_ws/build/bot_world -- -j16 -l16
[0.783s] Invoked command in '/home/pdey/my_learning/Ros/prakash_ws/build/bot_world' returned '0': CMAKE_PREFIX_PATH=${CMAKE_PREFIX_PATH}:/opt/ros/humble /usr/bin/cmake --build /home/pdey/my_learning/Ros/prakash_ws/build/bot_world -- -j16 -l16
[0.815s] Invoking command in '/home/pdey/my_learning/Ros/prakash_ws/build/bot_world': CMAKE_PREFIX_PATH=${CMAKE_PREFIX_PATH}:/opt/ros/humble /usr/bin/cmake --install /home/pdey/my_learning/Ros/prakash_ws/build/bot_world
[0.821s] -- Install configuration: ""
[0.821s] -- Installing: /home/pdey/my_learning/Ros/prakash_ws/install/bot_world/share/bot_world/launch
[0.821s] -- Installing: /home/pdey/my_learning/Ros/prakash_ws/install/bot_world/share/bot_world/launch/world.launch.py
[0.821s] -- Installing: /home/pdey/my_learning/Ros/prakash_ws/install/bot_world/share/bot_world/models
[0.821s] -- Installing: /home/pdey/my_learning/Ros/prakash_ws/install/bot_world/share/bot_world/models/ground_plane
[0.821s] -- Installing: /home/pdey/my_learning/Ros/prakash_ws/install/bot_world/share/bot_world/models/ground_plane/model-1_2.sdf
[0.821s] -- Installing: /home/pdey/my_learning/Ros/prakash_ws/install/bot_world/share/bot_world/models/ground_plane/model.config
[0.821s] -- Installing: /home/pdey/my_learning/Ros/prakash_ws/install/bot_world/share/bot_world/models/ground_plane/model.sdf
[0.822s] -- Installing: /home/pdey/my_learning/Ros/prakash_ws/install/bot_world/share/bot_world/models/ground_plane/model-1_4.sdf
[0.822s] -- Installing: /home/pdey/my_learning/Ros/prakash_ws/install/bot_world/share/bot_world/models/ground_plane/model-1_3.sdf
[0.822s] -- Installing: /home/pdey/my_learning/Ros/prakash_ws/install/bot_world/share/bot_world/models/sun
[0.822s] -- Installing: /home/pdey/my_learning/Ros/prakash_ws/install/bot_world/share/bot_world/models/sun/model-1_2.sdf
[0.822s] -- Installing: /home/pdey/my_learning/Ros/prakash_ws/install/bot_world/share/bot_world/models/sun/model.config
[0.823s] -- Installing: /home/pdey/my_learning/Ros/prakash_ws/install/bot_world/share/bot_world/models/sun/model.sdf
[0.823s] -- Installing: /home/pdey/my_learning/Ros/prakash_ws/install/bot_world/share/bot_world/models/sun/model-1_4.sdf
[0.823s] -- Installing: /home/pdey/my_learning/Ros/prakash_ws/install/bot_world/share/bot_world/models/sun/model-1_3.sdf
[0.823s] -- Installing: /home/pdey/my_learning/Ros/prakash_ws/install/bot_world/share/bot_world/world
[0.823s] -- Installing: /home/pdey/my_learning/Ros/prakash_ws/install/bot_world/share/bot_world/world/world01.world
[0.824s] -- Installing: /home/pdey/my_learning/Ros/prakash_ws/install/bot_world/share/ament_index/resource_index/package_run_dependencies/bot_world
[0.824s] -- Installing: /home/pdey/my_learning/Ros/prakash_ws/install/bot_world/share/ament_index/resource_index/parent_prefix_path/bot_world
[0.824s] -- Installing: /home/pdey/my_learning/Ros/prakash_ws/install/bot_world/share/bot_world/environment/ament_prefix_path.sh
[0.824s] -- Installing: /home/pdey/my_learning/Ros/prakash_ws/install/bot_world/share/bot_world/environment/ament_prefix_path.dsv
[0.825s] -- Installing: /home/pdey/my_learning/Ros/prakash_ws/install/bot_world/share/bot_world/environment/path.sh
[0.825s] -- Installing: /home/pdey/my_learning/Ros/prakash_ws/install/bot_world/share/bot_world/environment/path.dsv
[0.825s] -- Installing: /home/pdey/my_learning/Ros/prakash_ws/install/bot_world/share/bot_world/local_setup.bash
[0.825s] -- Installing: /home/pdey/my_learning/Ros/prakash_ws/install/bot_world/share/bot_world/local_setup.sh
[0.825s] -- Installing: /home/pdey/my_learning/Ros/prakash_ws/install/bot_world/share/bot_world/local_setup.zsh
[0.825s] -- Installing: /home/pdey/my_learning/Ros/prakash_ws/install/bot_world/share/bot_world/local_setup.dsv
[0.825s] -- Installing: /home/pdey/my_learning/Ros/prakash_ws/install/bot_world/share/bot_world/package.dsv
[0.825s] -- Installing: /home/pdey/my_learning/Ros/prakash_ws/install/bot_world/share/ament_index/resource_index/packages/bot_world
[0.826s] -- Installing: /home/pdey/my_learning/Ros/prakash_ws/install/bot_world/share/bot_world/cmake/bot_worldConfig.cmake
[0.826s] -- Installing: /home/pdey/my_learning/Ros/prakash_ws/install/bot_world/share/bot_world/cmake/bot_worldConfig-version.cmake
[0.826s] -- Installing: /home/pdey/my_learning/Ros/prakash_ws/install/bot_world/share/bot_world/package.xml
[0.874s] Invoked command in '/home/pdey/my_learning/Ros/prakash_ws/build/bot_world' returned '0': CMAKE_PREFIX_PATH=${CMAKE_PREFIX_PATH}:/opt/ros/humble /usr/bin/cmake --install /home/pdey/my_learning/Ros/prakash_ws/build/bot_world
