-- Install configuration: ""
-- Up-to-date: /home/pdey/my_learning/Ros/prakash_ws/install/bot_description/share/bot_description/launch
-- Up-to-date: /home/pdey/my_learning/Ros/prakash_ws/install/bot_description/share/bot_description/launch/rviz.launch.py
-- Up-to-date: /home/pdey/my_learning/Ros/prakash_ws/install/bot_description/share/bot_description/launch/spawn.launch.py
-- Up-to-date: /home/pdey/my_learning/Ros/prakash_ws/install/bot_description/share/bot_description/launch/control.launch.py
-- Up-to-date: /home/pdey/my_learning/Ros/prakash_ws/install/bot_description/share/bot_description/launch/robot_state_publisher.launch.py
-- Up-to-date: /home/pdey/my_learning/Ros/prakash_ws/install/bot_description/share/bot_description/models
-- Up-to-date: /home/pdey/my_learning/Ros/prakash_ws/install/bot_description/share/bot_description/models/ground_plane
-- Up-to-date: /home/pdey/my_learning/Ros/prakash_ws/install/bot_description/share/bot_description/models/ground_plane/model-1_2.sdf
-- Up-to-date: /home/pdey/my_learning/Ros/prakash_ws/install/bot_description/share/bot_description/models/ground_plane/model.config
-- Up-to-date: /home/pdey/my_learning/Ros/prakash_ws/install/bot_description/share/bot_description/models/ground_plane/model.sdf
-- Up-to-date: /home/pdey/my_learning/Ros/prakash_ws/install/bot_description/share/bot_description/models/ground_plane/model-1_4.sdf
-- Up-to-date: /home/pdey/my_learning/Ros/prakash_ws/install/bot_description/share/bot_description/models/ground_plane/model-1_3.sdf
-- Up-to-date: /home/pdey/my_learning/Ros/prakash_ws/install/bot_description/share/bot_description/models/sun
-- Up-to-date: /home/pdey/my_learning/Ros/prakash_ws/install/bot_description/share/bot_description/models/sun/model-1_2.sdf
-- Up-to-date: /home/pdey/my_learning/Ros/prakash_ws/install/bot_description/share/bot_description/models/sun/model.config
-- Up-to-date: /home/pdey/my_learning/Ros/prakash_ws/install/bot_description/share/bot_description/models/sun/model.sdf
-- Up-to-date: /home/pdey/my_learning/Ros/prakash_ws/install/bot_description/share/bot_description/models/sun/model-1_4.sdf
-- Up-to-date: /home/pdey/my_learning/Ros/prakash_ws/install/bot_description/share/bot_description/models/sun/model-1_3.sdf
-- Up-to-date: /home/pdey/my_learning/Ros/prakash_ws/install/bot_description/share/bot_description/urdf
-- Up-to-date: /home/pdey/my_learning/Ros/prakash_ws/install/bot_description/share/bot_description/urdf/inertial_macros.xacro
-- Up-to-date: /home/pdey/my_learning/Ros/prakash_ws/install/bot_description/share/bot_description/urdf/bot_gazebo.xacro
-- Up-to-date: /home/pdey/my_learning/Ros/prakash_ws/install/bot_description/share/bot_description/urdf/bot.urdf.xacro
-- Up-to-date: /home/pdey/my_learning/Ros/prakash_ws/install/bot_description/share/bot_description/urdf/bot_ros2_control.xacro
-- Up-to-date: /home/pdey/my_learning/Ros/prakash_ws/install/bot_description/share/bot_description/rviz
-- Up-to-date: /home/pdey/my_learning/Ros/prakash_ws/install/bot_description/share/bot_description/rviz/display.rviz
-- Up-to-date: /home/pdey/my_learning/Ros/prakash_ws/install/bot_description/share/bot_description/rviz/gazebo.rviz
-- Up-to-date: /home/pdey/my_learning/Ros/prakash_ws/install/bot_description/share/bot_description/config
-- Up-to-date: /home/pdey/my_learning/Ros/prakash_ws/install/bot_description/share/bot_description/config/bot_controllers.yaml
-- Up-to-date: /home/pdey/my_learning/Ros/prakash_ws/install/bot_description/share/ament_index/resource_index/package_run_dependencies/bot_description
-- Up-to-date: /home/pdey/my_learning/Ros/prakash_ws/install/bot_description/share/ament_index/resource_index/parent_prefix_path/bot_description
-- Up-to-date: /home/pdey/my_learning/Ros/prakash_ws/install/bot_description/share/bot_description/environment/ament_prefix_path.sh
-- Up-to-date: /home/pdey/my_learning/Ros/prakash_ws/install/bot_description/share/bot_description/environment/ament_prefix_path.dsv
-- Up-to-date: /home/pdey/my_learning/Ros/prakash_ws/install/bot_description/share/bot_description/environment/path.sh
-- Up-to-date: /home/pdey/my_learning/Ros/prakash_ws/install/bot_description/share/bot_description/environment/path.dsv
-- Up-to-date: /home/pdey/my_learning/Ros/prakash_ws/install/bot_description/share/bot_description/local_setup.bash
-- Up-to-date: /home/pdey/my_learning/Ros/prakash_ws/install/bot_description/share/bot_description/local_setup.sh
-- Up-to-date: /home/pdey/my_learning/Ros/prakash_ws/install/bot_description/share/bot_description/local_setup.zsh
-- Up-to-date: /home/pdey/my_learning/Ros/prakash_ws/install/bot_description/share/bot_description/local_setup.dsv
-- Up-to-date: /home/pdey/my_learning/Ros/prakash_ws/install/bot_description/share/bot_description/package.dsv
-- Up-to-date: /home/pdey/my_learning/Ros/prakash_ws/install/bot_description/share/ament_index/resource_index/packages/bot_description
-- Up-to-date: /home/pdey/my_learning/Ros/prakash_ws/install/bot_description/share/bot_description/cmake/bot_descriptionConfig.cmake
-- Up-to-date: /home/pdey/my_learning/Ros/prakash_ws/install/bot_description/share/bot_description/cmake/bot_descriptionConfig-version.cmake
-- Up-to-date: /home/pdey/my_learning/Ros/prakash_ws/install/bot_description/share/bot_description/package.xml
