-- Install configuration: ""
-- Up-to-date: /home/pdey/my_learning/Ros/prakash_ws/install/bot_world/share/bot_world/launch
-- Up-to-date: /home/pdey/my_learning/Ros/prakash_ws/install/bot_world/share/bot_world/launch/world.launch.py
-- Up-to-date: /home/pdey/my_learning/Ros/prakash_ws/install/bot_world/share/bot_world/models
-- Up-to-date: /home/pdey/my_learning/Ros/prakash_ws/install/bot_world/share/bot_world/models/ground_plane
-- Up-to-date: /home/pdey/my_learning/Ros/prakash_ws/install/bot_world/share/bot_world/models/ground_plane/model-1_2.sdf
-- Up-to-date: /home/pdey/my_learning/Ros/prakash_ws/install/bot_world/share/bot_world/models/ground_plane/model.config
-- Up-to-date: /home/pdey/my_learning/Ros/prakash_ws/install/bot_world/share/bot_world/models/ground_plane/model.sdf
-- Up-to-date: /home/pdey/my_learning/Ros/prakash_ws/install/bot_world/share/bot_world/models/ground_plane/model-1_4.sdf
-- Up-to-date: /home/pdey/my_learning/Ros/prakash_ws/install/bot_world/share/bot_world/models/ground_plane/model-1_3.sdf
-- Up-to-date: /home/pdey/my_learning/Ros/prakash_ws/install/bot_world/share/bot_world/models/sun
-- Up-to-date: /home/pdey/my_learning/Ros/prakash_ws/install/bot_world/share/bot_world/models/sun/model-1_2.sdf
-- Up-to-date: /home/pdey/my_learning/Ros/prakash_ws/install/bot_world/share/bot_world/models/sun/model.config
-- Up-to-date: /home/pdey/my_learning/Ros/prakash_ws/install/bot_world/share/bot_world/models/sun/model.sdf
-- Up-to-date: /home/pdey/my_learning/Ros/prakash_ws/install/bot_world/share/bot_world/models/sun/model-1_4.sdf
-- Up-to-date: /home/pdey/my_learning/Ros/prakash_ws/install/bot_world/share/bot_world/models/sun/model-1_3.sdf
-- Up-to-date: /home/pdey/my_learning/Ros/prakash_ws/install/bot_world/share/bot_world/world
-- Up-to-date: /home/pdey/my_learning/Ros/prakash_ws/install/bot_world/share/bot_world/world/world01.world
-- Up-to-date: /home/pdey/my_learning/Ros/prakash_ws/install/bot_world/share/ament_index/resource_index/package_run_dependencies/bot_world
-- Up-to-date: /home/pdey/my_learning/Ros/prakash_ws/install/bot_world/share/ament_index/resource_index/parent_prefix_path/bot_world
-- Up-to-date: /home/pdey/my_learning/Ros/prakash_ws/install/bot_world/share/bot_world/environment/ament_prefix_path.sh
-- Up-to-date: /home/pdey/my_learning/Ros/prakash_ws/install/bot_world/share/bot_world/environment/ament_prefix_path.dsv
-- Up-to-date: /home/pdey/my_learning/Ros/prakash_ws/install/bot_world/share/bot_world/environment/path.sh
-- Up-to-date: /home/pdey/my_learning/Ros/prakash_ws/install/bot_world/share/bot_world/environment/path.dsv
-- Up-to-date: /home/pdey/my_learning/Ros/prakash_ws/install/bot_world/share/bot_world/local_setup.bash
-- Up-to-date: /home/pdey/my_learning/Ros/prakash_ws/install/bot_world/share/bot_world/local_setup.sh
-- Up-to-date: /home/pdey/my_learning/Ros/prakash_ws/install/bot_world/share/bot_world/local_setup.zsh
-- Up-to-date: /home/pdey/my_learning/Ros/prakash_ws/install/bot_world/share/bot_world/local_setup.dsv
-- Installing: /home/pdey/my_learning/Ros/prakash_ws/install/bot_world/share/bot_world/package.dsv
-- Up-to-date: /home/pdey/my_learning/Ros/prakash_ws/install/bot_world/share/ament_index/resource_index/packages/bot_world
-- Up-to-date: /home/pdey/my_learning/Ros/prakash_ws/install/bot_world/share/bot_world/cmake/bot_worldConfig.cmake
-- Up-to-date: /home/pdey/my_learning/Ros/prakash_ws/install/bot_world/share/bot_world/cmake/bot_worldConfig-version.cmake
-- Up-to-date: /home/pdey/my_learning/Ros/prakash_ws/install/bot_world/share/bot_world/package.xml
