[0.119s] Invoking command in '/home/pdey/my_learning/Ros/prakash_ws/build/bot_control': CMAKE_PREFIX_PATH=${CMAKE_PREFIX_PATH}:/opt/ros/humble /usr/bin/cmake --build /home/pdey/my_learning/Ros/prakash_ws/build/bot_control -- -j16 -l16
[0.151s] Built target ament_cmake_python_copy_bot_control
[0.318s] running egg_info
[0.318s] writing bot_control.egg-info/PKG-INFO
[0.318s] writing dependency_links to bot_control.egg-info/dependency_links.txt
[0.318s] writing top-level names to bot_control.egg-info/top_level.txt
[0.319s] reading manifest file 'bot_control.egg-info/SOURCES.txt'
[0.320s] writing manifest file 'bot_control.egg-info/SOURCES.txt'
[0.335s] Built target ament_cmake_python_build_bot_control_egg
[0.341s] Invoked command in '/home/pdey/my_learning/Ros/prakash_ws/build/bot_control' returned '0': CMAKE_PREFIX_PATH=${CMAKE_PREFIX_PATH}:/opt/ros/humble /usr/bin/cmake --build /home/pdey/my_learning/Ros/prakash_ws/build/bot_control -- -j16 -l16
[0.361s] Invoking command in '/home/pdey/my_learning/Ros/prakash_ws/build/bot_control': CMAKE_PREFIX_PATH=${CMAKE_PREFIX_PATH}:/opt/ros/humble /usr/bin/cmake --install /home/pdey/my_learning/Ros/prakash_ws/build/bot_control
[0.372s] -- Install configuration: ""
[0.373s] -- Up-to-date: /home/pdey/my_learning/Ros/prakash_ws/install/bot_control/share/bot_control/environment/pythonpath.sh
[0.373s] -- Up-to-date: /home/pdey/my_learning/Ros/prakash_ws/install/bot_control/share/bot_control/environment/pythonpath.dsv
[0.373s] -- Up-to-date: /home/pdey/my_learning/Ros/prakash_ws/install/bot_control/local/lib/python3.10/dist-packages/bot_control-0.0.0-py3.10.egg-info
[0.373s] -- Installing: /home/pdey/my_learning/Ros/prakash_ws/install/bot_control/local/lib/python3.10/dist-packages/bot_control-0.0.0-py3.10.egg-info/SOURCES.txt
[0.374s] -- Installing: /home/pdey/my_learning/Ros/prakash_ws/install/bot_control/local/lib/python3.10/dist-packages/bot_control-0.0.0-py3.10.egg-info/PKG-INFO
[0.374s] -- Installing: /home/pdey/my_learning/Ros/prakash_ws/install/bot_control/local/lib/python3.10/dist-packages/bot_control-0.0.0-py3.10.egg-info/dependency_links.txt
[0.374s] -- Installing: /home/pdey/my_learning/Ros/prakash_ws/install/bot_control/local/lib/python3.10/dist-packages/bot_control-0.0.0-py3.10.egg-info/top_level.txt
[0.374s] -- Up-to-date: /home/pdey/my_learning/Ros/prakash_ws/install/bot_control/local/lib/python3.10/dist-packages/bot_control
[0.374s] -- Installing: /home/pdey/my_learning/Ros/prakash_ws/install/bot_control/local/lib/python3.10/dist-packages/bot_control/move.py
[0.374s] -- Up-to-date: /home/pdey/my_learning/Ros/prakash_ws/install/bot_control/local/lib/python3.10/dist-packages/bot_control/reading_laser.py
[0.374s] -- Up-to-date: /home/pdey/my_learning/Ros/prakash_ws/install/bot_control/local/lib/python3.10/dist-packages/bot_control/__init__.py
[0.405s] Listing '/home/pdey/my_learning/Ros/prakash_ws/install/bot_control/local/lib/python3.10/dist-packages/bot_control'...
[0.405s] Compiling '/home/pdey/my_learning/Ros/prakash_ws/install/bot_control/local/lib/python3.10/dist-packages/bot_control/move.py'...
[0.407s] -- Up-to-date: /home/pdey/my_learning/Ros/prakash_ws/install/bot_control/lib/bot_control/reading_laser.py
[0.407s] -- Installing: /home/pdey/my_learning/Ros/prakash_ws/install/bot_control/lib/bot_control/move.py
[0.407s] -- Up-to-date: /home/pdey/my_learning/Ros/prakash_ws/install/bot_control/share/ament_index/resource_index/package_run_dependencies/bot_control
[0.407s] -- Up-to-date: /home/pdey/my_learning/Ros/prakash_ws/install/bot_control/share/ament_index/resource_index/parent_prefix_path/bot_control
[0.407s] -- Up-to-date: /home/pdey/my_learning/Ros/prakash_ws/install/bot_control/share/bot_control/environment/ament_prefix_path.sh
[0.407s] -- Up-to-date: /home/pdey/my_learning/Ros/prakash_ws/install/bot_control/share/bot_control/environment/ament_prefix_path.dsv
[0.407s] -- Up-to-date: /home/pdey/my_learning/Ros/prakash_ws/install/bot_control/share/bot_control/environment/path.sh
[0.407s] -- Up-to-date: /home/pdey/my_learning/Ros/prakash_ws/install/bot_control/share/bot_control/environment/path.dsv
[0.408s] -- Up-to-date: /home/pdey/my_learning/Ros/prakash_ws/install/bot_control/share/bot_control/local_setup.bash
[0.408s] -- Up-to-date: /home/pdey/my_learning/Ros/prakash_ws/install/bot_control/share/bot_control/local_setup.sh
[0.408s] -- Up-to-date: /home/pdey/my_learning/Ros/prakash_ws/install/bot_control/share/bot_control/local_setup.zsh
[0.408s] -- Up-to-date: /home/pdey/my_learning/Ros/prakash_ws/install/bot_control/share/bot_control/local_setup.dsv
[0.408s] -- Installing: /home/pdey/my_learning/Ros/prakash_ws/install/bot_control/share/bot_control/package.dsv
[0.408s] -- Up-to-date: /home/pdey/my_learning/Ros/prakash_ws/install/bot_control/share/ament_index/resource_index/packages/bot_control
[0.408s] -- Up-to-date: /home/pdey/my_learning/Ros/prakash_ws/install/bot_control/share/bot_control/cmake/bot_controlConfig.cmake
[0.408s] -- Up-to-date: /home/pdey/my_learning/Ros/prakash_ws/install/bot_control/share/bot_control/cmake/bot_controlConfig-version.cmake
[0.408s] -- Up-to-date: /home/pdey/my_learning/Ros/prakash_ws/install/bot_control/share/bot_control/package.xml
[0.409s] Invoked command in '/home/pdey/my_learning/Ros/prakash_ws/build/bot_control' returned '0': CMAKE_PREFIX_PATH=${CMAKE_PREFIX_PATH}:/opt/ros/humble /usr/bin/cmake --install /home/pdey/my_learning/Ros/prakash_ws/build/bot_control
