Built target ament_cmake_python_copy_bot_control
running egg_info
writing bot_control.egg-info/PKG-INFO
writing dependency_links to bot_control.egg-info/dependency_links.txt
writing top-level names to bot_control.egg-info/top_level.txt
reading manifest file 'bot_control.egg-info/SOURCES.txt'
writing manifest file 'bot_control.egg-info/SOURCES.txt'
Built target ament_cmake_python_build_bot_control_egg
-- Install configuration: ""
-- Up-to-date: /home/pdey/my_learning/Ros/prakash_ws/install/bot_control/share/bot_control/environment/pythonpath.sh
-- Up-to-date: /home/pdey/my_learning/Ros/prakash_ws/install/bot_control/share/bot_control/environment/pythonpath.dsv
-- Up-to-date: /home/pdey/my_learning/Ros/prakash_ws/install/bot_control/local/lib/python3.10/dist-packages/bot_control-0.0.0-py3.10.egg-info
-- Installing: /home/pdey/my_learning/Ros/prakash_ws/install/bot_control/local/lib/python3.10/dist-packages/bot_control-0.0.0-py3.10.egg-info/SOURCES.txt
-- Installing: /home/pdey/my_learning/Ros/prakash_ws/install/bot_control/local/lib/python3.10/dist-packages/bot_control-0.0.0-py3.10.egg-info/PKG-INFO
-- Installing: /home/pdey/my_learning/Ros/prakash_ws/install/bot_control/local/lib/python3.10/dist-packages/bot_control-0.0.0-py3.10.egg-info/dependency_links.txt
-- Installing: /home/pdey/my_learning/Ros/prakash_ws/install/bot_control/local/lib/python3.10/dist-packages/bot_control-0.0.0-py3.10.egg-info/top_level.txt
-- Up-to-date: /home/pdey/my_learning/Ros/prakash_ws/install/bot_control/local/lib/python3.10/dist-packages/bot_control
-- Up-to-date: /home/pdey/my_learning/Ros/prakash_ws/install/bot_control/local/lib/python3.10/dist-packages/bot_control/move.py
-- Installing: /home/pdey/my_learning/Ros/prakash_ws/install/bot_control/local/lib/python3.10/dist-packages/bot_control/reading_laser.py
-- Up-to-date: /home/pdey/my_learning/Ros/prakash_ws/install/bot_control/local/lib/python3.10/dist-packages/bot_control/__init__.py
Listing '/home/pdey/my_learning/Ros/prakash_ws/install/bot_control/local/lib/python3.10/dist-packages/bot_control'...
Compiling '/home/pdey/my_learning/Ros/prakash_ws/install/bot_control/local/lib/python3.10/dist-packages/bot_control/reading_laser.py'...
-- Installing: /home/pdey/my_learning/Ros/prakash_ws/install/bot_control/lib/bot_control/reading_laser.py
-- Up-to-date: /home/pdey/my_learning/Ros/prakash_ws/install/bot_control/lib/bot_control/move.py
-- Up-to-date: /home/pdey/my_learning/Ros/prakash_ws/install/bot_control/share/ament_index/resource_index/package_run_dependencies/bot_control
-- Up-to-date: /home/pdey/my_learning/Ros/prakash_ws/install/bot_control/share/ament_index/resource_index/parent_prefix_path/bot_control
-- Up-to-date: /home/pdey/my_learning/Ros/prakash_ws/install/bot_control/share/bot_control/environment/ament_prefix_path.sh
-- Up-to-date: /home/pdey/my_learning/Ros/prakash_ws/install/bot_control/share/bot_control/environment/ament_prefix_path.dsv
-- Up-to-date: /home/pdey/my_learning/Ros/prakash_ws/install/bot_control/share/bot_control/environment/path.sh
-- Up-to-date: /home/pdey/my_learning/Ros/prakash_ws/install/bot_control/share/bot_control/environment/path.dsv
-- Up-to-date: /home/pdey/my_learning/Ros/prakash_ws/install/bot_control/share/bot_control/local_setup.bash
-- Up-to-date: /home/pdey/my_learning/Ros/prakash_ws/install/bot_control/share/bot_control/local_setup.sh
-- Up-to-date: /home/pdey/my_learning/Ros/prakash_ws/install/bot_control/share/bot_control/local_setup.zsh
-- Up-to-date: /home/pdey/my_learning/Ros/prakash_ws/install/bot_control/share/bot_control/local_setup.dsv
-- Installing: /home/pdey/my_learning/Ros/prakash_ws/install/bot_control/share/bot_control/package.dsv
-- Up-to-date: /home/pdey/my_learning/Ros/prakash_ws/install/bot_control/share/ament_index/resource_index/packages/bot_control
-- Up-to-date: /home/pdey/my_learning/Ros/prakash_ws/install/bot_control/share/bot_control/cmake/bot_controlConfig.cmake
-- Up-to-date: /home/pdey/my_learning/Ros/prakash_ws/install/bot_control/share/bot_control/cmake/bot_controlConfig-version.cmake
-- Up-to-date: /home/pdey/my_learning/Ros/prakash_ws/install/bot_control/share/bot_control/package.xml
