[0.099s] Invoking command in '/home/pdey/my_learning/Ros/prakash_ws/build/bot_description': CMAKE_PREFIX_PATH=${CMAKE_PREFIX_PATH}:/opt/ros/humble /usr/bin/cmake /home/pdey/my_learning/Ros/prakash_ws/src/bot_description -DCMAKE_INSTALL_PREFIX=/home/pdey/my_learning/Ros/prakash_ws/install/bot_description
[0.239s] -- The C compiler identification is GNU 11.4.0
[0.315s] -- The CXX compiler identification is GNU 11.4.0
[0.325s] -- Detecting C compiler ABI info
[0.393s] -- Detecting C compiler ABI info - done
[0.399s] -- Check for working C compiler: /usr/bin/cc - skipped
[0.400s] -- Detecting C compile features
[0.401s] -- Detecting C compile features - done
[0.405s] -- Detecting CXX compiler ABI info
[0.476s] -- Detecting CXX compiler ABI info - done
[0.483s] -- Check for working CXX compiler: /usr/bin/c++ - skipped
[0.483s] -- Detecting CXX compile features
[0.483s] -- Detecting CXX compile features - done
[0.499s] -- Found ament_cmake: 1.3.8 (/opt/ros/humble/share/ament_cmake/cmake)
[0.640s] -- Found Python3: /usr/bin/python3 (found version "3.10.12") found components: Interpreter 
[0.783s] -- Configuring done
[0.785s] -- Generating done
[0.786s] -- Build files have been written to: /home/pdey/my_learning/Ros/prakash_ws/build/bot_description
[0.791s] Invoked command in '/home/pdey/my_learning/Ros/prakash_ws/build/bot_description' returned '0': CMAKE_PREFIX_PATH=${CMAKE_PREFIX_PATH}:/opt/ros/humble /usr/bin/cmake /home/pdey/my_learning/Ros/prakash_ws/src/bot_description -DCMAKE_INSTALL_PREFIX=/home/pdey/my_learning/Ros/prakash_ws/install/bot_description
[0.793s] Invoking command in '/home/pdey/my_learning/Ros/prakash_ws/build/bot_description': CMAKE_PREFIX_PATH=${CMAKE_PREFIX_PATH}:/opt/ros/humble /usr/bin/cmake --build /home/pdey/my_learning/Ros/prakash_ws/build/bot_description -- -j16 -l16
[0.825s] Invoked command in '/home/pdey/my_learning/Ros/prakash_ws/build/bot_description' returned '0': CMAKE_PREFIX_PATH=${CMAKE_PREFIX_PATH}:/opt/ros/humble /usr/bin/cmake --build /home/pdey/my_learning/Ros/prakash_ws/build/bot_description -- -j16 -l16
[0.858s] Invoking command in '/home/pdey/my_learning/Ros/prakash_ws/build/bot_description': CMAKE_PREFIX_PATH=${CMAKE_PREFIX_PATH}:/opt/ros/humble /usr/bin/cmake --install /home/pdey/my_learning/Ros/prakash_ws/build/bot_description
[0.863s] -- Install configuration: ""
[0.863s] -- Installing: /home/pdey/my_learning/Ros/prakash_ws/install/bot_description/share/bot_description/launch
[0.863s] -- Installing: /home/pdey/my_learning/Ros/prakash_ws/install/bot_description/share/bot_description/launch/rviz.launch.py
[0.864s] -- Installing: /home/pdey/my_learning/Ros/prakash_ws/install/bot_description/share/bot_description/launch/spawn.launch.py
[0.864s] -- Installing: /home/pdey/my_learning/Ros/prakash_ws/install/bot_description/share/bot_description/launch/control.launch.py
[0.864s] -- Installing: /home/pdey/my_learning/Ros/prakash_ws/install/bot_description/share/bot_description/launch/robot_state_publisher.launch.py
[0.864s] -- Installing: /home/pdey/my_learning/Ros/prakash_ws/install/bot_description/share/bot_description/models
[0.864s] -- Installing: /home/pdey/my_learning/Ros/prakash_ws/install/bot_description/share/bot_description/models/ground_plane
[0.864s] -- Installing: /home/pdey/my_learning/Ros/prakash_ws/install/bot_description/share/bot_description/models/ground_plane/model-1_2.sdf
[0.864s] -- Installing: /home/pdey/my_learning/Ros/prakash_ws/install/bot_description/share/bot_description/models/ground_plane/model.config
[0.864s] -- Installing: /home/pdey/my_learning/Ros/prakash_ws/install/bot_description/share/bot_description/models/ground_plane/model.sdf
[0.865s] -- Installing: /home/pdey/my_learning/Ros/prakash_ws/install/bot_description/share/bot_description/models/ground_plane/model-1_4.sdf
[0.865s] -- Installing: /home/pdey/my_learning/Ros/prakash_ws/install/bot_description/share/bot_description/models/ground_plane/model-1_3.sdf
[0.865s] -- Installing: /home/pdey/my_learning/Ros/prakash_ws/install/bot_description/share/bot_description/models/sun
[0.865s] -- Installing: /home/pdey/my_learning/Ros/prakash_ws/install/bot_description/share/bot_description/models/sun/model-1_2.sdf
[0.865s] -- Installing: /home/pdey/my_learning/Ros/prakash_ws/install/bot_description/share/bot_description/models/sun/model.config
[0.866s] -- Installing: /home/pdey/my_learning/Ros/prakash_ws/install/bot_description/share/bot_description/models/sun/model.sdf
[0.866s] -- Installing: /home/pdey/my_learning/Ros/prakash_ws/install/bot_description/share/bot_description/models/sun/model-1_4.sdf
[0.866s] -- Installing: /home/pdey/my_learning/Ros/prakash_ws/install/bot_description/share/bot_description/models/sun/model-1_3.sdf
[0.866s] -- Installing: /home/pdey/my_learning/Ros/prakash_ws/install/bot_description/share/bot_description/urdf
[0.866s] -- Installing: /home/pdey/my_learning/Ros/prakash_ws/install/bot_description/share/bot_description/urdf/inertial_macros.xacro
[0.867s] -- Installing: /home/pdey/my_learning/Ros/prakash_ws/install/bot_description/share/bot_description/urdf/bot_gazebo.xacro
[0.867s] -- Installing: /home/pdey/my_learning/Ros/prakash_ws/install/bot_description/share/bot_description/urdf/bot.urdf.xacro
[0.867s] -- Installing: /home/pdey/my_learning/Ros/prakash_ws/install/bot_description/share/bot_description/urdf/bot_ros2_control.xacro
[0.867s] -- Installing: /home/pdey/my_learning/Ros/prakash_ws/install/bot_description/share/bot_description/rviz
[0.867s] -- Installing: /home/pdey/my_learning/Ros/prakash_ws/install/bot_description/share/bot_description/rviz/display.rviz
[0.868s] -- Installing: /home/pdey/my_learning/Ros/prakash_ws/install/bot_description/share/bot_description/rviz/gazebo.rviz
[0.868s] -- Installing: /home/pdey/my_learning/Ros/prakash_ws/install/bot_description/share/bot_description/config
[0.868s] -- Installing: /home/pdey/my_learning/Ros/prakash_ws/install/bot_description/share/bot_description/config/bot_controllers.yaml
[0.868s] -- Installing: /home/pdey/my_learning/Ros/prakash_ws/install/bot_description/share/ament_index/resource_index/package_run_dependencies/bot_description
[0.868s] -- Installing: /home/pdey/my_learning/Ros/prakash_ws/install/bot_description/share/ament_index/resource_index/parent_prefix_path/bot_description
[0.868s] -- Installing: /home/pdey/my_learning/Ros/prakash_ws/install/bot_description/share/bot_description/environment/ament_prefix_path.sh
[0.869s] -- Installing: /home/pdey/my_learning/Ros/prakash_ws/install/bot_description/share/bot_description/environment/ament_prefix_path.dsv
[0.869s] -- Installing: /home/pdey/my_learning/Ros/prakash_ws/install/bot_description/share/bot_description/environment/path.sh
[0.869s] -- Installing: /home/pdey/my_learning/Ros/prakash_ws/install/bot_description/share/bot_description/environment/path.dsv
[0.869s] -- Installing: /home/pdey/my_learning/Ros/prakash_ws/install/bot_description/share/bot_description/local_setup.bash
[0.869s] -- Installing: /home/pdey/my_learning/Ros/prakash_ws/install/bot_description/share/bot_description/local_setup.sh
[0.869s] -- Installing: /home/pdey/my_learning/Ros/prakash_ws/install/bot_description/share/bot_description/local_setup.zsh
[0.870s] -- Installing: /home/pdey/my_learning/Ros/prakash_ws/install/bot_description/share/bot_description/local_setup.dsv
[0.870s] -- Installing: /home/pdey/my_learning/Ros/prakash_ws/install/bot_description/share/bot_description/package.dsv
[0.870s] -- Installing: /home/pdey/my_learning/Ros/prakash_ws/install/bot_description/share/ament_index/resource_index/packages/bot_description
[0.870s] -- Installing: /home/pdey/my_learning/Ros/prakash_ws/install/bot_description/share/bot_description/cmake/bot_descriptionConfig.cmake
[0.870s] -- Installing: /home/pdey/my_learning/Ros/prakash_ws/install/bot_description/share/bot_description/cmake/bot_descriptionConfig-version.cmake
[0.870s] -- Installing: /home/pdey/my_learning/Ros/prakash_ws/install/bot_description/share/bot_description/package.xml
[0.871s] Invoked command in '/home/pdey/my_learning/Ros/prakash_ws/build/bot_description' returned '0': CMAKE_PREFIX_PATH=${CMAKE_PREFIX_PATH}:/opt/ros/humble /usr/bin/cmake --install /home/pdey/my_learning/Ros/prakash_ws/build/bot_description
