[0.615s] DEBUG:colcon:Command line arguments: ['/usr/bin/colcon', 'build']
[0.615s] DEBUG:colcon:Parsed command line arguments: Namespace(log_base=None, log_level=None, verb_name='build', build_base='build', install_base='install', merge_install=False, symlink_install=False, test_result_base=None, continue_on_error=False, executor='parallel', parallel_workers=16, event_handlers=None, ignore_user_meta=False, metas=['./colcon.meta'], base_paths=['.'], packages_ignore=None, packages_ignore_regex=None, paths=None, packages_up_to=None, packages_up_to_regex=None, packages_above=None, packages_above_and_dependencies=None, packages_above_depth=None, packages_select_by_dep=None, packages_skip_by_dep=None, packages_skip_up_to=None, packages_select_build_failed=False, packages_skip_build_finished=False, packages_select_test_failures=False, packages_skip_test_passed=False, packages_select=None, packages_skip=None, packages_select_regex=None, packages_skip_regex=None, packages_start=None, packages_end=None, allow_overriding=[], cmake_args=None, cmake_target=None, cmake_target_skip_unavailable=False, cmake_clean_cache=False, cmake_clean_first=False, cmake_force_configure=False, ament_cmake_args=None, catkin_cmake_args=None, catkin_skip_building_tests=False, verb_parser=<colcon_defaults.argument_parser.defaults.DefaultArgumentsDecorator object at 0x7f87db2c8520>, verb_extension=<colcon_core.verb.build.BuildVerb object at 0x7f87db599600>, main=<bound method BuildVerb.main of <colcon_core.verb.build.BuildVerb object at 0x7f87db599600>>)
[0.642s] Level 1:colcon.colcon_core.package_discovery:discover_packages(colcon_meta) check parameters
[0.642s] Level 1:colcon.colcon_core.package_discovery:discover_packages(recursive) check parameters
[0.642s] Level 1:colcon.colcon_core.package_discovery:discover_packages(ignore) check parameters
[0.642s] Level 1:colcon.colcon_core.package_discovery:discover_packages(path) check parameters
[0.642s] Level 1:colcon.colcon_core.package_discovery:discover_packages(colcon_meta) discover
[0.642s] Level 1:colcon.colcon_core.package_discovery:discover_packages(recursive) discover
[0.642s] INFO:colcon.colcon_core.package_discovery:Crawling recursively for packages in '/home/pdey/my_learning/Ros/prakash_ws'
[0.643s] Level 1:colcon.colcon_core.package_identification:_identify(.) by extensions ['ignore', 'ignore_ament_install']
[0.643s] Level 1:colcon.colcon_core.package_identification:_identify(.) by extension 'ignore'
[0.643s] Level 1:colcon.colcon_core.package_identification:_identify(.) by extension 'ignore_ament_install'
[0.643s] Level 1:colcon.colcon_core.package_identification:_identify(.) by extensions ['colcon_pkg']
[0.643s] Level 1:colcon.colcon_core.package_identification:_identify(.) by extension 'colcon_pkg'
[0.643s] Level 1:colcon.colcon_core.package_identification:_identify(.) by extensions ['colcon_meta']
[0.643s] Level 1:colcon.colcon_core.package_identification:_identify(.) by extension 'colcon_meta'
[0.643s] Level 1:colcon.colcon_core.package_identification:_identify(.) by extensions ['ros']
[0.643s] Level 1:colcon.colcon_core.package_identification:_identify(.) by extension 'ros'
[0.650s] Level 1:colcon.colcon_core.package_identification:_identify(.) by extensions ['cmake', 'python']
[0.650s] Level 1:colcon.colcon_core.package_identification:_identify(.) by extension 'cmake'
[0.650s] Level 1:colcon.colcon_core.package_identification:_identify(.) by extension 'python'
[0.650s] Level 1:colcon.colcon_core.package_identification:_identify(.) by extensions ['python_setup_py']
[0.650s] Level 1:colcon.colcon_core.package_identification:_identify(.) by extension 'python_setup_py'
[0.650s] Level 1:colcon.colcon_core.package_identification:_identify(build) by extensions ['ignore', 'ignore_ament_install']
[0.650s] Level 1:colcon.colcon_core.package_identification:_identify(build) by extension 'ignore'
[0.650s] Level 1:colcon.colcon_core.package_identification:_identify(build) ignored
[0.650s] Level 1:colcon.colcon_core.package_identification:_identify(install) by extensions ['ignore', 'ignore_ament_install']
[0.650s] Level 1:colcon.colcon_core.package_identification:_identify(install) by extension 'ignore'
[0.650s] Level 1:colcon.colcon_core.package_identification:_identify(install) ignored
[0.650s] Level 1:colcon.colcon_core.package_identification:_identify(log) by extensions ['ignore', 'ignore_ament_install']
[0.650s] Level 1:colcon.colcon_core.package_identification:_identify(log) by extension 'ignore'
[0.650s] Level 1:colcon.colcon_core.package_identification:_identify(log) ignored
[0.650s] Level 1:colcon.colcon_core.package_identification:_identify(src) by extensions ['ignore', 'ignore_ament_install']
[0.650s] Level 1:colcon.colcon_core.package_identification:_identify(src) by extension 'ignore'
[0.650s] Level 1:colcon.colcon_core.package_identification:_identify(src) by extension 'ignore_ament_install'
[0.650s] Level 1:colcon.colcon_core.package_identification:_identify(src) by extensions ['colcon_pkg']
[0.650s] Level 1:colcon.colcon_core.package_identification:_identify(src) by extension 'colcon_pkg'
[0.650s] Level 1:colcon.colcon_core.package_identification:_identify(src) by extensions ['colcon_meta']
[0.650s] Level 1:colcon.colcon_core.package_identification:_identify(src) by extension 'colcon_meta'
[0.650s] Level 1:colcon.colcon_core.package_identification:_identify(src) by extensions ['ros']
[0.650s] Level 1:colcon.colcon_core.package_identification:_identify(src) by extension 'ros'
[0.650s] Level 1:colcon.colcon_core.package_identification:_identify(src) by extensions ['cmake', 'python']
[0.650s] Level 1:colcon.colcon_core.package_identification:_identify(src) by extension 'cmake'
[0.650s] Level 1:colcon.colcon_core.package_identification:_identify(src) by extension 'python'
[0.650s] Level 1:colcon.colcon_core.package_identification:_identify(src) by extensions ['python_setup_py']
[0.650s] Level 1:colcon.colcon_core.package_identification:_identify(src) by extension 'python_setup_py'
[0.650s] Level 1:colcon.colcon_core.package_identification:_identify(src/bot_control) by extensions ['ignore', 'ignore_ament_install']
[0.651s] Level 1:colcon.colcon_core.package_identification:_identify(src/bot_control) by extension 'ignore'
[0.651s] Level 1:colcon.colcon_core.package_identification:_identify(src/bot_control) by extension 'ignore_ament_install'
[0.651s] Level 1:colcon.colcon_core.package_identification:_identify(src/bot_control) by extensions ['colcon_pkg']
[0.651s] Level 1:colcon.colcon_core.package_identification:_identify(src/bot_control) by extension 'colcon_pkg'
[0.651s] Level 1:colcon.colcon_core.package_identification:_identify(src/bot_control) by extensions ['colcon_meta']
[0.651s] Level 1:colcon.colcon_core.package_identification:_identify(src/bot_control) by extension 'colcon_meta'
[0.651s] Level 1:colcon.colcon_core.package_identification:_identify(src/bot_control) by extensions ['ros']
[0.651s] Level 1:colcon.colcon_core.package_identification:_identify(src/bot_control) by extension 'ros'
[0.652s] DEBUG:colcon.colcon_core.package_identification:Package 'src/bot_control' with type 'ros.ament_cmake' and name 'bot_control'
[0.652s] Level 1:colcon.colcon_core.package_identification:_identify(src/bot_description) by extensions ['ignore', 'ignore_ament_install']
[0.652s] Level 1:colcon.colcon_core.package_identification:_identify(src/bot_description) by extension 'ignore'
[0.652s] Level 1:colcon.colcon_core.package_identification:_identify(src/bot_description) by extension 'ignore_ament_install'
[0.652s] Level 1:colcon.colcon_core.package_identification:_identify(src/bot_description) by extensions ['colcon_pkg']
[0.652s] Level 1:colcon.colcon_core.package_identification:_identify(src/bot_description) by extension 'colcon_pkg'
[0.652s] Level 1:colcon.colcon_core.package_identification:_identify(src/bot_description) by extensions ['colcon_meta']
[0.652s] Level 1:colcon.colcon_core.package_identification:_identify(src/bot_description) by extension 'colcon_meta'
[0.653s] Level 1:colcon.colcon_core.package_identification:_identify(src/bot_description) by extensions ['ros']
[0.653s] Level 1:colcon.colcon_core.package_identification:_identify(src/bot_description) by extension 'ros'
[0.653s] DEBUG:colcon.colcon_core.package_identification:Package 'src/bot_description' with type 'ros.ament_cmake' and name 'bot_description'
[0.653s] Level 1:colcon.colcon_core.package_identification:_identify(src/bot_world) by extensions ['ignore', 'ignore_ament_install']
[0.653s] Level 1:colcon.colcon_core.package_identification:_identify(src/bot_world) by extension 'ignore'
[0.653s] Level 1:colcon.colcon_core.package_identification:_identify(src/bot_world) by extension 'ignore_ament_install'
[0.653s] Level 1:colcon.colcon_core.package_identification:_identify(src/bot_world) by extensions ['colcon_pkg']
[0.653s] Level 1:colcon.colcon_core.package_identification:_identify(src/bot_world) by extension 'colcon_pkg'
[0.653s] Level 1:colcon.colcon_core.package_identification:_identify(src/bot_world) by extensions ['colcon_meta']
[0.653s] Level 1:colcon.colcon_core.package_identification:_identify(src/bot_world) by extension 'colcon_meta'
[0.653s] Level 1:colcon.colcon_core.package_identification:_identify(src/bot_world) by extensions ['ros']
[0.653s] Level 1:colcon.colcon_core.package_identification:_identify(src/bot_world) by extension 'ros'
[0.653s] DEBUG:colcon.colcon_core.package_identification:Package 'src/bot_world' with type 'ros.ament_cmake' and name 'bot_world'
[0.653s] Level 1:colcon.colcon_core.package_discovery:discover_packages(recursive) using defaults
[0.653s] Level 1:colcon.colcon_core.package_discovery:discover_packages(ignore) discover
[0.653s] Level 1:colcon.colcon_core.package_discovery:discover_packages(ignore) using defaults
[0.653s] Level 1:colcon.colcon_core.package_discovery:discover_packages(path) discover
[0.653s] Level 1:colcon.colcon_core.package_discovery:discover_packages(path) using defaults
[0.709s] Level 1:colcon.colcon_core.package_discovery:discover_packages(prefix_path) check parameters
[0.709s] Level 1:colcon.colcon_core.package_discovery:discover_packages(prefix_path) discover
[0.727s] DEBUG:colcon.colcon_installed_package_information.package_discovery:Found 3 installed packages in /home/pdey/my_learning/Ros/prakash_ws/install
[0.742s] DEBUG:colcon.colcon_installed_package_information.package_discovery:Found 390 installed packages in /opt/ros/humble
[0.743s] Level 1:colcon.colcon_core.package_discovery:discover_packages(prefix_path) using defaults
[0.805s] Level 5:colcon.colcon_core.verb:set package 'bot_control' build argument 'cmake_args' from command line to 'None'
[0.805s] Level 5:colcon.colcon_core.verb:set package 'bot_control' build argument 'cmake_target' from command line to 'None'
[0.805s] Level 5:colcon.colcon_core.verb:set package 'bot_control' build argument 'cmake_target_skip_unavailable' from command line to 'False'
[0.805s] Level 5:colcon.colcon_core.verb:set package 'bot_control' build argument 'cmake_clean_cache' from command line to 'False'
[0.805s] Level 5:colcon.colcon_core.verb:set package 'bot_control' build argument 'cmake_clean_first' from command line to 'False'
[0.805s] Level 5:colcon.colcon_core.verb:set package 'bot_control' build argument 'cmake_force_configure' from command line to 'False'
[0.805s] Level 5:colcon.colcon_core.verb:set package 'bot_control' build argument 'ament_cmake_args' from command line to 'None'
[0.805s] Level 5:colcon.colcon_core.verb:set package 'bot_control' build argument 'catkin_cmake_args' from command line to 'None'
[0.805s] Level 5:colcon.colcon_core.verb:set package 'bot_control' build argument 'catkin_skip_building_tests' from command line to 'False'
[0.805s] DEBUG:colcon.colcon_core.verb:Building package 'bot_control' with the following arguments: {'ament_cmake_args': None, 'build_base': '/home/pdey/my_learning/Ros/prakash_ws/build/bot_control', 'catkin_cmake_args': None, 'catkin_skip_building_tests': False, 'cmake_args': None, 'cmake_clean_cache': False, 'cmake_clean_first': False, 'cmake_force_configure': False, 'cmake_target': None, 'cmake_target_skip_unavailable': False, 'install_base': '/home/pdey/my_learning/Ros/prakash_ws/install/bot_control', 'merge_install': False, 'path': '/home/pdey/my_learning/Ros/prakash_ws/src/bot_control', 'symlink_install': False, 'test_result_base': None}
[0.814s] Level 5:colcon.colcon_core.verb:set package 'bot_description' build argument 'cmake_args' from command line to 'None'
[0.814s] Level 5:colcon.colcon_core.verb:set package 'bot_description' build argument 'cmake_target' from command line to 'None'
[0.814s] Level 5:colcon.colcon_core.verb:set package 'bot_description' build argument 'cmake_target_skip_unavailable' from command line to 'False'
[0.814s] Level 5:colcon.colcon_core.verb:set package 'bot_description' build argument 'cmake_clean_cache' from command line to 'False'
[0.814s] Level 5:colcon.colcon_core.verb:set package 'bot_description' build argument 'cmake_clean_first' from command line to 'False'
[0.814s] Level 5:colcon.colcon_core.verb:set package 'bot_description' build argument 'cmake_force_configure' from command line to 'False'
[0.814s] Level 5:colcon.colcon_core.verb:set package 'bot_description' build argument 'ament_cmake_args' from command line to 'None'
[0.814s] Level 5:colcon.colcon_core.verb:set package 'bot_description' build argument 'catkin_cmake_args' from command line to 'None'
[0.814s] Level 5:colcon.colcon_core.verb:set package 'bot_description' build argument 'catkin_skip_building_tests' from command line to 'False'
[0.814s] DEBUG:colcon.colcon_core.verb:Building package 'bot_description' with the following arguments: {'ament_cmake_args': None, 'build_base': '/home/pdey/my_learning/Ros/prakash_ws/build/bot_description', 'catkin_cmake_args': None, 'catkin_skip_building_tests': False, 'cmake_args': None, 'cmake_clean_cache': False, 'cmake_clean_first': False, 'cmake_force_configure': False, 'cmake_target': None, 'cmake_target_skip_unavailable': False, 'install_base': '/home/pdey/my_learning/Ros/prakash_ws/install/bot_description', 'merge_install': False, 'path': '/home/pdey/my_learning/Ros/prakash_ws/src/bot_description', 'symlink_install': False, 'test_result_base': None}
[0.823s] Level 5:colcon.colcon_core.verb:set package 'bot_world' build argument 'cmake_args' from command line to 'None'
[0.823s] Level 5:colcon.colcon_core.verb:set package 'bot_world' build argument 'cmake_target' from command line to 'None'
[0.823s] Level 5:colcon.colcon_core.verb:set package 'bot_world' build argument 'cmake_target_skip_unavailable' from command line to 'False'
[0.823s] Level 5:colcon.colcon_core.verb:set package 'bot_world' build argument 'cmake_clean_cache' from command line to 'False'
[0.823s] Level 5:colcon.colcon_core.verb:set package 'bot_world' build argument 'cmake_clean_first' from command line to 'False'
[0.823s] Level 5:colcon.colcon_core.verb:set package 'bot_world' build argument 'cmake_force_configure' from command line to 'False'
[0.823s] Level 5:colcon.colcon_core.verb:set package 'bot_world' build argument 'ament_cmake_args' from command line to 'None'
[0.823s] Level 5:colcon.colcon_core.verb:set package 'bot_world' build argument 'catkin_cmake_args' from command line to 'None'
[0.823s] Level 5:colcon.colcon_core.verb:set package 'bot_world' build argument 'catkin_skip_building_tests' from command line to 'False'
[0.823s] DEBUG:colcon.colcon_core.verb:Building package 'bot_world' with the following arguments: {'ament_cmake_args': None, 'build_base': '/home/pdey/my_learning/Ros/prakash_ws/build/bot_world', 'catkin_cmake_args': None, 'catkin_skip_building_tests': False, 'cmake_args': None, 'cmake_clean_cache': False, 'cmake_clean_first': False, 'cmake_force_configure': False, 'cmake_target': None, 'cmake_target_skip_unavailable': False, 'install_base': '/home/pdey/my_learning/Ros/prakash_ws/install/bot_world', 'merge_install': False, 'path': '/home/pdey/my_learning/Ros/prakash_ws/src/bot_world', 'symlink_install': False, 'test_result_base': None}
[0.832s] INFO:colcon.colcon_core.executor:Executing jobs using 'parallel' executor
[0.841s] DEBUG:colcon.colcon_parallel_executor.executor.parallel:run_until_complete
[0.841s] INFO:colcon.colcon_ros.task.ament_cmake.build:Building ROS package in '/home/pdey/my_learning/Ros/prakash_ws/src/bot_control' with build type 'ament_cmake'
[0.841s] INFO:colcon.colcon_cmake.task.cmake.build:Building CMake package in '/home/pdey/my_learning/Ros/prakash_ws/src/bot_control'
[0.851s] INFO:colcon.colcon_core.plugin_system:Skipping extension 'colcon_core.shell.bat': Not used on non-Windows systems
[0.851s] INFO:colcon.colcon_core.shell:Skip shell extension 'powershell' for command environment: Not usable outside of PowerShell
[0.851s] DEBUG:colcon.colcon_core.shell:Skip shell extension 'dsv' for command environment
[0.880s] INFO:colcon.colcon_ros.task.ament_cmake.build:Building ROS package in '/home/pdey/my_learning/Ros/prakash_ws/src/bot_description' with build type 'ament_cmake'
[0.880s] INFO:colcon.colcon_cmake.task.cmake.build:Building CMake package in '/home/pdey/my_learning/Ros/prakash_ws/src/bot_description'
[0.889s] INFO:colcon.colcon_core.shell:Skip shell extension 'powershell' for command environment: Not usable outside of PowerShell
[0.889s] DEBUG:colcon.colcon_core.shell:Skip shell extension 'dsv' for command environment
[0.917s] INFO:colcon.colcon_ros.task.ament_cmake.build:Building ROS package in '/home/pdey/my_learning/Ros/prakash_ws/src/bot_world' with build type 'ament_cmake'
[0.917s] INFO:colcon.colcon_cmake.task.cmake.build:Building CMake package in '/home/pdey/my_learning/Ros/prakash_ws/src/bot_world'
[0.926s] INFO:colcon.colcon_core.shell:Skip shell extension 'powershell' for command environment: Not usable outside of PowerShell
[0.926s] DEBUG:colcon.colcon_core.shell:Skip shell extension 'dsv' for command environment
[0.957s] DEBUG:colcon.colcon_core.event_handler.log_command:Invoking command in '/home/pdey/my_learning/Ros/prakash_ws/build/bot_control': CMAKE_PREFIX_PATH=${CMAKE_PREFIX_PATH}:/opt/ros/humble /usr/bin/cmake --build /home/pdey/my_learning/Ros/prakash_ws/build/bot_control -- -j16 -l16
[0.960s] DEBUG:colcon.colcon_core.event_handler.log_command:Invoking command in '/home/pdey/my_learning/Ros/prakash_ws/build/bot_description': CMAKE_PREFIX_PATH=${CMAKE_PREFIX_PATH}:/opt/ros/humble /usr/bin/cmake --build /home/pdey/my_learning/Ros/prakash_ws/build/bot_description -- -j16 -l16
[0.961s] DEBUG:colcon.colcon_core.event_handler.log_command:Invoking command in '/home/pdey/my_learning/Ros/prakash_ws/build/bot_world': CMAKE_PREFIX_PATH=${CMAKE_PREFIX_PATH}:/opt/ros/humble /usr/bin/cmake --build /home/pdey/my_learning/Ros/prakash_ws/build/bot_world -- -j16 -l16
[0.980s] DEBUG:colcon.colcon_core.event_handler.log_command:Invoked command in '/home/pdey/my_learning/Ros/prakash_ws/build/bot_description' returned '0': CMAKE_PREFIX_PATH=${CMAKE_PREFIX_PATH}:/opt/ros/humble /usr/bin/cmake --build /home/pdey/my_learning/Ros/prakash_ws/build/bot_description -- -j16 -l16
[0.981s] DEBUG:colcon.colcon_core.event_handler.log_command:Invoked command in '/home/pdey/my_learning/Ros/prakash_ws/build/bot_world' returned '0': CMAKE_PREFIX_PATH=${CMAKE_PREFIX_PATH}:/opt/ros/humble /usr/bin/cmake --build /home/pdey/my_learning/Ros/prakash_ws/build/bot_world -- -j16 -l16
[0.997s] DEBUG:colcon.colcon_core.event_handler.log_command:Invoking command in '/home/pdey/my_learning/Ros/prakash_ws/build/bot_description': CMAKE_PREFIX_PATH=${CMAKE_PREFIX_PATH}:/opt/ros/humble /usr/bin/cmake --install /home/pdey/my_learning/Ros/prakash_ws/build/bot_description
[0.998s] DEBUG:colcon.colcon_core.event_handler.log_command:Invoking command in '/home/pdey/my_learning/Ros/prakash_ws/build/bot_world': CMAKE_PREFIX_PATH=${CMAKE_PREFIX_PATH}:/opt/ros/humble /usr/bin/cmake --install /home/pdey/my_learning/Ros/prakash_ws/build/bot_world
[1.003s] Level 1:colcon.colcon_core.environment:create_environment_scripts_only(bot_description)
[1.005s] DEBUG:colcon.colcon_core.event_handler.log_command:Invoked command in '/home/pdey/my_learning/Ros/prakash_ws/build/bot_description' returned '0': CMAKE_PREFIX_PATH=${CMAKE_PREFIX_PATH}:/opt/ros/humble /usr/bin/cmake --install /home/pdey/my_learning/Ros/prakash_ws/build/bot_description
[1.015s] Level 1:colcon.colcon_core.environment:checking '/home/pdey/my_learning/Ros/prakash_ws/install/bot_description' for CMake module files
[1.016s] Level 1:colcon.colcon_core.environment:checking '/home/pdey/my_learning/Ros/prakash_ws/install/bot_description' for CMake config files
[1.016s] Level 1:colcon.colcon_core.shell:create_environment_hook('bot_description', 'cmake_prefix_path')
[1.025s] INFO:colcon.colcon_core.shell:Creating environment hook '/home/pdey/my_learning/Ros/prakash_ws/install/bot_description/share/bot_description/hook/cmake_prefix_path.ps1'
[1.025s] INFO:colcon.colcon_core.shell:Creating environment descriptor '/home/pdey/my_learning/Ros/prakash_ws/install/bot_description/share/bot_description/hook/cmake_prefix_path.dsv'
[1.025s] INFO:colcon.colcon_core.shell:Creating environment hook '/home/pdey/my_learning/Ros/prakash_ws/install/bot_description/share/bot_description/hook/cmake_prefix_path.sh'
[1.026s] Level 1:colcon.colcon_core.environment:checking '/home/pdey/my_learning/Ros/prakash_ws/install/bot_description/bin'
[1.026s] Level 1:colcon.colcon_core.environment:checking '/home/pdey/my_learning/Ros/prakash_ws/install/bot_description/lib/pkgconfig/bot_description.pc'
[1.026s] Level 1:colcon.colcon_core.environment:checking '/home/pdey/my_learning/Ros/prakash_ws/install/bot_description/lib/python3.10/site-packages'
[1.026s] Level 1:colcon.colcon_core.environment:checking '/home/pdey/my_learning/Ros/prakash_ws/install/bot_description/bin'
[1.035s] INFO:colcon.colcon_core.shell:Creating package script '/home/pdey/my_learning/Ros/prakash_ws/install/bot_description/share/bot_description/package.ps1'
[1.035s] INFO:colcon.colcon_core.shell:Creating package descriptor '/home/pdey/my_learning/Ros/prakash_ws/install/bot_description/share/bot_description/package.dsv'
[1.036s] INFO:colcon.colcon_core.shell:Creating package script '/home/pdey/my_learning/Ros/prakash_ws/install/bot_description/share/bot_description/package.sh'
[1.036s] INFO:colcon.colcon_core.shell:Creating package script '/home/pdey/my_learning/Ros/prakash_ws/install/bot_description/share/bot_description/package.bash'
[1.036s] INFO:colcon.colcon_core.shell:Creating package script '/home/pdey/my_learning/Ros/prakash_ws/install/bot_description/share/bot_description/package.zsh'
[1.037s] Level 1:colcon.colcon_core.environment:create_file_with_runtime_dependencies(/home/pdey/my_learning/Ros/prakash_ws/install/bot_description/share/colcon-core/packages/bot_description)
[1.038s] Level 1:colcon.colcon_core.environment:create_environment_scripts_only(bot_world)
[1.038s] DEBUG:colcon.colcon_core.event_handler.log_command:Invoked command in '/home/pdey/my_learning/Ros/prakash_ws/build/bot_world' returned '0': CMAKE_PREFIX_PATH=${CMAKE_PREFIX_PATH}:/opt/ros/humble /usr/bin/cmake --install /home/pdey/my_learning/Ros/prakash_ws/build/bot_world
[1.047s] Level 1:colcon.colcon_core.environment:checking '/home/pdey/my_learning/Ros/prakash_ws/install/bot_world' for CMake module files
[1.047s] Level 1:colcon.colcon_core.environment:checking '/home/pdey/my_learning/Ros/prakash_ws/install/bot_world' for CMake config files
[1.048s] Level 1:colcon.colcon_core.shell:create_environment_hook('bot_world', 'cmake_prefix_path')
[1.057s] INFO:colcon.colcon_core.shell:Creating environment hook '/home/pdey/my_learning/Ros/prakash_ws/install/bot_world/share/bot_world/hook/cmake_prefix_path.ps1'
[1.057s] INFO:colcon.colcon_core.shell:Creating environment descriptor '/home/pdey/my_learning/Ros/prakash_ws/install/bot_world/share/bot_world/hook/cmake_prefix_path.dsv'
[1.057s] INFO:colcon.colcon_core.shell:Creating environment hook '/home/pdey/my_learning/Ros/prakash_ws/install/bot_world/share/bot_world/hook/cmake_prefix_path.sh'
[1.057s] Level 1:colcon.colcon_core.environment:checking '/home/pdey/my_learning/Ros/prakash_ws/install/bot_world/bin'
[1.057s] Level 1:colcon.colcon_core.environment:checking '/home/pdey/my_learning/Ros/prakash_ws/install/bot_world/lib/pkgconfig/bot_world.pc'
[1.057s] Level 1:colcon.colcon_core.environment:checking '/home/pdey/my_learning/Ros/prakash_ws/install/bot_world/lib/python3.10/site-packages'
[1.057s] Level 1:colcon.colcon_core.environment:checking '/home/pdey/my_learning/Ros/prakash_ws/install/bot_world/bin'
[1.066s] INFO:colcon.colcon_core.shell:Creating package script '/home/pdey/my_learning/Ros/prakash_ws/install/bot_world/share/bot_world/package.ps1'
[1.067s] INFO:colcon.colcon_core.shell:Creating package descriptor '/home/pdey/my_learning/Ros/prakash_ws/install/bot_world/share/bot_world/package.dsv'
[1.067s] INFO:colcon.colcon_core.shell:Creating package script '/home/pdey/my_learning/Ros/prakash_ws/install/bot_world/share/bot_world/package.sh'
[1.067s] INFO:colcon.colcon_core.shell:Creating package script '/home/pdey/my_learning/Ros/prakash_ws/install/bot_world/share/bot_world/package.bash'
[1.067s] INFO:colcon.colcon_core.shell:Creating package script '/home/pdey/my_learning/Ros/prakash_ws/install/bot_world/share/bot_world/package.zsh'
[1.067s] Level 1:colcon.colcon_core.environment:create_file_with_runtime_dependencies(/home/pdey/my_learning/Ros/prakash_ws/install/bot_world/share/colcon-core/packages/bot_world)
[1.077s] Level 1:colcon.colcon_core.environment:create_environment_scripts_only(bot_description)
[1.087s] Level 1:colcon.colcon_core.environment:checking '/home/pdey/my_learning/Ros/prakash_ws/install/bot_description' for CMake module files
[1.087s] Level 1:colcon.colcon_core.environment:checking '/home/pdey/my_learning/Ros/prakash_ws/install/bot_description' for CMake config files
[1.087s] Level 1:colcon.colcon_core.shell:create_environment_hook('bot_description', 'cmake_prefix_path')
[1.096s] INFO:colcon.colcon_core.shell:Creating environment hook '/home/pdey/my_learning/Ros/prakash_ws/install/bot_description/share/bot_description/hook/cmake_prefix_path.ps1'
[1.096s] INFO:colcon.colcon_core.shell:Creating environment descriptor '/home/pdey/my_learning/Ros/prakash_ws/install/bot_description/share/bot_description/hook/cmake_prefix_path.dsv'
[1.096s] INFO:colcon.colcon_core.shell:Creating environment hook '/home/pdey/my_learning/Ros/prakash_ws/install/bot_description/share/bot_description/hook/cmake_prefix_path.sh'
[1.096s] Level 1:colcon.colcon_core.environment:checking '/home/pdey/my_learning/Ros/prakash_ws/install/bot_description/bin'
[1.096s] Level 1:colcon.colcon_core.environment:checking '/home/pdey/my_learning/Ros/prakash_ws/install/bot_description/lib/pkgconfig/bot_description.pc'
[1.097s] Level 1:colcon.colcon_core.environment:checking '/home/pdey/my_learning/Ros/prakash_ws/install/bot_description/lib/python3.10/site-packages'
[1.097s] Level 1:colcon.colcon_core.environment:checking '/home/pdey/my_learning/Ros/prakash_ws/install/bot_description/bin'
[1.106s] INFO:colcon.colcon_core.shell:Creating package script '/home/pdey/my_learning/Ros/prakash_ws/install/bot_description/share/bot_description/package.ps1'
[1.106s] INFO:colcon.colcon_core.shell:Creating package descriptor '/home/pdey/my_learning/Ros/prakash_ws/install/bot_description/share/bot_description/package.dsv'
[1.106s] INFO:colcon.colcon_core.shell:Creating package script '/home/pdey/my_learning/Ros/prakash_ws/install/bot_description/share/bot_description/package.sh'
[1.106s] INFO:colcon.colcon_core.shell:Creating package script '/home/pdey/my_learning/Ros/prakash_ws/install/bot_description/share/bot_description/package.bash'
[1.106s] INFO:colcon.colcon_core.shell:Creating package script '/home/pdey/my_learning/Ros/prakash_ws/install/bot_description/share/bot_description/package.zsh'
[1.107s] Level 1:colcon.colcon_core.environment:create_file_with_runtime_dependencies(/home/pdey/my_learning/Ros/prakash_ws/install/bot_description/share/colcon-core/packages/bot_description)
[1.116s] Level 1:colcon.colcon_core.environment:create_environment_scripts_only(bot_world)
[1.125s] Level 1:colcon.colcon_core.environment:checking '/home/pdey/my_learning/Ros/prakash_ws/install/bot_world' for CMake module files
[1.125s] Level 1:colcon.colcon_core.environment:checking '/home/pdey/my_learning/Ros/prakash_ws/install/bot_world' for CMake config files
[1.126s] Level 1:colcon.colcon_core.shell:create_environment_hook('bot_world', 'cmake_prefix_path')
[1.134s] INFO:colcon.colcon_core.shell:Creating environment hook '/home/pdey/my_learning/Ros/prakash_ws/install/bot_world/share/bot_world/hook/cmake_prefix_path.ps1'
[1.135s] INFO:colcon.colcon_core.shell:Creating environment descriptor '/home/pdey/my_learning/Ros/prakash_ws/install/bot_world/share/bot_world/hook/cmake_prefix_path.dsv'
[1.135s] INFO:colcon.colcon_core.shell:Creating environment hook '/home/pdey/my_learning/Ros/prakash_ws/install/bot_world/share/bot_world/hook/cmake_prefix_path.sh'
[1.135s] Level 1:colcon.colcon_core.environment:checking '/home/pdey/my_learning/Ros/prakash_ws/install/bot_world/bin'
[1.135s] Level 1:colcon.colcon_core.environment:checking '/home/pdey/my_learning/Ros/prakash_ws/install/bot_world/lib/pkgconfig/bot_world.pc'
[1.135s] Level 1:colcon.colcon_core.environment:checking '/home/pdey/my_learning/Ros/prakash_ws/install/bot_world/lib/python3.10/site-packages'
[1.135s] Level 1:colcon.colcon_core.environment:checking '/home/pdey/my_learning/Ros/prakash_ws/install/bot_world/bin'
[1.144s] INFO:colcon.colcon_core.shell:Creating package script '/home/pdey/my_learning/Ros/prakash_ws/install/bot_world/share/bot_world/package.ps1'
[1.145s] INFO:colcon.colcon_core.shell:Creating package descriptor '/home/pdey/my_learning/Ros/prakash_ws/install/bot_world/share/bot_world/package.dsv'
[1.145s] INFO:colcon.colcon_core.shell:Creating package script '/home/pdey/my_learning/Ros/prakash_ws/install/bot_world/share/bot_world/package.sh'
[1.145s] INFO:colcon.colcon_core.shell:Creating package script '/home/pdey/my_learning/Ros/prakash_ws/install/bot_world/share/bot_world/package.bash'
[1.145s] INFO:colcon.colcon_core.shell:Creating package script '/home/pdey/my_learning/Ros/prakash_ws/install/bot_world/share/bot_world/package.zsh'
[1.145s] Level 1:colcon.colcon_core.environment:create_file_with_runtime_dependencies(/home/pdey/my_learning/Ros/prakash_ws/install/bot_world/share/colcon-core/packages/bot_world)
[1.170s] DEBUG:colcon.colcon_core.event_handler.log_command:Invoked command in '/home/pdey/my_learning/Ros/prakash_ws/build/bot_control' returned '0': CMAKE_PREFIX_PATH=${CMAKE_PREFIX_PATH}:/opt/ros/humble /usr/bin/cmake --build /home/pdey/my_learning/Ros/prakash_ws/build/bot_control -- -j16 -l16
[1.185s] DEBUG:colcon.colcon_core.event_handler.log_command:Invoking command in '/home/pdey/my_learning/Ros/prakash_ws/build/bot_control': CMAKE_PREFIX_PATH=${CMAKE_PREFIX_PATH}:/opt/ros/humble /usr/bin/cmake --install /home/pdey/my_learning/Ros/prakash_ws/build/bot_control
[1.228s] Level 1:colcon.colcon_core.environment:create_environment_scripts_only(bot_control)
[1.229s] DEBUG:colcon.colcon_core.event_handler.log_command:Invoked command in '/home/pdey/my_learning/Ros/prakash_ws/build/bot_control' returned '0': CMAKE_PREFIX_PATH=${CMAKE_PREFIX_PATH}:/opt/ros/humble /usr/bin/cmake --install /home/pdey/my_learning/Ros/prakash_ws/build/bot_control
[1.238s] Level 1:colcon.colcon_core.environment:checking '/home/pdey/my_learning/Ros/prakash_ws/install/bot_control' for CMake module files
[1.238s] Level 1:colcon.colcon_core.environment:checking '/home/pdey/my_learning/Ros/prakash_ws/install/bot_control' for CMake config files
[1.238s] Level 1:colcon.colcon_core.shell:create_environment_hook('bot_control', 'cmake_prefix_path')
[1.247s] INFO:colcon.colcon_core.shell:Creating environment hook '/home/pdey/my_learning/Ros/prakash_ws/install/bot_control/share/bot_control/hook/cmake_prefix_path.ps1'
[1.248s] INFO:colcon.colcon_core.shell:Creating environment descriptor '/home/pdey/my_learning/Ros/prakash_ws/install/bot_control/share/bot_control/hook/cmake_prefix_path.dsv'
[1.248s] INFO:colcon.colcon_core.shell:Creating environment hook '/home/pdey/my_learning/Ros/prakash_ws/install/bot_control/share/bot_control/hook/cmake_prefix_path.sh'
[1.248s] Level 1:colcon.colcon_core.environment:checking '/home/pdey/my_learning/Ros/prakash_ws/install/bot_control/lib'
[1.248s] Level 1:colcon.colcon_core.environment:checking '/home/pdey/my_learning/Ros/prakash_ws/install/bot_control/bin'
[1.248s] Level 1:colcon.colcon_core.environment:checking '/home/pdey/my_learning/Ros/prakash_ws/install/bot_control/lib/pkgconfig/bot_control.pc'
[1.248s] Level 1:colcon.colcon_core.environment:checking '/home/pdey/my_learning/Ros/prakash_ws/install/bot_control/lib/python3.10/site-packages'
[1.248s] Level 1:colcon.colcon_core.environment:checking '/home/pdey/my_learning/Ros/prakash_ws/install/bot_control/bin'
[1.257s] INFO:colcon.colcon_core.shell:Creating package script '/home/pdey/my_learning/Ros/prakash_ws/install/bot_control/share/bot_control/package.ps1'
[1.257s] INFO:colcon.colcon_core.shell:Creating package descriptor '/home/pdey/my_learning/Ros/prakash_ws/install/bot_control/share/bot_control/package.dsv'
[1.258s] INFO:colcon.colcon_core.shell:Creating package script '/home/pdey/my_learning/Ros/prakash_ws/install/bot_control/share/bot_control/package.sh'
[1.258s] INFO:colcon.colcon_core.shell:Creating package script '/home/pdey/my_learning/Ros/prakash_ws/install/bot_control/share/bot_control/package.bash'
[1.258s] INFO:colcon.colcon_core.shell:Creating package script '/home/pdey/my_learning/Ros/prakash_ws/install/bot_control/share/bot_control/package.zsh'
[1.258s] Level 1:colcon.colcon_core.environment:create_file_with_runtime_dependencies(/home/pdey/my_learning/Ros/prakash_ws/install/bot_control/share/colcon-core/packages/bot_control)
[1.281s] Level 1:colcon.colcon_core.environment:create_environment_scripts_only(bot_control)
[1.290s] Level 1:colcon.colcon_core.environment:checking '/home/pdey/my_learning/Ros/prakash_ws/install/bot_control' for CMake module files
[1.290s] Level 1:colcon.colcon_core.environment:checking '/home/pdey/my_learning/Ros/prakash_ws/install/bot_control' for CMake config files
[1.290s] Level 1:colcon.colcon_core.shell:create_environment_hook('bot_control', 'cmake_prefix_path')
[1.299s] INFO:colcon.colcon_core.shell:Creating environment hook '/home/pdey/my_learning/Ros/prakash_ws/install/bot_control/share/bot_control/hook/cmake_prefix_path.ps1'
[1.299s] INFO:colcon.colcon_core.shell:Creating environment descriptor '/home/pdey/my_learning/Ros/prakash_ws/install/bot_control/share/bot_control/hook/cmake_prefix_path.dsv'
[1.300s] INFO:colcon.colcon_core.shell:Creating environment hook '/home/pdey/my_learning/Ros/prakash_ws/install/bot_control/share/bot_control/hook/cmake_prefix_path.sh'
[1.300s] Level 1:colcon.colcon_core.environment:checking '/home/pdey/my_learning/Ros/prakash_ws/install/bot_control/lib'
[1.300s] Level 1:colcon.colcon_core.environment:checking '/home/pdey/my_learning/Ros/prakash_ws/install/bot_control/bin'
[1.300s] Level 1:colcon.colcon_core.environment:checking '/home/pdey/my_learning/Ros/prakash_ws/install/bot_control/lib/pkgconfig/bot_control.pc'
[1.300s] Level 1:colcon.colcon_core.environment:checking '/home/pdey/my_learning/Ros/prakash_ws/install/bot_control/lib/python3.10/site-packages'
[1.300s] Level 1:colcon.colcon_core.environment:checking '/home/pdey/my_learning/Ros/prakash_ws/install/bot_control/bin'
[1.309s] INFO:colcon.colcon_core.shell:Creating package script '/home/pdey/my_learning/Ros/prakash_ws/install/bot_control/share/bot_control/package.ps1'
[1.309s] INFO:colcon.colcon_core.shell:Creating package descriptor '/home/pdey/my_learning/Ros/prakash_ws/install/bot_control/share/bot_control/package.dsv'
[1.309s] INFO:colcon.colcon_core.shell:Creating package script '/home/pdey/my_learning/Ros/prakash_ws/install/bot_control/share/bot_control/package.sh'
[1.310s] INFO:colcon.colcon_core.shell:Creating package script '/home/pdey/my_learning/Ros/prakash_ws/install/bot_control/share/bot_control/package.bash'
[1.310s] INFO:colcon.colcon_core.shell:Creating package script '/home/pdey/my_learning/Ros/prakash_ws/install/bot_control/share/bot_control/package.zsh'
[1.310s] Level 1:colcon.colcon_core.environment:create_file_with_runtime_dependencies(/home/pdey/my_learning/Ros/prakash_ws/install/bot_control/share/colcon-core/packages/bot_control)
[1.310s] DEBUG:colcon.colcon_parallel_executor.executor.parallel:closing loop
[1.310s] DEBUG:colcon.colcon_parallel_executor.executor.parallel:loop closed
[1.310s] DEBUG:colcon.colcon_parallel_executor.executor.parallel:run_until_complete finished with '0'
[1.310s] DEBUG:colcon.colcon_core.event_reactor:joining thread
[1.322s] INFO:colcon.colcon_core.plugin_system:Skipping extension 'colcon_notification.desktop_notification.terminal_notifier': Not used on non-Darwin systems
[1.322s] INFO:colcon.colcon_core.plugin_system:Skipping extension 'colcon_notification.desktop_notification.win32': Not used on non-Windows systems
[1.322s] INFO:colcon.colcon_notification.desktop_notification:Sending desktop notification using 'notify2'
[1.330s] DEBUG:colcon.colcon_core.event_reactor:joined thread
[1.339s] INFO:colcon.colcon_core.shell:Creating prefix script '/home/pdey/my_learning/Ros/prakash_ws/install/local_setup.ps1'
[1.339s] INFO:colcon.colcon_core.shell:Creating prefix util module '/home/pdey/my_learning/Ros/prakash_ws/install/_local_setup_util_ps1.py'
[1.340s] INFO:colcon.colcon_core.shell:Creating prefix chain script '/home/pdey/my_learning/Ros/prakash_ws/install/setup.ps1'
[1.349s] INFO:colcon.colcon_core.shell:Creating prefix script '/home/pdey/my_learning/Ros/prakash_ws/install/local_setup.sh'
[1.350s] INFO:colcon.colcon_core.shell:Creating prefix util module '/home/pdey/my_learning/Ros/prakash_ws/install/_local_setup_util_sh.py'
[1.350s] INFO:colcon.colcon_core.shell:Creating prefix chain script '/home/pdey/my_learning/Ros/prakash_ws/install/setup.sh'
[1.359s] INFO:colcon.colcon_core.shell:Creating prefix script '/home/pdey/my_learning/Ros/prakash_ws/install/local_setup.bash'
[1.360s] INFO:colcon.colcon_core.shell:Creating prefix chain script '/home/pdey/my_learning/Ros/prakash_ws/install/setup.bash'
[1.369s] INFO:colcon.colcon_core.shell:Creating prefix script '/home/pdey/my_learning/Ros/prakash_ws/install/local_setup.zsh'
[1.369s] INFO:colcon.colcon_core.shell:Creating prefix chain script '/home/pdey/my_learning/Ros/prakash_ws/install/setup.zsh'
