[0.698s] DEBUG:colcon:Command line arguments: ['/usr/bin/colcon', 'build']
[0.698s] DEBUG:colcon:Parsed command line arguments: Namespace(log_base=None, log_level=None, verb_name='build', build_base='build', install_base='install', merge_install=False, symlink_install=False, test_result_base=None, continue_on_error=False, executor='parallel', parallel_workers=16, event_handlers=None, ignore_user_meta=False, metas=['./colcon.meta'], base_paths=['.'], packages_ignore=None, packages_ignore_regex=None, paths=None, packages_up_to=None, packages_up_to_regex=None, packages_above=None, packages_above_and_dependencies=None, packages_above_depth=None, packages_select_by_dep=None, packages_skip_by_dep=None, packages_skip_up_to=None, packages_select_build_failed=False, packages_skip_build_finished=False, packages_select_test_failures=False, packages_skip_test_passed=False, packages_select=None, packages_skip=None, packages_select_regex=None, packages_skip_regex=None, packages_start=None, packages_end=None, allow_overriding=[], cmake_args=None, cmake_target=None, cmake_target_skip_unavailable=False, cmake_clean_cache=False, cmake_clean_first=False, cmake_force_configure=False, ament_cmake_args=None, catkin_cmake_args=None, catkin_skip_building_tests=False, verb_parser=<colcon_defaults.argument_parser.defaults.DefaultArgumentsDecorator object at 0x7252db3c9450>, verb_extension=<colcon_core.verb.build.BuildVerb object at 0x7252db695600>, main=<bound method BuildVerb.main of <colcon_core.verb.build.BuildVerb object at 0x7252db695600>>)
[0.728s] Level 1:colcon.colcon_core.package_discovery:discover_packages(colcon_meta) check parameters
[0.729s] Level 1:colcon.colcon_core.package_discovery:discover_packages(recursive) check parameters
[0.729s] Level 1:colcon.colcon_core.package_discovery:discover_packages(ignore) check parameters
[0.729s] Level 1:colcon.colcon_core.package_discovery:discover_packages(path) check parameters
[0.729s] Level 1:colcon.colcon_core.package_discovery:discover_packages(colcon_meta) discover
[0.729s] Level 1:colcon.colcon_core.package_discovery:discover_packages(recursive) discover
[0.729s] INFO:colcon.colcon_core.package_discovery:Crawling recursively for packages in '/home/pdey/my_learning/Ros/prakash_ws'
[0.729s] Level 1:colcon.colcon_core.package_identification:_identify(.) by extensions ['ignore', 'ignore_ament_install']
[0.729s] Level 1:colcon.colcon_core.package_identification:_identify(.) by extension 'ignore'
[0.729s] Level 1:colcon.colcon_core.package_identification:_identify(.) by extension 'ignore_ament_install'
[0.729s] Level 1:colcon.colcon_core.package_identification:_identify(.) by extensions ['colcon_pkg']
[0.729s] Level 1:colcon.colcon_core.package_identification:_identify(.) by extension 'colcon_pkg'
[0.729s] Level 1:colcon.colcon_core.package_identification:_identify(.) by extensions ['colcon_meta']
[0.729s] Level 1:colcon.colcon_core.package_identification:_identify(.) by extension 'colcon_meta'
[0.729s] Level 1:colcon.colcon_core.package_identification:_identify(.) by extensions ['ros']
[0.729s] Level 1:colcon.colcon_core.package_identification:_identify(.) by extension 'ros'
[0.736s] Level 1:colcon.colcon_core.package_identification:_identify(.) by extensions ['cmake', 'python']
[0.737s] Level 1:colcon.colcon_core.package_identification:_identify(.) by extension 'cmake'
[0.737s] Level 1:colcon.colcon_core.package_identification:_identify(.) by extension 'python'
[0.737s] Level 1:colcon.colcon_core.package_identification:_identify(.) by extensions ['python_setup_py']
[0.737s] Level 1:colcon.colcon_core.package_identification:_identify(.) by extension 'python_setup_py'
[0.737s] Level 1:colcon.colcon_core.package_identification:_identify(build) by extensions ['ignore', 'ignore_ament_install']
[0.737s] Level 1:colcon.colcon_core.package_identification:_identify(build) by extension 'ignore'
[0.737s] Level 1:colcon.colcon_core.package_identification:_identify(build) ignored
[0.737s] Level 1:colcon.colcon_core.package_identification:_identify(install) by extensions ['ignore', 'ignore_ament_install']
[0.737s] Level 1:colcon.colcon_core.package_identification:_identify(install) by extension 'ignore'
[0.737s] Level 1:colcon.colcon_core.package_identification:_identify(install) ignored
[0.737s] Level 1:colcon.colcon_core.package_identification:_identify(log) by extensions ['ignore', 'ignore_ament_install']
[0.737s] Level 1:colcon.colcon_core.package_identification:_identify(log) by extension 'ignore'
[0.737s] Level 1:colcon.colcon_core.package_identification:_identify(log) ignored
[0.737s] Level 1:colcon.colcon_core.package_identification:_identify(src) by extensions ['ignore', 'ignore_ament_install']
[0.737s] Level 1:colcon.colcon_core.package_identification:_identify(src) by extension 'ignore'
[0.737s] Level 1:colcon.colcon_core.package_identification:_identify(src) by extension 'ignore_ament_install'
[0.737s] Level 1:colcon.colcon_core.package_identification:_identify(src) by extensions ['colcon_pkg']
[0.737s] Level 1:colcon.colcon_core.package_identification:_identify(src) by extension 'colcon_pkg'
[0.737s] Level 1:colcon.colcon_core.package_identification:_identify(src) by extensions ['colcon_meta']
[0.737s] Level 1:colcon.colcon_core.package_identification:_identify(src) by extension 'colcon_meta'
[0.737s] Level 1:colcon.colcon_core.package_identification:_identify(src) by extensions ['ros']
[0.737s] Level 1:colcon.colcon_core.package_identification:_identify(src) by extension 'ros'
[0.737s] Level 1:colcon.colcon_core.package_identification:_identify(src) by extensions ['cmake', 'python']
[0.737s] Level 1:colcon.colcon_core.package_identification:_identify(src) by extension 'cmake'
[0.737s] Level 1:colcon.colcon_core.package_identification:_identify(src) by extension 'python'
[0.737s] Level 1:colcon.colcon_core.package_identification:_identify(src) by extensions ['python_setup_py']
[0.737s] Level 1:colcon.colcon_core.package_identification:_identify(src) by extension 'python_setup_py'
[0.738s] Level 1:colcon.colcon_core.package_identification:_identify(src/bot_control) by extensions ['ignore', 'ignore_ament_install']
[0.738s] Level 1:colcon.colcon_core.package_identification:_identify(src/bot_control) by extension 'ignore'
[0.738s] Level 1:colcon.colcon_core.package_identification:_identify(src/bot_control) by extension 'ignore_ament_install'
[0.738s] Level 1:colcon.colcon_core.package_identification:_identify(src/bot_control) by extensions ['colcon_pkg']
[0.738s] Level 1:colcon.colcon_core.package_identification:_identify(src/bot_control) by extension 'colcon_pkg'
[0.738s] Level 1:colcon.colcon_core.package_identification:_identify(src/bot_control) by extensions ['colcon_meta']
[0.738s] Level 1:colcon.colcon_core.package_identification:_identify(src/bot_control) by extension 'colcon_meta'
[0.738s] Level 1:colcon.colcon_core.package_identification:_identify(src/bot_control) by extensions ['ros']
[0.738s] Level 1:colcon.colcon_core.package_identification:_identify(src/bot_control) by extension 'ros'
[0.739s] DEBUG:colcon.colcon_core.package_identification:Package 'src/bot_control' with type 'ros.ament_cmake' and name 'bot_control'
[0.740s] Level 1:colcon.colcon_core.package_identification:_identify(src/bot_description) by extensions ['ignore', 'ignore_ament_install']
[0.740s] Level 1:colcon.colcon_core.package_identification:_identify(src/bot_description) by extension 'ignore'
[0.740s] Level 1:colcon.colcon_core.package_identification:_identify(src/bot_description) by extension 'ignore_ament_install'
[0.740s] Level 1:colcon.colcon_core.package_identification:_identify(src/bot_description) by extensions ['colcon_pkg']
[0.740s] Level 1:colcon.colcon_core.package_identification:_identify(src/bot_description) by extension 'colcon_pkg'
[0.740s] Level 1:colcon.colcon_core.package_identification:_identify(src/bot_description) by extensions ['colcon_meta']
[0.740s] Level 1:colcon.colcon_core.package_identification:_identify(src/bot_description) by extension 'colcon_meta'
[0.740s] Level 1:colcon.colcon_core.package_identification:_identify(src/bot_description) by extensions ['ros']
[0.740s] Level 1:colcon.colcon_core.package_identification:_identify(src/bot_description) by extension 'ros'
[0.740s] DEBUG:colcon.colcon_core.package_identification:Package 'src/bot_description' with type 'ros.ament_cmake' and name 'bot_description'
[0.740s] Level 1:colcon.colcon_core.package_identification:_identify(src/bot_world) by extensions ['ignore', 'ignore_ament_install']
[0.740s] Level 1:colcon.colcon_core.package_identification:_identify(src/bot_world) by extension 'ignore'
[0.740s] Level 1:colcon.colcon_core.package_identification:_identify(src/bot_world) by extension 'ignore_ament_install'
[0.740s] Level 1:colcon.colcon_core.package_identification:_identify(src/bot_world) by extensions ['colcon_pkg']
[0.740s] Level 1:colcon.colcon_core.package_identification:_identify(src/bot_world) by extension 'colcon_pkg'
[0.740s] Level 1:colcon.colcon_core.package_identification:_identify(src/bot_world) by extensions ['colcon_meta']
[0.740s] Level 1:colcon.colcon_core.package_identification:_identify(src/bot_world) by extension 'colcon_meta'
[0.740s] Level 1:colcon.colcon_core.package_identification:_identify(src/bot_world) by extensions ['ros']
[0.740s] Level 1:colcon.colcon_core.package_identification:_identify(src/bot_world) by extension 'ros'
[0.741s] DEBUG:colcon.colcon_core.package_identification:Package 'src/bot_world' with type 'ros.ament_cmake' and name 'bot_world'
[0.741s] Level 1:colcon.colcon_core.package_discovery:discover_packages(recursive) using defaults
[0.741s] Level 1:colcon.colcon_core.package_discovery:discover_packages(ignore) discover
[0.741s] Level 1:colcon.colcon_core.package_discovery:discover_packages(ignore) using defaults
[0.741s] Level 1:colcon.colcon_core.package_discovery:discover_packages(path) discover
[0.741s] Level 1:colcon.colcon_core.package_discovery:discover_packages(path) using defaults
[0.803s] Level 1:colcon.colcon_core.package_discovery:discover_packages(prefix_path) check parameters
[0.803s] Level 1:colcon.colcon_core.package_discovery:discover_packages(prefix_path) discover
[0.823s] DEBUG:colcon.colcon_installed_package_information.package_discovery:Found 3 installed packages in /home/pdey/my_learning/Ros/prakash_ws/install
[0.839s] DEBUG:colcon.colcon_installed_package_information.package_discovery:Found 390 installed packages in /opt/ros/humble
[0.840s] Level 1:colcon.colcon_core.package_discovery:discover_packages(prefix_path) using defaults
[0.909s] Level 5:colcon.colcon_core.verb:set package 'bot_control' build argument 'cmake_args' from command line to 'None'
[0.909s] Level 5:colcon.colcon_core.verb:set package 'bot_control' build argument 'cmake_target' from command line to 'None'
[0.909s] Level 5:colcon.colcon_core.verb:set package 'bot_control' build argument 'cmake_target_skip_unavailable' from command line to 'False'
[0.909s] Level 5:colcon.colcon_core.verb:set package 'bot_control' build argument 'cmake_clean_cache' from command line to 'False'
[0.909s] Level 5:colcon.colcon_core.verb:set package 'bot_control' build argument 'cmake_clean_first' from command line to 'False'
[0.909s] Level 5:colcon.colcon_core.verb:set package 'bot_control' build argument 'cmake_force_configure' from command line to 'False'
[0.909s] Level 5:colcon.colcon_core.verb:set package 'bot_control' build argument 'ament_cmake_args' from command line to 'None'
[0.909s] Level 5:colcon.colcon_core.verb:set package 'bot_control' build argument 'catkin_cmake_args' from command line to 'None'
[0.909s] Level 5:colcon.colcon_core.verb:set package 'bot_control' build argument 'catkin_skip_building_tests' from command line to 'False'
[0.909s] DEBUG:colcon.colcon_core.verb:Building package 'bot_control' with the following arguments: {'ament_cmake_args': None, 'build_base': '/home/pdey/my_learning/Ros/prakash_ws/build/bot_control', 'catkin_cmake_args': None, 'catkin_skip_building_tests': False, 'cmake_args': None, 'cmake_clean_cache': False, 'cmake_clean_first': False, 'cmake_force_configure': False, 'cmake_target': None, 'cmake_target_skip_unavailable': False, 'install_base': '/home/pdey/my_learning/Ros/prakash_ws/install/bot_control', 'merge_install': False, 'path': '/home/pdey/my_learning/Ros/prakash_ws/src/bot_control', 'symlink_install': False, 'test_result_base': None}
[0.919s] Level 5:colcon.colcon_core.verb:set package 'bot_description' build argument 'cmake_args' from command line to 'None'
[0.919s] Level 5:colcon.colcon_core.verb:set package 'bot_description' build argument 'cmake_target' from command line to 'None'
[0.919s] Level 5:colcon.colcon_core.verb:set package 'bot_description' build argument 'cmake_target_skip_unavailable' from command line to 'False'
[0.919s] Level 5:colcon.colcon_core.verb:set package 'bot_description' build argument 'cmake_clean_cache' from command line to 'False'
[0.919s] Level 5:colcon.colcon_core.verb:set package 'bot_description' build argument 'cmake_clean_first' from command line to 'False'
[0.919s] Level 5:colcon.colcon_core.verb:set package 'bot_description' build argument 'cmake_force_configure' from command line to 'False'
[0.919s] Level 5:colcon.colcon_core.verb:set package 'bot_description' build argument 'ament_cmake_args' from command line to 'None'
[0.919s] Level 5:colcon.colcon_core.verb:set package 'bot_description' build argument 'catkin_cmake_args' from command line to 'None'
[0.919s] Level 5:colcon.colcon_core.verb:set package 'bot_description' build argument 'catkin_skip_building_tests' from command line to 'False'
[0.919s] DEBUG:colcon.colcon_core.verb:Building package 'bot_description' with the following arguments: {'ament_cmake_args': None, 'build_base': '/home/pdey/my_learning/Ros/prakash_ws/build/bot_description', 'catkin_cmake_args': None, 'catkin_skip_building_tests': False, 'cmake_args': None, 'cmake_clean_cache': False, 'cmake_clean_first': False, 'cmake_force_configure': False, 'cmake_target': None, 'cmake_target_skip_unavailable': False, 'install_base': '/home/pdey/my_learning/Ros/prakash_ws/install/bot_description', 'merge_install': False, 'path': '/home/pdey/my_learning/Ros/prakash_ws/src/bot_description', 'symlink_install': False, 'test_result_base': None}
[0.929s] Level 5:colcon.colcon_core.verb:set package 'bot_world' build argument 'cmake_args' from command line to 'None'
[0.929s] Level 5:colcon.colcon_core.verb:set package 'bot_world' build argument 'cmake_target' from command line to 'None'
[0.929s] Level 5:colcon.colcon_core.verb:set package 'bot_world' build argument 'cmake_target_skip_unavailable' from command line to 'False'
[0.929s] Level 5:colcon.colcon_core.verb:set package 'bot_world' build argument 'cmake_clean_cache' from command line to 'False'
[0.929s] Level 5:colcon.colcon_core.verb:set package 'bot_world' build argument 'cmake_clean_first' from command line to 'False'
[0.929s] Level 5:colcon.colcon_core.verb:set package 'bot_world' build argument 'cmake_force_configure' from command line to 'False'
[0.929s] Level 5:colcon.colcon_core.verb:set package 'bot_world' build argument 'ament_cmake_args' from command line to 'None'
[0.929s] Level 5:colcon.colcon_core.verb:set package 'bot_world' build argument 'catkin_cmake_args' from command line to 'None'
[0.929s] Level 5:colcon.colcon_core.verb:set package 'bot_world' build argument 'catkin_skip_building_tests' from command line to 'False'
[0.929s] DEBUG:colcon.colcon_core.verb:Building package 'bot_world' with the following arguments: {'ament_cmake_args': None, 'build_base': '/home/pdey/my_learning/Ros/prakash_ws/build/bot_world', 'catkin_cmake_args': None, 'catkin_skip_building_tests': False, 'cmake_args': None, 'cmake_clean_cache': False, 'cmake_clean_first': False, 'cmake_force_configure': False, 'cmake_target': None, 'cmake_target_skip_unavailable': False, 'install_base': '/home/pdey/my_learning/Ros/prakash_ws/install/bot_world', 'merge_install': False, 'path': '/home/pdey/my_learning/Ros/prakash_ws/src/bot_world', 'symlink_install': False, 'test_result_base': None}
[0.938s] INFO:colcon.colcon_core.executor:Executing jobs using 'parallel' executor
[0.949s] DEBUG:colcon.colcon_parallel_executor.executor.parallel:run_until_complete
[0.949s] INFO:colcon.colcon_ros.task.ament_cmake.build:Building ROS package in '/home/pdey/my_learning/Ros/prakash_ws/src/bot_control' with build type 'ament_cmake'
[0.949s] INFO:colcon.colcon_cmake.task.cmake.build:Building CMake package in '/home/pdey/my_learning/Ros/prakash_ws/src/bot_control'
[0.961s] INFO:colcon.colcon_core.plugin_system:Skipping extension 'colcon_core.shell.bat': Not used on non-Windows systems
[0.961s] INFO:colcon.colcon_core.shell:Skip shell extension 'powershell' for command environment: Not usable outside of PowerShell
[0.961s] DEBUG:colcon.colcon_core.shell:Skip shell extension 'dsv' for command environment
[0.996s] INFO:colcon.colcon_ros.task.ament_cmake.build:Building ROS package in '/home/pdey/my_learning/Ros/prakash_ws/src/bot_description' with build type 'ament_cmake'
[0.996s] INFO:colcon.colcon_cmake.task.cmake.build:Building CMake package in '/home/pdey/my_learning/Ros/prakash_ws/src/bot_description'
[1.007s] INFO:colcon.colcon_core.shell:Skip shell extension 'powershell' for command environment: Not usable outside of PowerShell
[1.007s] DEBUG:colcon.colcon_core.shell:Skip shell extension 'dsv' for command environment
[1.041s] INFO:colcon.colcon_ros.task.ament_cmake.build:Building ROS package in '/home/pdey/my_learning/Ros/prakash_ws/src/bot_world' with build type 'ament_cmake'
[1.042s] INFO:colcon.colcon_cmake.task.cmake.build:Building CMake package in '/home/pdey/my_learning/Ros/prakash_ws/src/bot_world'
[1.053s] INFO:colcon.colcon_core.shell:Skip shell extension 'powershell' for command environment: Not usable outside of PowerShell
[1.053s] DEBUG:colcon.colcon_core.shell:Skip shell extension 'dsv' for command environment
[1.094s] DEBUG:colcon.colcon_core.event_handler.log_command:Invoking command in '/home/pdey/my_learning/Ros/prakash_ws/build/bot_control': CMAKE_PREFIX_PATH=${CMAKE_PREFIX_PATH}:/opt/ros/humble /usr/bin/cmake --build /home/pdey/my_learning/Ros/prakash_ws/build/bot_control -- -j16 -l16
[1.096s] DEBUG:colcon.colcon_core.event_handler.log_command:Invoking command in '/home/pdey/my_learning/Ros/prakash_ws/build/bot_description': CMAKE_PREFIX_PATH=${CMAKE_PREFIX_PATH}:/opt/ros/humble /usr/bin/cmake --build /home/pdey/my_learning/Ros/prakash_ws/build/bot_description -- -j16 -l16
[1.100s] DEBUG:colcon.colcon_core.event_handler.log_command:Invoking command in '/home/pdey/my_learning/Ros/prakash_ws/build/bot_world': CMAKE_PREFIX_PATH=${CMAKE_PREFIX_PATH}:/opt/ros/humble /usr/bin/cmake --build /home/pdey/my_learning/Ros/prakash_ws/build/bot_world -- -j16 -l16
[1.128s] DEBUG:colcon.colcon_core.event_handler.log_command:Invoked command in '/home/pdey/my_learning/Ros/prakash_ws/build/bot_description' returned '0': CMAKE_PREFIX_PATH=${CMAKE_PREFIX_PATH}:/opt/ros/humble /usr/bin/cmake --build /home/pdey/my_learning/Ros/prakash_ws/build/bot_description -- -j16 -l16
[1.132s] DEBUG:colcon.colcon_core.event_handler.log_command:Invoked command in '/home/pdey/my_learning/Ros/prakash_ws/build/bot_world' returned '0': CMAKE_PREFIX_PATH=${CMAKE_PREFIX_PATH}:/opt/ros/humble /usr/bin/cmake --build /home/pdey/my_learning/Ros/prakash_ws/build/bot_world -- -j16 -l16
[1.160s] DEBUG:colcon.colcon_core.event_handler.log_command:Invoking command in '/home/pdey/my_learning/Ros/prakash_ws/build/bot_description': CMAKE_PREFIX_PATH=${CMAKE_PREFIX_PATH}:/opt/ros/humble /usr/bin/cmake --install /home/pdey/my_learning/Ros/prakash_ws/build/bot_description
[1.162s] DEBUG:colcon.colcon_core.event_handler.log_command:Invoking command in '/home/pdey/my_learning/Ros/prakash_ws/build/bot_world': CMAKE_PREFIX_PATH=${CMAKE_PREFIX_PATH}:/opt/ros/humble /usr/bin/cmake --install /home/pdey/my_learning/Ros/prakash_ws/build/bot_world
[1.170s] Level 1:colcon.colcon_core.environment:create_environment_scripts_only(bot_description)
[1.173s] DEBUG:colcon.colcon_core.event_handler.log_command:Invoked command in '/home/pdey/my_learning/Ros/prakash_ws/build/bot_description' returned '0': CMAKE_PREFIX_PATH=${CMAKE_PREFIX_PATH}:/opt/ros/humble /usr/bin/cmake --install /home/pdey/my_learning/Ros/prakash_ws/build/bot_description
[1.188s] Level 1:colcon.colcon_core.environment:checking '/home/pdey/my_learning/Ros/prakash_ws/install/bot_description' for CMake module files
[1.188s] Level 1:colcon.colcon_core.environment:checking '/home/pdey/my_learning/Ros/prakash_ws/install/bot_description' for CMake config files
[1.188s] Level 1:colcon.colcon_core.shell:create_environment_hook('bot_description', 'cmake_prefix_path')
[1.200s] INFO:colcon.colcon_core.shell:Creating environment hook '/home/pdey/my_learning/Ros/prakash_ws/install/bot_description/share/bot_description/hook/cmake_prefix_path.ps1'
[1.201s] INFO:colcon.colcon_core.shell:Creating environment descriptor '/home/pdey/my_learning/Ros/prakash_ws/install/bot_description/share/bot_description/hook/cmake_prefix_path.dsv'
[1.201s] INFO:colcon.colcon_core.shell:Creating environment hook '/home/pdey/my_learning/Ros/prakash_ws/install/bot_description/share/bot_description/hook/cmake_prefix_path.sh'
[1.202s] Level 1:colcon.colcon_core.environment:checking '/home/pdey/my_learning/Ros/prakash_ws/install/bot_description/bin'
[1.202s] Level 1:colcon.colcon_core.environment:checking '/home/pdey/my_learning/Ros/prakash_ws/install/bot_description/lib/pkgconfig/bot_description.pc'
[1.202s] Level 1:colcon.colcon_core.environment:checking '/home/pdey/my_learning/Ros/prakash_ws/install/bot_description/lib/python3.10/site-packages'
[1.202s] Level 1:colcon.colcon_core.environment:checking '/home/pdey/my_learning/Ros/prakash_ws/install/bot_description/bin'
[1.213s] INFO:colcon.colcon_core.shell:Creating package script '/home/pdey/my_learning/Ros/prakash_ws/install/bot_description/share/bot_description/package.ps1'
[1.214s] INFO:colcon.colcon_core.shell:Creating package descriptor '/home/pdey/my_learning/Ros/prakash_ws/install/bot_description/share/bot_description/package.dsv'
[1.214s] INFO:colcon.colcon_core.shell:Creating package script '/home/pdey/my_learning/Ros/prakash_ws/install/bot_description/share/bot_description/package.sh'
[1.215s] INFO:colcon.colcon_core.shell:Creating package script '/home/pdey/my_learning/Ros/prakash_ws/install/bot_description/share/bot_description/package.bash'
[1.215s] INFO:colcon.colcon_core.shell:Creating package script '/home/pdey/my_learning/Ros/prakash_ws/install/bot_description/share/bot_description/package.zsh'
[1.216s] Level 1:colcon.colcon_core.environment:create_file_with_runtime_dependencies(/home/pdey/my_learning/Ros/prakash_ws/install/bot_description/share/colcon-core/packages/bot_description)
[1.217s] Level 1:colcon.colcon_core.environment:create_environment_scripts_only(bot_world)
[1.218s] DEBUG:colcon.colcon_core.event_handler.log_command:Invoked command in '/home/pdey/my_learning/Ros/prakash_ws/build/bot_world' returned '0': CMAKE_PREFIX_PATH=${CMAKE_PREFIX_PATH}:/opt/ros/humble /usr/bin/cmake --install /home/pdey/my_learning/Ros/prakash_ws/build/bot_world
[1.231s] Level 1:colcon.colcon_core.environment:checking '/home/pdey/my_learning/Ros/prakash_ws/install/bot_world' for CMake module files
[1.232s] Level 1:colcon.colcon_core.environment:checking '/home/pdey/my_learning/Ros/prakash_ws/install/bot_world' for CMake config files
[1.232s] Level 1:colcon.colcon_core.shell:create_environment_hook('bot_world', 'cmake_prefix_path')
[1.245s] INFO:colcon.colcon_core.shell:Creating environment hook '/home/pdey/my_learning/Ros/prakash_ws/install/bot_world/share/bot_world/hook/cmake_prefix_path.ps1'
[1.246s] INFO:colcon.colcon_core.shell:Creating environment descriptor '/home/pdey/my_learning/Ros/prakash_ws/install/bot_world/share/bot_world/hook/cmake_prefix_path.dsv'
[1.246s] INFO:colcon.colcon_core.shell:Creating environment hook '/home/pdey/my_learning/Ros/prakash_ws/install/bot_world/share/bot_world/hook/cmake_prefix_path.sh'
[1.246s] Level 1:colcon.colcon_core.environment:checking '/home/pdey/my_learning/Ros/prakash_ws/install/bot_world/bin'
[1.246s] Level 1:colcon.colcon_core.environment:checking '/home/pdey/my_learning/Ros/prakash_ws/install/bot_world/lib/pkgconfig/bot_world.pc'
[1.247s] Level 1:colcon.colcon_core.environment:checking '/home/pdey/my_learning/Ros/prakash_ws/install/bot_world/lib/python3.10/site-packages'
[1.247s] Level 1:colcon.colcon_core.environment:checking '/home/pdey/my_learning/Ros/prakash_ws/install/bot_world/bin'
[1.259s] INFO:colcon.colcon_core.shell:Creating package script '/home/pdey/my_learning/Ros/prakash_ws/install/bot_world/share/bot_world/package.ps1'
[1.259s] INFO:colcon.colcon_core.shell:Creating package descriptor '/home/pdey/my_learning/Ros/prakash_ws/install/bot_world/share/bot_world/package.dsv'
[1.260s] INFO:colcon.colcon_core.shell:Creating package script '/home/pdey/my_learning/Ros/prakash_ws/install/bot_world/share/bot_world/package.sh'
[1.260s] INFO:colcon.colcon_core.shell:Creating package script '/home/pdey/my_learning/Ros/prakash_ws/install/bot_world/share/bot_world/package.bash'
[1.260s] INFO:colcon.colcon_core.shell:Creating package script '/home/pdey/my_learning/Ros/prakash_ws/install/bot_world/share/bot_world/package.zsh'
[1.260s] Level 1:colcon.colcon_core.environment:create_file_with_runtime_dependencies(/home/pdey/my_learning/Ros/prakash_ws/install/bot_world/share/colcon-core/packages/bot_world)
[1.275s] Level 1:colcon.colcon_core.environment:create_environment_scripts_only(bot_description)
[1.289s] Level 1:colcon.colcon_core.environment:checking '/home/pdey/my_learning/Ros/prakash_ws/install/bot_description' for CMake module files
[1.290s] Level 1:colcon.colcon_core.environment:checking '/home/pdey/my_learning/Ros/prakash_ws/install/bot_description' for CMake config files
[1.290s] Level 1:colcon.colcon_core.shell:create_environment_hook('bot_description', 'cmake_prefix_path')
[1.302s] INFO:colcon.colcon_core.shell:Creating environment hook '/home/pdey/my_learning/Ros/prakash_ws/install/bot_description/share/bot_description/hook/cmake_prefix_path.ps1'
[1.302s] INFO:colcon.colcon_core.shell:Creating environment descriptor '/home/pdey/my_learning/Ros/prakash_ws/install/bot_description/share/bot_description/hook/cmake_prefix_path.dsv'
[1.303s] INFO:colcon.colcon_core.shell:Creating environment hook '/home/pdey/my_learning/Ros/prakash_ws/install/bot_description/share/bot_description/hook/cmake_prefix_path.sh'
[1.303s] Level 1:colcon.colcon_core.environment:checking '/home/pdey/my_learning/Ros/prakash_ws/install/bot_description/bin'
[1.303s] Level 1:colcon.colcon_core.environment:checking '/home/pdey/my_learning/Ros/prakash_ws/install/bot_description/lib/pkgconfig/bot_description.pc'
[1.303s] Level 1:colcon.colcon_core.environment:checking '/home/pdey/my_learning/Ros/prakash_ws/install/bot_description/lib/python3.10/site-packages'
[1.303s] Level 1:colcon.colcon_core.environment:checking '/home/pdey/my_learning/Ros/prakash_ws/install/bot_description/bin'
[1.315s] INFO:colcon.colcon_core.shell:Creating package script '/home/pdey/my_learning/Ros/prakash_ws/install/bot_description/share/bot_description/package.ps1'
[1.315s] INFO:colcon.colcon_core.shell:Creating package descriptor '/home/pdey/my_learning/Ros/prakash_ws/install/bot_description/share/bot_description/package.dsv'
[1.316s] INFO:colcon.colcon_core.shell:Creating package script '/home/pdey/my_learning/Ros/prakash_ws/install/bot_description/share/bot_description/package.sh'
[1.316s] INFO:colcon.colcon_core.shell:Creating package script '/home/pdey/my_learning/Ros/prakash_ws/install/bot_description/share/bot_description/package.bash'
[1.316s] INFO:colcon.colcon_core.shell:Creating package script '/home/pdey/my_learning/Ros/prakash_ws/install/bot_description/share/bot_description/package.zsh'
[1.316s] Level 1:colcon.colcon_core.environment:create_file_with_runtime_dependencies(/home/pdey/my_learning/Ros/prakash_ws/install/bot_description/share/colcon-core/packages/bot_description)
[1.330s] Level 1:colcon.colcon_core.environment:create_environment_scripts_only(bot_world)
[1.341s] Level 1:colcon.colcon_core.environment:checking '/home/pdey/my_learning/Ros/prakash_ws/install/bot_world' for CMake module files
[1.341s] Level 1:colcon.colcon_core.environment:checking '/home/pdey/my_learning/Ros/prakash_ws/install/bot_world' for CMake config files
[1.342s] Level 1:colcon.colcon_core.shell:create_environment_hook('bot_world', 'cmake_prefix_path')
[1.355s] INFO:colcon.colcon_core.shell:Creating environment hook '/home/pdey/my_learning/Ros/prakash_ws/install/bot_world/share/bot_world/hook/cmake_prefix_path.ps1'
[1.355s] INFO:colcon.colcon_core.shell:Creating environment descriptor '/home/pdey/my_learning/Ros/prakash_ws/install/bot_world/share/bot_world/hook/cmake_prefix_path.dsv'
[1.355s] INFO:colcon.colcon_core.shell:Creating environment hook '/home/pdey/my_learning/Ros/prakash_ws/install/bot_world/share/bot_world/hook/cmake_prefix_path.sh'
[1.356s] Level 1:colcon.colcon_core.environment:checking '/home/pdey/my_learning/Ros/prakash_ws/install/bot_world/bin'
[1.356s] Level 1:colcon.colcon_core.environment:checking '/home/pdey/my_learning/Ros/prakash_ws/install/bot_world/lib/pkgconfig/bot_world.pc'
[1.356s] Level 1:colcon.colcon_core.environment:checking '/home/pdey/my_learning/Ros/prakash_ws/install/bot_world/lib/python3.10/site-packages'
[1.356s] Level 1:colcon.colcon_core.environment:checking '/home/pdey/my_learning/Ros/prakash_ws/install/bot_world/bin'
[1.371s] INFO:colcon.colcon_core.shell:Creating package script '/home/pdey/my_learning/Ros/prakash_ws/install/bot_world/share/bot_world/package.ps1'
[1.371s] INFO:colcon.colcon_core.shell:Creating package descriptor '/home/pdey/my_learning/Ros/prakash_ws/install/bot_world/share/bot_world/package.dsv'
[1.371s] INFO:colcon.colcon_core.shell:Creating package script '/home/pdey/my_learning/Ros/prakash_ws/install/bot_world/share/bot_world/package.sh'
[1.372s] INFO:colcon.colcon_core.shell:Creating package script '/home/pdey/my_learning/Ros/prakash_ws/install/bot_world/share/bot_world/package.bash'
[1.372s] INFO:colcon.colcon_core.shell:Creating package script '/home/pdey/my_learning/Ros/prakash_ws/install/bot_world/share/bot_world/package.zsh'
[1.372s] Level 1:colcon.colcon_core.environment:create_file_with_runtime_dependencies(/home/pdey/my_learning/Ros/prakash_ws/install/bot_world/share/colcon-core/packages/bot_world)
[1.398s] DEBUG:colcon.colcon_core.event_handler.log_command:Invoked command in '/home/pdey/my_learning/Ros/prakash_ws/build/bot_control' returned '0': CMAKE_PREFIX_PATH=${CMAKE_PREFIX_PATH}:/opt/ros/humble /usr/bin/cmake --build /home/pdey/my_learning/Ros/prakash_ws/build/bot_control -- -j16 -l16
[1.425s] DEBUG:colcon.colcon_core.event_handler.log_command:Invoking command in '/home/pdey/my_learning/Ros/prakash_ws/build/bot_control': CMAKE_PREFIX_PATH=${CMAKE_PREFIX_PATH}:/opt/ros/humble /usr/bin/cmake --install /home/pdey/my_learning/Ros/prakash_ws/build/bot_control
[1.468s] Level 1:colcon.colcon_core.environment:create_environment_scripts_only(bot_control)
[1.468s] DEBUG:colcon.colcon_core.event_handler.log_command:Invoked command in '/home/pdey/my_learning/Ros/prakash_ws/build/bot_control' returned '0': CMAKE_PREFIX_PATH=${CMAKE_PREFIX_PATH}:/opt/ros/humble /usr/bin/cmake --install /home/pdey/my_learning/Ros/prakash_ws/build/bot_control
[1.480s] Level 1:colcon.colcon_core.environment:checking '/home/pdey/my_learning/Ros/prakash_ws/install/bot_control' for CMake module files
[1.481s] Level 1:colcon.colcon_core.environment:checking '/home/pdey/my_learning/Ros/prakash_ws/install/bot_control' for CMake config files
[1.481s] Level 1:colcon.colcon_core.shell:create_environment_hook('bot_control', 'cmake_prefix_path')
[1.492s] INFO:colcon.colcon_core.shell:Creating environment hook '/home/pdey/my_learning/Ros/prakash_ws/install/bot_control/share/bot_control/hook/cmake_prefix_path.ps1'
[1.492s] INFO:colcon.colcon_core.shell:Creating environment descriptor '/home/pdey/my_learning/Ros/prakash_ws/install/bot_control/share/bot_control/hook/cmake_prefix_path.dsv'
[1.492s] INFO:colcon.colcon_core.shell:Creating environment hook '/home/pdey/my_learning/Ros/prakash_ws/install/bot_control/share/bot_control/hook/cmake_prefix_path.sh'
[1.493s] Level 1:colcon.colcon_core.environment:checking '/home/pdey/my_learning/Ros/prakash_ws/install/bot_control/lib'
[1.493s] Level 1:colcon.colcon_core.environment:checking '/home/pdey/my_learning/Ros/prakash_ws/install/bot_control/bin'
[1.493s] Level 1:colcon.colcon_core.environment:checking '/home/pdey/my_learning/Ros/prakash_ws/install/bot_control/lib/pkgconfig/bot_control.pc'
[1.493s] Level 1:colcon.colcon_core.environment:checking '/home/pdey/my_learning/Ros/prakash_ws/install/bot_control/lib/python3.10/site-packages'
[1.493s] Level 1:colcon.colcon_core.environment:checking '/home/pdey/my_learning/Ros/prakash_ws/install/bot_control/bin'
[1.503s] INFO:colcon.colcon_core.shell:Creating package script '/home/pdey/my_learning/Ros/prakash_ws/install/bot_control/share/bot_control/package.ps1'
[1.503s] INFO:colcon.colcon_core.shell:Creating package descriptor '/home/pdey/my_learning/Ros/prakash_ws/install/bot_control/share/bot_control/package.dsv'
[1.503s] INFO:colcon.colcon_core.shell:Creating package script '/home/pdey/my_learning/Ros/prakash_ws/install/bot_control/share/bot_control/package.sh'
[1.504s] INFO:colcon.colcon_core.shell:Creating package script '/home/pdey/my_learning/Ros/prakash_ws/install/bot_control/share/bot_control/package.bash'
[1.504s] INFO:colcon.colcon_core.shell:Creating package script '/home/pdey/my_learning/Ros/prakash_ws/install/bot_control/share/bot_control/package.zsh'
[1.504s] Level 1:colcon.colcon_core.environment:create_file_with_runtime_dependencies(/home/pdey/my_learning/Ros/prakash_ws/install/bot_control/share/colcon-core/packages/bot_control)
[1.549s] Level 1:colcon.colcon_core.environment:create_environment_scripts_only(bot_control)
[1.560s] Level 1:colcon.colcon_core.environment:checking '/home/pdey/my_learning/Ros/prakash_ws/install/bot_control' for CMake module files
[1.560s] Level 1:colcon.colcon_core.environment:checking '/home/pdey/my_learning/Ros/prakash_ws/install/bot_control' for CMake config files
[1.560s] Level 1:colcon.colcon_core.shell:create_environment_hook('bot_control', 'cmake_prefix_path')
[1.571s] INFO:colcon.colcon_core.shell:Creating environment hook '/home/pdey/my_learning/Ros/prakash_ws/install/bot_control/share/bot_control/hook/cmake_prefix_path.ps1'
[1.571s] INFO:colcon.colcon_core.shell:Creating environment descriptor '/home/pdey/my_learning/Ros/prakash_ws/install/bot_control/share/bot_control/hook/cmake_prefix_path.dsv'
[1.571s] INFO:colcon.colcon_core.shell:Creating environment hook '/home/pdey/my_learning/Ros/prakash_ws/install/bot_control/share/bot_control/hook/cmake_prefix_path.sh'
[1.572s] Level 1:colcon.colcon_core.environment:checking '/home/pdey/my_learning/Ros/prakash_ws/install/bot_control/lib'
[1.572s] Level 1:colcon.colcon_core.environment:checking '/home/pdey/my_learning/Ros/prakash_ws/install/bot_control/bin'
[1.572s] Level 1:colcon.colcon_core.environment:checking '/home/pdey/my_learning/Ros/prakash_ws/install/bot_control/lib/pkgconfig/bot_control.pc'
[1.572s] Level 1:colcon.colcon_core.environment:checking '/home/pdey/my_learning/Ros/prakash_ws/install/bot_control/lib/python3.10/site-packages'
[1.572s] Level 1:colcon.colcon_core.environment:checking '/home/pdey/my_learning/Ros/prakash_ws/install/bot_control/bin'
[1.584s] INFO:colcon.colcon_core.shell:Creating package script '/home/pdey/my_learning/Ros/prakash_ws/install/bot_control/share/bot_control/package.ps1'
[1.584s] INFO:colcon.colcon_core.shell:Creating package descriptor '/home/pdey/my_learning/Ros/prakash_ws/install/bot_control/share/bot_control/package.dsv'
[1.584s] INFO:colcon.colcon_core.shell:Creating package script '/home/pdey/my_learning/Ros/prakash_ws/install/bot_control/share/bot_control/package.sh'
[1.585s] INFO:colcon.colcon_core.shell:Creating package script '/home/pdey/my_learning/Ros/prakash_ws/install/bot_control/share/bot_control/package.bash'
[1.585s] INFO:colcon.colcon_core.shell:Creating package script '/home/pdey/my_learning/Ros/prakash_ws/install/bot_control/share/bot_control/package.zsh'
[1.585s] Level 1:colcon.colcon_core.environment:create_file_with_runtime_dependencies(/home/pdey/my_learning/Ros/prakash_ws/install/bot_control/share/colcon-core/packages/bot_control)
[1.585s] DEBUG:colcon.colcon_parallel_executor.executor.parallel:closing loop
[1.586s] DEBUG:colcon.colcon_parallel_executor.executor.parallel:loop closed
[1.586s] DEBUG:colcon.colcon_parallel_executor.executor.parallel:run_until_complete finished with '0'
[1.586s] DEBUG:colcon.colcon_core.event_reactor:joining thread
[1.600s] INFO:colcon.colcon_core.plugin_system:Skipping extension 'colcon_notification.desktop_notification.terminal_notifier': Not used on non-Darwin systems
[1.600s] INFO:colcon.colcon_core.plugin_system:Skipping extension 'colcon_notification.desktop_notification.win32': Not used on non-Windows systems
[1.600s] INFO:colcon.colcon_notification.desktop_notification:Sending desktop notification using 'notify2'
[1.612s] DEBUG:colcon.colcon_core.event_reactor:joined thread
[1.624s] INFO:colcon.colcon_core.shell:Creating prefix script '/home/pdey/my_learning/Ros/prakash_ws/install/local_setup.ps1'
[1.625s] INFO:colcon.colcon_core.shell:Creating prefix util module '/home/pdey/my_learning/Ros/prakash_ws/install/_local_setup_util_ps1.py'
[1.626s] INFO:colcon.colcon_core.shell:Creating prefix chain script '/home/pdey/my_learning/Ros/prakash_ws/install/setup.ps1'
[1.638s] INFO:colcon.colcon_core.shell:Creating prefix script '/home/pdey/my_learning/Ros/prakash_ws/install/local_setup.sh'
[1.638s] INFO:colcon.colcon_core.shell:Creating prefix util module '/home/pdey/my_learning/Ros/prakash_ws/install/_local_setup_util_sh.py'
[1.639s] INFO:colcon.colcon_core.shell:Creating prefix chain script '/home/pdey/my_learning/Ros/prakash_ws/install/setup.sh'
[1.651s] INFO:colcon.colcon_core.shell:Creating prefix script '/home/pdey/my_learning/Ros/prakash_ws/install/local_setup.bash'
[1.651s] INFO:colcon.colcon_core.shell:Creating prefix chain script '/home/pdey/my_learning/Ros/prakash_ws/install/setup.bash'
[1.663s] INFO:colcon.colcon_core.shell:Creating prefix script '/home/pdey/my_learning/Ros/prakash_ws/install/local_setup.zsh'
[1.663s] INFO:colcon.colcon_core.shell:Creating prefix chain script '/home/pdey/my_learning/Ros/prakash_ws/install/setup.zsh'
