[0.064s] Invoking command in '/home/pdey/my_learning/Ros/prakash_ws/build/bot_world': CMAKE_PREFIX_PATH=${CMAKE_PREFIX_PATH}:/opt/ros/humble /usr/bin/cmake --build /home/pdey/my_learning/Ros/prakash_ws/build/bot_world -- -j16 -l16
[0.084s] Invoked command in '/home/pdey/my_learning/Ros/prakash_ws/build/bot_world' returned '0': CMAKE_PREFIX_PATH=${CMAKE_PREFIX_PATH}:/opt/ros/humble /usr/bin/cmake --build /home/pdey/my_learning/Ros/prakash_ws/build/bot_world -- -j16 -l16
[0.101s] Invoking command in '/home/pdey/my_learning/Ros/prakash_ws/build/bot_world': CMAKE_PREFIX_PATH=${CMAKE_PREFIX_PATH}:/opt/ros/humble /usr/bin/cmake --install /home/pdey/my_learning/Ros/prakash_ws/build/bot_world
[0.106s] -- Install configuration: ""
[0.106s] -- Up-to-date: /home/pdey/my_learning/Ros/prakash_ws/install/bot_world/share/bot_world/launch
[0.106s] -- Up-to-date: /home/pdey/my_learning/Ros/prakash_ws/install/bot_world/share/bot_world/launch/world.launch.py
[0.106s] -- Up-to-date: /home/pdey/my_learning/Ros/prakash_ws/install/bot_world/share/bot_world/models
[0.106s] -- Up-to-date: /home/pdey/my_learning/Ros/prakash_ws/install/bot_world/share/bot_world/models/ground_plane
[0.106s] -- Up-to-date: /home/pdey/my_learning/Ros/prakash_ws/install/bot_world/share/bot_world/models/ground_plane/model-1_2.sdf
[0.106s] -- Up-to-date: /home/pdey/my_learning/Ros/prakash_ws/install/bot_world/share/bot_world/models/ground_plane/model.config
[0.106s] -- Up-to-date: /home/pdey/my_learning/Ros/prakash_ws/install/bot_world/share/bot_world/models/ground_plane/model.sdf
[0.106s] -- Up-to-date: /home/pdey/my_learning/Ros/prakash_ws/install/bot_world/share/bot_world/models/ground_plane/model-1_4.sdf
[0.106s] -- Up-to-date: /home/pdey/my_learning/Ros/prakash_ws/install/bot_world/share/bot_world/models/ground_plane/model-1_3.sdf
[0.106s] -- Up-to-date: /home/pdey/my_learning/Ros/prakash_ws/install/bot_world/share/bot_world/models/sun
[0.106s] -- Up-to-date: /home/pdey/my_learning/Ros/prakash_ws/install/bot_world/share/bot_world/models/sun/model-1_2.sdf
[0.106s] -- Up-to-date: /home/pdey/my_learning/Ros/prakash_ws/install/bot_world/share/bot_world/models/sun/model.config
[0.106s] -- Up-to-date: /home/pdey/my_learning/Ros/prakash_ws/install/bot_world/share/bot_world/models/sun/model.sdf
[0.107s] -- Up-to-date: /home/pdey/my_learning/Ros/prakash_ws/install/bot_world/share/bot_world/models/sun/model-1_4.sdf
[0.107s] -- Up-to-date: /home/pdey/my_learning/Ros/prakash_ws/install/bot_world/share/bot_world/models/sun/model-1_3.sdf
[0.107s] -- Up-to-date: /home/pdey/my_learning/Ros/prakash_ws/install/bot_world/share/bot_world/world
[0.107s] -- Up-to-date: /home/pdey/my_learning/Ros/prakash_ws/install/bot_world/share/bot_world/world/world01.world
[0.107s] -- Up-to-date: /home/pdey/my_learning/Ros/prakash_ws/install/bot_world/share/ament_index/resource_index/package_run_dependencies/bot_world
[0.107s] -- Up-to-date: /home/pdey/my_learning/Ros/prakash_ws/install/bot_world/share/ament_index/resource_index/parent_prefix_path/bot_world
[0.107s] -- Up-to-date: /home/pdey/my_learning/Ros/prakash_ws/install/bot_world/share/bot_world/environment/ament_prefix_path.sh
[0.107s] -- Up-to-date: /home/pdey/my_learning/Ros/prakash_ws/install/bot_world/share/bot_world/environment/ament_prefix_path.dsv
[0.107s] -- Up-to-date: /home/pdey/my_learning/Ros/prakash_ws/install/bot_world/share/bot_world/environment/path.sh
[0.107s] -- Up-to-date: /home/pdey/my_learning/Ros/prakash_ws/install/bot_world/share/bot_world/environment/path.dsv
[0.107s] -- Up-to-date: /home/pdey/my_learning/Ros/prakash_ws/install/bot_world/share/bot_world/local_setup.bash
[0.107s] -- Up-to-date: /home/pdey/my_learning/Ros/prakash_ws/install/bot_world/share/bot_world/local_setup.sh
[0.107s] -- Up-to-date: /home/pdey/my_learning/Ros/prakash_ws/install/bot_world/share/bot_world/local_setup.zsh
[0.107s] -- Up-to-date: /home/pdey/my_learning/Ros/prakash_ws/install/bot_world/share/bot_world/local_setup.dsv
[0.107s] -- Installing: /home/pdey/my_learning/Ros/prakash_ws/install/bot_world/share/bot_world/package.dsv
[0.107s] -- Up-to-date: /home/pdey/my_learning/Ros/prakash_ws/install/bot_world/share/ament_index/resource_index/packages/bot_world
[0.108s] -- Up-to-date: /home/pdey/my_learning/Ros/prakash_ws/install/bot_world/share/bot_world/cmake/bot_worldConfig.cmake
[0.108s] -- Up-to-date: /home/pdey/my_learning/Ros/prakash_ws/install/bot_world/share/bot_world/cmake/bot_worldConfig-version.cmake
[0.108s] -- Up-to-date: /home/pdey/my_learning/Ros/prakash_ws/install/bot_world/share/bot_world/package.xml
[0.142s] Invoked command in '/home/pdey/my_learning/Ros/prakash_ws/build/bot_world' returned '0': CMAKE_PREFIX_PATH=${CMAKE_PREFIX_PATH}:/opt/ros/humble /usr/bin/cmake --install /home/pdey/my_learning/Ros/prakash_ws/build/bot_world
