[0.738s] DEBUG:colcon:Command line arguments: ['/usr/bin/colcon', 'build']
[0.738s] DEBUG:colcon:Parsed command line arguments: Namespace(log_base=None, log_level=None, verb_name='build', build_base='build', install_base='install', merge_install=False, symlink_install=False, test_result_base=None, continue_on_error=False, executor='parallel', parallel_workers=16, event_handlers=None, ignore_user_meta=False, metas=['./colcon.meta'], base_paths=['.'], packages_ignore=None, packages_ignore_regex=None, paths=None, packages_up_to=None, packages_up_to_regex=None, packages_above=None, packages_above_and_dependencies=None, packages_above_depth=None, packages_select_by_dep=None, packages_skip_by_dep=None, packages_skip_up_to=None, packages_select_build_failed=False, packages_skip_build_finished=False, packages_select_test_failures=False, packages_skip_test_passed=False, packages_select=None, packages_skip=None, packages_select_regex=None, packages_skip_regex=None, packages_start=None, packages_end=None, allow_overriding=[], cmake_args=None, cmake_target=None, cmake_target_skip_unavailable=False, cmake_clean_cache=False, cmake_clean_first=False, cmake_force_configure=False, ament_cmake_args=None, catkin_cmake_args=None, catkin_skip_building_tests=False, verb_parser=<colcon_defaults.argument_parser.defaults.DefaultArgumentsDecorator object at 0x7e1dce9b3640>, verb_extension=<colcon_core.verb.build.BuildVerb object at 0x7e1dcec88970>, main=<bound method BuildVerb.main of <colcon_core.verb.build.BuildVerb object at 0x7e1dcec88970>>)
[0.771s] Level 1:colcon.colcon_core.package_discovery:discover_packages(colcon_meta) check parameters
[0.771s] Level 1:colcon.colcon_core.package_discovery:discover_packages(recursive) check parameters
[0.771s] Level 1:colcon.colcon_core.package_discovery:discover_packages(ignore) check parameters
[0.771s] Level 1:colcon.colcon_core.package_discovery:discover_packages(path) check parameters
[0.771s] Level 1:colcon.colcon_core.package_discovery:discover_packages(colcon_meta) discover
[0.771s] Level 1:colcon.colcon_core.package_discovery:discover_packages(recursive) discover
[0.771s] INFO:colcon.colcon_core.package_discovery:Crawling recursively for packages in '/home/pdey/my_learning/Ros/prakash_ws'
[0.771s] Level 1:colcon.colcon_core.package_identification:_identify(.) by extensions ['ignore', 'ignore_ament_install']
[0.771s] Level 1:colcon.colcon_core.package_identification:_identify(.) by extension 'ignore'
[0.771s] Level 1:colcon.colcon_core.package_identification:_identify(.) by extension 'ignore_ament_install'
[0.771s] Level 1:colcon.colcon_core.package_identification:_identify(.) by extensions ['colcon_pkg']
[0.771s] Level 1:colcon.colcon_core.package_identification:_identify(.) by extension 'colcon_pkg'
[0.771s] Level 1:colcon.colcon_core.package_identification:_identify(.) by extensions ['colcon_meta']
[0.771s] Level 1:colcon.colcon_core.package_identification:_identify(.) by extension 'colcon_meta'
[0.771s] Level 1:colcon.colcon_core.package_identification:_identify(.) by extensions ['ros']
[0.771s] Level 1:colcon.colcon_core.package_identification:_identify(.) by extension 'ros'
[0.779s] Level 1:colcon.colcon_core.package_identification:_identify(.) by extensions ['cmake', 'python']
[0.779s] Level 1:colcon.colcon_core.package_identification:_identify(.) by extension 'cmake'
[0.779s] Level 1:colcon.colcon_core.package_identification:_identify(.) by extension 'python'
[0.779s] Level 1:colcon.colcon_core.package_identification:_identify(.) by extensions ['python_setup_py']
[0.779s] Level 1:colcon.colcon_core.package_identification:_identify(.) by extension 'python_setup_py'
[0.779s] Level 1:colcon.colcon_core.package_identification:_identify(build) by extensions ['ignore', 'ignore_ament_install']
[0.779s] Level 1:colcon.colcon_core.package_identification:_identify(build) by extension 'ignore'
[0.779s] Level 1:colcon.colcon_core.package_identification:_identify(build) ignored
[0.779s] Level 1:colcon.colcon_core.package_identification:_identify(install) by extensions ['ignore', 'ignore_ament_install']
[0.779s] Level 1:colcon.colcon_core.package_identification:_identify(install) by extension 'ignore'
[0.779s] Level 1:colcon.colcon_core.package_identification:_identify(install) ignored
[0.779s] Level 1:colcon.colcon_core.package_identification:_identify(log) by extensions ['ignore', 'ignore_ament_install']
[0.779s] Level 1:colcon.colcon_core.package_identification:_identify(log) by extension 'ignore'
[0.779s] Level 1:colcon.colcon_core.package_identification:_identify(log) ignored
[0.779s] Level 1:colcon.colcon_core.package_identification:_identify(src) by extensions ['ignore', 'ignore_ament_install']
[0.779s] Level 1:colcon.colcon_core.package_identification:_identify(src) by extension 'ignore'
[0.780s] Level 1:colcon.colcon_core.package_identification:_identify(src) by extension 'ignore_ament_install'
[0.780s] Level 1:colcon.colcon_core.package_identification:_identify(src) by extensions ['colcon_pkg']
[0.780s] Level 1:colcon.colcon_core.package_identification:_identify(src) by extension 'colcon_pkg'
[0.780s] Level 1:colcon.colcon_core.package_identification:_identify(src) by extensions ['colcon_meta']
[0.780s] Level 1:colcon.colcon_core.package_identification:_identify(src) by extension 'colcon_meta'
[0.780s] Level 1:colcon.colcon_core.package_identification:_identify(src) by extensions ['ros']
[0.780s] Level 1:colcon.colcon_core.package_identification:_identify(src) by extension 'ros'
[0.780s] Level 1:colcon.colcon_core.package_identification:_identify(src) by extensions ['cmake', 'python']
[0.780s] Level 1:colcon.colcon_core.package_identification:_identify(src) by extension 'cmake'
[0.780s] Level 1:colcon.colcon_core.package_identification:_identify(src) by extension 'python'
[0.780s] Level 1:colcon.colcon_core.package_identification:_identify(src) by extensions ['python_setup_py']
[0.780s] Level 1:colcon.colcon_core.package_identification:_identify(src) by extension 'python_setup_py'
[0.780s] Level 1:colcon.colcon_core.package_identification:_identify(src/bot_control) by extensions ['ignore', 'ignore_ament_install']
[0.780s] Level 1:colcon.colcon_core.package_identification:_identify(src/bot_control) by extension 'ignore'
[0.780s] Level 1:colcon.colcon_core.package_identification:_identify(src/bot_control) by extension 'ignore_ament_install'
[0.780s] Level 1:colcon.colcon_core.package_identification:_identify(src/bot_control) by extensions ['colcon_pkg']
[0.780s] Level 1:colcon.colcon_core.package_identification:_identify(src/bot_control) by extension 'colcon_pkg'
[0.780s] Level 1:colcon.colcon_core.package_identification:_identify(src/bot_control) by extensions ['colcon_meta']
[0.780s] Level 1:colcon.colcon_core.package_identification:_identify(src/bot_control) by extension 'colcon_meta'
[0.780s] Level 1:colcon.colcon_core.package_identification:_identify(src/bot_control) by extensions ['ros']
[0.780s] Level 1:colcon.colcon_core.package_identification:_identify(src/bot_control) by extension 'ros'
[0.782s] DEBUG:colcon.colcon_core.package_identification:Package 'src/bot_control' with type 'ros.ament_cmake' and name 'bot_control'
[0.782s] Level 1:colcon.colcon_core.package_identification:_identify(src/bot_description) by extensions ['ignore', 'ignore_ament_install']
[0.782s] Level 1:colcon.colcon_core.package_identification:_identify(src/bot_description) by extension 'ignore'
[0.782s] Level 1:colcon.colcon_core.package_identification:_identify(src/bot_description) by extension 'ignore_ament_install'
[0.782s] Level 1:colcon.colcon_core.package_identification:_identify(src/bot_description) by extensions ['colcon_pkg']
[0.782s] Level 1:colcon.colcon_core.package_identification:_identify(src/bot_description) by extension 'colcon_pkg'
[0.782s] Level 1:colcon.colcon_core.package_identification:_identify(src/bot_description) by extensions ['colcon_meta']
[0.782s] Level 1:colcon.colcon_core.package_identification:_identify(src/bot_description) by extension 'colcon_meta'
[0.782s] Level 1:colcon.colcon_core.package_identification:_identify(src/bot_description) by extensions ['ros']
[0.782s] Level 1:colcon.colcon_core.package_identification:_identify(src/bot_description) by extension 'ros'
[0.782s] DEBUG:colcon.colcon_core.package_identification:Package 'src/bot_description' with type 'ros.ament_cmake' and name 'bot_description'
[0.783s] Level 1:colcon.colcon_core.package_identification:_identify(src/bot_world) by extensions ['ignore', 'ignore_ament_install']
[0.783s] Level 1:colcon.colcon_core.package_identification:_identify(src/bot_world) by extension 'ignore'
[0.783s] Level 1:colcon.colcon_core.package_identification:_identify(src/bot_world) by extension 'ignore_ament_install'
[0.783s] Level 1:colcon.colcon_core.package_identification:_identify(src/bot_world) by extensions ['colcon_pkg']
[0.783s] Level 1:colcon.colcon_core.package_identification:_identify(src/bot_world) by extension 'colcon_pkg'
[0.783s] Level 1:colcon.colcon_core.package_identification:_identify(src/bot_world) by extensions ['colcon_meta']
[0.783s] Level 1:colcon.colcon_core.package_identification:_identify(src/bot_world) by extension 'colcon_meta'
[0.783s] Level 1:colcon.colcon_core.package_identification:_identify(src/bot_world) by extensions ['ros']
[0.783s] Level 1:colcon.colcon_core.package_identification:_identify(src/bot_world) by extension 'ros'
[0.783s] DEBUG:colcon.colcon_core.package_identification:Package 'src/bot_world' with type 'ros.ament_cmake' and name 'bot_world'
[0.783s] Level 1:colcon.colcon_core.package_discovery:discover_packages(recursive) using defaults
[0.783s] Level 1:colcon.colcon_core.package_discovery:discover_packages(ignore) discover
[0.783s] Level 1:colcon.colcon_core.package_discovery:discover_packages(ignore) using defaults
[0.783s] Level 1:colcon.colcon_core.package_discovery:discover_packages(path) discover
[0.783s] Level 1:colcon.colcon_core.package_discovery:discover_packages(path) using defaults
[0.843s] Level 1:colcon.colcon_core.package_discovery:discover_packages(prefix_path) check parameters
[0.843s] Level 1:colcon.colcon_core.package_discovery:discover_packages(prefix_path) discover
[0.853s] WARNING:colcon.colcon_ros.prefix_path.ament:The path '/home/pdey/my_learning/Ros/prakash_ws/install/bot_world' in the environment variable AMENT_PREFIX_PATH doesn't exist
[0.853s] WARNING:colcon.colcon_ros.prefix_path.ament:The path '/home/pdey/my_learning/Ros/prakash_ws/install/bot_description' in the environment variable AMENT_PREFIX_PATH doesn't exist
[0.853s] WARNING:colcon.colcon_ros.prefix_path.ament:The path '/home/pdey/my_learning/Ros/prakash_ws/install/bot_control' in the environment variable AMENT_PREFIX_PATH doesn't exist
[0.853s] WARNING:colcon.colcon_ros.prefix_path.catkin:The path '/home/pdey/my_learning/Ros/prakash_ws/install/bot_world' in the environment variable CMAKE_PREFIX_PATH doesn't exist
[0.853s] WARNING:colcon.colcon_ros.prefix_path.catkin:The path '/home/pdey/my_learning/Ros/prakash_ws/install/bot_description' in the environment variable CMAKE_PREFIX_PATH doesn't exist
[0.853s] WARNING:colcon.colcon_ros.prefix_path.catkin:The path '/home/pdey/my_learning/Ros/prakash_ws/install/bot_control' in the environment variable CMAKE_PREFIX_PATH doesn't exist
[0.863s] DEBUG:colcon.colcon_installed_package_information.package_discovery:Found 0 installed packages in /home/pdey/my_learning/Ros/prakash_ws/install
[0.882s] DEBUG:colcon.colcon_installed_package_information.package_discovery:Found 390 installed packages in /opt/ros/humble
[0.883s] Level 1:colcon.colcon_core.package_discovery:discover_packages(prefix_path) using defaults
[0.952s] Level 5:colcon.colcon_core.verb:set package 'bot_control' build argument 'cmake_args' from command line to 'None'
[0.952s] Level 5:colcon.colcon_core.verb:set package 'bot_control' build argument 'cmake_target' from command line to 'None'
[0.952s] Level 5:colcon.colcon_core.verb:set package 'bot_control' build argument 'cmake_target_skip_unavailable' from command line to 'False'
[0.952s] Level 5:colcon.colcon_core.verb:set package 'bot_control' build argument 'cmake_clean_cache' from command line to 'False'
[0.952s] Level 5:colcon.colcon_core.verb:set package 'bot_control' build argument 'cmake_clean_first' from command line to 'False'
[0.952s] Level 5:colcon.colcon_core.verb:set package 'bot_control' build argument 'cmake_force_configure' from command line to 'False'
[0.952s] Level 5:colcon.colcon_core.verb:set package 'bot_control' build argument 'ament_cmake_args' from command line to 'None'
[0.952s] Level 5:colcon.colcon_core.verb:set package 'bot_control' build argument 'catkin_cmake_args' from command line to 'None'
[0.952s] Level 5:colcon.colcon_core.verb:set package 'bot_control' build argument 'catkin_skip_building_tests' from command line to 'False'
[0.952s] DEBUG:colcon.colcon_core.verb:Building package 'bot_control' with the following arguments: {'ament_cmake_args': None, 'build_base': '/home/pdey/my_learning/Ros/prakash_ws/build/bot_control', 'catkin_cmake_args': None, 'catkin_skip_building_tests': False, 'cmake_args': None, 'cmake_clean_cache': False, 'cmake_clean_first': False, 'cmake_force_configure': False, 'cmake_target': None, 'cmake_target_skip_unavailable': False, 'install_base': '/home/pdey/my_learning/Ros/prakash_ws/install/bot_control', 'merge_install': False, 'path': '/home/pdey/my_learning/Ros/prakash_ws/src/bot_control', 'symlink_install': False, 'test_result_base': None}
[0.963s] Level 5:colcon.colcon_core.verb:set package 'bot_description' build argument 'cmake_args' from command line to 'None'
[0.964s] Level 5:colcon.colcon_core.verb:set package 'bot_description' build argument 'cmake_target' from command line to 'None'
[0.964s] Level 5:colcon.colcon_core.verb:set package 'bot_description' build argument 'cmake_target_skip_unavailable' from command line to 'False'
[0.964s] Level 5:colcon.colcon_core.verb:set package 'bot_description' build argument 'cmake_clean_cache' from command line to 'False'
[0.964s] Level 5:colcon.colcon_core.verb:set package 'bot_description' build argument 'cmake_clean_first' from command line to 'False'
[0.964s] Level 5:colcon.colcon_core.verb:set package 'bot_description' build argument 'cmake_force_configure' from command line to 'False'
[0.964s] Level 5:colcon.colcon_core.verb:set package 'bot_description' build argument 'ament_cmake_args' from command line to 'None'
[0.964s] Level 5:colcon.colcon_core.verb:set package 'bot_description' build argument 'catkin_cmake_args' from command line to 'None'
[0.964s] Level 5:colcon.colcon_core.verb:set package 'bot_description' build argument 'catkin_skip_building_tests' from command line to 'False'
[0.964s] DEBUG:colcon.colcon_core.verb:Building package 'bot_description' with the following arguments: {'ament_cmake_args': None, 'build_base': '/home/pdey/my_learning/Ros/prakash_ws/build/bot_description', 'catkin_cmake_args': None, 'catkin_skip_building_tests': False, 'cmake_args': None, 'cmake_clean_cache': False, 'cmake_clean_first': False, 'cmake_force_configure': False, 'cmake_target': None, 'cmake_target_skip_unavailable': False, 'install_base': '/home/pdey/my_learning/Ros/prakash_ws/install/bot_description', 'merge_install': False, 'path': '/home/pdey/my_learning/Ros/prakash_ws/src/bot_description', 'symlink_install': False, 'test_result_base': None}
[0.974s] Level 5:colcon.colcon_core.verb:set package 'bot_world' build argument 'cmake_args' from command line to 'None'
[0.974s] Level 5:colcon.colcon_core.verb:set package 'bot_world' build argument 'cmake_target' from command line to 'None'
[0.974s] Level 5:colcon.colcon_core.verb:set package 'bot_world' build argument 'cmake_target_skip_unavailable' from command line to 'False'
[0.974s] Level 5:colcon.colcon_core.verb:set package 'bot_world' build argument 'cmake_clean_cache' from command line to 'False'
[0.974s] Level 5:colcon.colcon_core.verb:set package 'bot_world' build argument 'cmake_clean_first' from command line to 'False'
[0.974s] Level 5:colcon.colcon_core.verb:set package 'bot_world' build argument 'cmake_force_configure' from command line to 'False'
[0.974s] Level 5:colcon.colcon_core.verb:set package 'bot_world' build argument 'ament_cmake_args' from command line to 'None'
[0.974s] Level 5:colcon.colcon_core.verb:set package 'bot_world' build argument 'catkin_cmake_args' from command line to 'None'
[0.974s] Level 5:colcon.colcon_core.verb:set package 'bot_world' build argument 'catkin_skip_building_tests' from command line to 'False'
[0.974s] DEBUG:colcon.colcon_core.verb:Building package 'bot_world' with the following arguments: {'ament_cmake_args': None, 'build_base': '/home/pdey/my_learning/Ros/prakash_ws/build/bot_world', 'catkin_cmake_args': None, 'catkin_skip_building_tests': False, 'cmake_args': None, 'cmake_clean_cache': False, 'cmake_clean_first': False, 'cmake_force_configure': False, 'cmake_target': None, 'cmake_target_skip_unavailable': False, 'install_base': '/home/pdey/my_learning/Ros/prakash_ws/install/bot_world', 'merge_install': False, 'path': '/home/pdey/my_learning/Ros/prakash_ws/src/bot_world', 'symlink_install': False, 'test_result_base': None}
[0.984s] INFO:colcon.colcon_core.executor:Executing jobs using 'parallel' executor
[0.994s] DEBUG:colcon.colcon_parallel_executor.executor.parallel:run_until_complete
[0.994s] INFO:colcon.colcon_ros.task.ament_cmake.build:Building ROS package in '/home/pdey/my_learning/Ros/prakash_ws/src/bot_control' with build type 'ament_cmake'
[0.994s] INFO:colcon.colcon_cmake.task.cmake.build:Building CMake package in '/home/pdey/my_learning/Ros/prakash_ws/src/bot_control'
[1.005s] INFO:colcon.colcon_core.plugin_system:Skipping extension 'colcon_core.shell.bat': Not used on non-Windows systems
[1.006s] INFO:colcon.colcon_core.shell:Skip shell extension 'powershell' for command environment: Not usable outside of PowerShell
[1.006s] DEBUG:colcon.colcon_core.shell:Skip shell extension 'dsv' for command environment
[1.040s] INFO:colcon.colcon_ros.task.ament_cmake.build:Building ROS package in '/home/pdey/my_learning/Ros/prakash_ws/src/bot_description' with build type 'ament_cmake'
[1.040s] INFO:colcon.colcon_cmake.task.cmake.build:Building CMake package in '/home/pdey/my_learning/Ros/prakash_ws/src/bot_description'
[1.051s] INFO:colcon.colcon_core.shell:Skip shell extension 'powershell' for command environment: Not usable outside of PowerShell
[1.051s] DEBUG:colcon.colcon_core.shell:Skip shell extension 'dsv' for command environment
[1.085s] INFO:colcon.colcon_ros.task.ament_cmake.build:Building ROS package in '/home/pdey/my_learning/Ros/prakash_ws/src/bot_world' with build type 'ament_cmake'
[1.085s] INFO:colcon.colcon_cmake.task.cmake.build:Building CMake package in '/home/pdey/my_learning/Ros/prakash_ws/src/bot_world'
[1.096s] INFO:colcon.colcon_core.shell:Skip shell extension 'powershell' for command environment: Not usable outside of PowerShell
[1.096s] DEBUG:colcon.colcon_core.shell:Skip shell extension 'dsv' for command environment
[1.137s] DEBUG:colcon.colcon_core.event_handler.log_command:Invoking command in '/home/pdey/my_learning/Ros/prakash_ws/build/bot_control': CMAKE_PREFIX_PATH=${CMAKE_PREFIX_PATH}:/opt/ros/humble /usr/bin/cmake /home/pdey/my_learning/Ros/prakash_ws/src/bot_control -DCMAKE_INSTALL_PREFIX=/home/pdey/my_learning/Ros/prakash_ws/install/bot_control
[1.140s] DEBUG:colcon.colcon_core.event_handler.log_command:Invoking command in '/home/pdey/my_learning/Ros/prakash_ws/build/bot_description': CMAKE_PREFIX_PATH=${CMAKE_PREFIX_PATH}:/opt/ros/humble /usr/bin/cmake /home/pdey/my_learning/Ros/prakash_ws/src/bot_description -DCMAKE_INSTALL_PREFIX=/home/pdey/my_learning/Ros/prakash_ws/install/bot_description
[1.142s] DEBUG:colcon.colcon_core.event_handler.log_command:Invoking command in '/home/pdey/my_learning/Ros/prakash_ws/build/bot_world': CMAKE_PREFIX_PATH=${CMAKE_PREFIX_PATH}:/opt/ros/humble /usr/bin/cmake /home/pdey/my_learning/Ros/prakash_ws/src/bot_world -DCMAKE_INSTALL_PREFIX=/home/pdey/my_learning/Ros/prakash_ws/install/bot_world
[1.832s] DEBUG:colcon.colcon_core.event_handler.log_command:Invoked command in '/home/pdey/my_learning/Ros/prakash_ws/build/bot_description' returned '0': CMAKE_PREFIX_PATH=${CMAKE_PREFIX_PATH}:/opt/ros/humble /usr/bin/cmake /home/pdey/my_learning/Ros/prakash_ws/src/bot_description -DCMAKE_INSTALL_PREFIX=/home/pdey/my_learning/Ros/prakash_ws/install/bot_description
[1.834s] DEBUG:colcon.colcon_core.event_handler.log_command:Invoking command in '/home/pdey/my_learning/Ros/prakash_ws/build/bot_description': CMAKE_PREFIX_PATH=${CMAKE_PREFIX_PATH}:/opt/ros/humble /usr/bin/cmake --build /home/pdey/my_learning/Ros/prakash_ws/build/bot_description -- -j16 -l16
[1.835s] DEBUG:colcon.colcon_core.event_handler.log_command:Invoked command in '/home/pdey/my_learning/Ros/prakash_ws/build/bot_world' returned '0': CMAKE_PREFIX_PATH=${CMAKE_PREFIX_PATH}:/opt/ros/humble /usr/bin/cmake /home/pdey/my_learning/Ros/prakash_ws/src/bot_world -DCMAKE_INSTALL_PREFIX=/home/pdey/my_learning/Ros/prakash_ws/install/bot_world
[1.836s] DEBUG:colcon.colcon_core.event_handler.log_command:Invoking command in '/home/pdey/my_learning/Ros/prakash_ws/build/bot_world': CMAKE_PREFIX_PATH=${CMAKE_PREFIX_PATH}:/opt/ros/humble /usr/bin/cmake --build /home/pdey/my_learning/Ros/prakash_ws/build/bot_world -- -j16 -l16
[1.866s] DEBUG:colcon.colcon_core.event_handler.log_command:Invoked command in '/home/pdey/my_learning/Ros/prakash_ws/build/bot_description' returned '0': CMAKE_PREFIX_PATH=${CMAKE_PREFIX_PATH}:/opt/ros/humble /usr/bin/cmake --build /home/pdey/my_learning/Ros/prakash_ws/build/bot_description -- -j16 -l16
[1.869s] DEBUG:colcon.colcon_core.event_handler.log_command:Invoked command in '/home/pdey/my_learning/Ros/prakash_ws/build/bot_world' returned '0': CMAKE_PREFIX_PATH=${CMAKE_PREFIX_PATH}:/opt/ros/humble /usr/bin/cmake --build /home/pdey/my_learning/Ros/prakash_ws/build/bot_world -- -j16 -l16
[1.899s] DEBUG:colcon.colcon_core.event_handler.log_command:Invoking command in '/home/pdey/my_learning/Ros/prakash_ws/build/bot_description': CMAKE_PREFIX_PATH=${CMAKE_PREFIX_PATH}:/opt/ros/humble /usr/bin/cmake --install /home/pdey/my_learning/Ros/prakash_ws/build/bot_description
[1.901s] DEBUG:colcon.colcon_core.event_handler.log_command:Invoking command in '/home/pdey/my_learning/Ros/prakash_ws/build/bot_world': CMAKE_PREFIX_PATH=${CMAKE_PREFIX_PATH}:/opt/ros/humble /usr/bin/cmake --install /home/pdey/my_learning/Ros/prakash_ws/build/bot_world
[1.912s] Level 1:colcon.colcon_core.environment:create_environment_scripts_only(bot_description)
[1.912s] DEBUG:colcon.colcon_core.event_handler.log_command:Invoked command in '/home/pdey/my_learning/Ros/prakash_ws/build/bot_description' returned '0': CMAKE_PREFIX_PATH=${CMAKE_PREFIX_PATH}:/opt/ros/humble /usr/bin/cmake --install /home/pdey/my_learning/Ros/prakash_ws/build/bot_description
[1.928s] Level 1:colcon.colcon_core.environment:checking '/home/pdey/my_learning/Ros/prakash_ws/install/bot_description' for CMake module files
[1.929s] Level 1:colcon.colcon_core.environment:checking '/home/pdey/my_learning/Ros/prakash_ws/install/bot_description' for CMake config files
[1.929s] Level 1:colcon.colcon_core.shell:create_environment_hook('bot_description', 'cmake_prefix_path')
[1.942s] INFO:colcon.colcon_core.shell:Creating environment hook '/home/pdey/my_learning/Ros/prakash_ws/install/bot_description/share/bot_description/hook/cmake_prefix_path.ps1'
[1.942s] INFO:colcon.colcon_core.shell:Creating environment descriptor '/home/pdey/my_learning/Ros/prakash_ws/install/bot_description/share/bot_description/hook/cmake_prefix_path.dsv'
[1.942s] INFO:colcon.colcon_core.shell:Creating environment hook '/home/pdey/my_learning/Ros/prakash_ws/install/bot_description/share/bot_description/hook/cmake_prefix_path.sh'
[1.943s] Level 1:colcon.colcon_core.environment:checking '/home/pdey/my_learning/Ros/prakash_ws/install/bot_description/bin'
[1.943s] Level 1:colcon.colcon_core.environment:checking '/home/pdey/my_learning/Ros/prakash_ws/install/bot_description/lib/pkgconfig/bot_description.pc'
[1.943s] Level 1:colcon.colcon_core.environment:checking '/home/pdey/my_learning/Ros/prakash_ws/install/bot_description/lib/python3.10/site-packages'
[1.943s] Level 1:colcon.colcon_core.environment:checking '/home/pdey/my_learning/Ros/prakash_ws/install/bot_description/bin'
[1.956s] INFO:colcon.colcon_core.shell:Creating package script '/home/pdey/my_learning/Ros/prakash_ws/install/bot_description/share/bot_description/package.ps1'
[1.956s] INFO:colcon.colcon_core.shell:Creating package descriptor '/home/pdey/my_learning/Ros/prakash_ws/install/bot_description/share/bot_description/package.dsv'
[1.957s] INFO:colcon.colcon_core.shell:Creating package script '/home/pdey/my_learning/Ros/prakash_ws/install/bot_description/share/bot_description/package.sh'
[1.957s] INFO:colcon.colcon_core.shell:Creating package script '/home/pdey/my_learning/Ros/prakash_ws/install/bot_description/share/bot_description/package.bash'
[1.958s] INFO:colcon.colcon_core.shell:Creating package script '/home/pdey/my_learning/Ros/prakash_ws/install/bot_description/share/bot_description/package.zsh'
[1.958s] Level 1:colcon.colcon_core.environment:create_file_with_runtime_dependencies(/home/pdey/my_learning/Ros/prakash_ws/install/bot_description/share/colcon-core/packages/bot_description)
[1.960s] Level 1:colcon.colcon_core.environment:create_environment_scripts_only(bot_world)
[1.960s] DEBUG:colcon.colcon_core.event_handler.log_command:Invoked command in '/home/pdey/my_learning/Ros/prakash_ws/build/bot_world' returned '0': CMAKE_PREFIX_PATH=${CMAKE_PREFIX_PATH}:/opt/ros/humble /usr/bin/cmake --install /home/pdey/my_learning/Ros/prakash_ws/build/bot_world
[1.975s] Level 1:colcon.colcon_core.environment:checking '/home/pdey/my_learning/Ros/prakash_ws/install/bot_world' for CMake module files
[1.975s] Level 1:colcon.colcon_core.environment:checking '/home/pdey/my_learning/Ros/prakash_ws/install/bot_world' for CMake config files
[1.976s] Level 1:colcon.colcon_core.shell:create_environment_hook('bot_world', 'cmake_prefix_path')
[1.989s] INFO:colcon.colcon_core.shell:Creating environment hook '/home/pdey/my_learning/Ros/prakash_ws/install/bot_world/share/bot_world/hook/cmake_prefix_path.ps1'
[1.989s] INFO:colcon.colcon_core.shell:Creating environment descriptor '/home/pdey/my_learning/Ros/prakash_ws/install/bot_world/share/bot_world/hook/cmake_prefix_path.dsv'
[1.989s] INFO:colcon.colcon_core.shell:Creating environment hook '/home/pdey/my_learning/Ros/prakash_ws/install/bot_world/share/bot_world/hook/cmake_prefix_path.sh'
[1.990s] Level 1:colcon.colcon_core.environment:checking '/home/pdey/my_learning/Ros/prakash_ws/install/bot_world/bin'
[1.990s] Level 1:colcon.colcon_core.environment:checking '/home/pdey/my_learning/Ros/prakash_ws/install/bot_world/lib/pkgconfig/bot_world.pc'
[1.990s] Level 1:colcon.colcon_core.environment:checking '/home/pdey/my_learning/Ros/prakash_ws/install/bot_world/lib/python3.10/site-packages'
[1.990s] Level 1:colcon.colcon_core.environment:checking '/home/pdey/my_learning/Ros/prakash_ws/install/bot_world/bin'
[2.003s] INFO:colcon.colcon_core.shell:Creating package script '/home/pdey/my_learning/Ros/prakash_ws/install/bot_world/share/bot_world/package.ps1'
[2.003s] INFO:colcon.colcon_core.shell:Creating package descriptor '/home/pdey/my_learning/Ros/prakash_ws/install/bot_world/share/bot_world/package.dsv'
[2.004s] INFO:colcon.colcon_core.shell:Creating package script '/home/pdey/my_learning/Ros/prakash_ws/install/bot_world/share/bot_world/package.sh'
[2.004s] INFO:colcon.colcon_core.shell:Creating package script '/home/pdey/my_learning/Ros/prakash_ws/install/bot_world/share/bot_world/package.bash'
[2.004s] INFO:colcon.colcon_core.shell:Creating package script '/home/pdey/my_learning/Ros/prakash_ws/install/bot_world/share/bot_world/package.zsh'
[2.004s] Level 1:colcon.colcon_core.environment:create_file_with_runtime_dependencies(/home/pdey/my_learning/Ros/prakash_ws/install/bot_world/share/colcon-core/packages/bot_world)
[2.019s] Level 1:colcon.colcon_core.environment:create_environment_scripts_only(bot_description)
[2.034s] Level 1:colcon.colcon_core.environment:checking '/home/pdey/my_learning/Ros/prakash_ws/install/bot_description' for CMake module files
[2.035s] Level 1:colcon.colcon_core.environment:checking '/home/pdey/my_learning/Ros/prakash_ws/install/bot_description' for CMake config files
[2.035s] Level 1:colcon.colcon_core.shell:create_environment_hook('bot_description', 'cmake_prefix_path')
[2.047s] INFO:colcon.colcon_core.shell:Creating environment hook '/home/pdey/my_learning/Ros/prakash_ws/install/bot_description/share/bot_description/hook/cmake_prefix_path.ps1'
[2.048s] INFO:colcon.colcon_core.shell:Creating environment descriptor '/home/pdey/my_learning/Ros/prakash_ws/install/bot_description/share/bot_description/hook/cmake_prefix_path.dsv'
[2.048s] INFO:colcon.colcon_core.shell:Creating environment hook '/home/pdey/my_learning/Ros/prakash_ws/install/bot_description/share/bot_description/hook/cmake_prefix_path.sh'
[2.048s] Level 1:colcon.colcon_core.environment:checking '/home/pdey/my_learning/Ros/prakash_ws/install/bot_description/bin'
[2.048s] Level 1:colcon.colcon_core.environment:checking '/home/pdey/my_learning/Ros/prakash_ws/install/bot_description/lib/pkgconfig/bot_description.pc'
[2.049s] Level 1:colcon.colcon_core.environment:checking '/home/pdey/my_learning/Ros/prakash_ws/install/bot_description/lib/python3.10/site-packages'
[2.049s] Level 1:colcon.colcon_core.environment:checking '/home/pdey/my_learning/Ros/prakash_ws/install/bot_description/bin'
[2.061s] INFO:colcon.colcon_core.shell:Creating package script '/home/pdey/my_learning/Ros/prakash_ws/install/bot_description/share/bot_description/package.ps1'
[2.061s] INFO:colcon.colcon_core.shell:Creating package descriptor '/home/pdey/my_learning/Ros/prakash_ws/install/bot_description/share/bot_description/package.dsv'
[2.062s] INFO:colcon.colcon_core.shell:Creating package script '/home/pdey/my_learning/Ros/prakash_ws/install/bot_description/share/bot_description/package.sh'
[2.062s] INFO:colcon.colcon_core.shell:Creating package script '/home/pdey/my_learning/Ros/prakash_ws/install/bot_description/share/bot_description/package.bash'
[2.062s] INFO:colcon.colcon_core.shell:Creating package script '/home/pdey/my_learning/Ros/prakash_ws/install/bot_description/share/bot_description/package.zsh'
[2.062s] Level 1:colcon.colcon_core.environment:create_file_with_runtime_dependencies(/home/pdey/my_learning/Ros/prakash_ws/install/bot_description/share/colcon-core/packages/bot_description)
[2.078s] Level 1:colcon.colcon_core.environment:create_environment_scripts_only(bot_world)
[2.090s] Level 1:colcon.colcon_core.environment:checking '/home/pdey/my_learning/Ros/prakash_ws/install/bot_world' for CMake module files
[2.091s] Level 1:colcon.colcon_core.environment:checking '/home/pdey/my_learning/Ros/prakash_ws/install/bot_world' for CMake config files
[2.091s] Level 1:colcon.colcon_core.shell:create_environment_hook('bot_world', 'cmake_prefix_path')
[2.105s] INFO:colcon.colcon_core.shell:Creating environment hook '/home/pdey/my_learning/Ros/prakash_ws/install/bot_world/share/bot_world/hook/cmake_prefix_path.ps1'
[2.106s] INFO:colcon.colcon_core.shell:Creating environment descriptor '/home/pdey/my_learning/Ros/prakash_ws/install/bot_world/share/bot_world/hook/cmake_prefix_path.dsv'
[2.106s] INFO:colcon.colcon_core.shell:Creating environment hook '/home/pdey/my_learning/Ros/prakash_ws/install/bot_world/share/bot_world/hook/cmake_prefix_path.sh'
[2.106s] Level 1:colcon.colcon_core.environment:checking '/home/pdey/my_learning/Ros/prakash_ws/install/bot_world/bin'
[2.106s] Level 1:colcon.colcon_core.environment:checking '/home/pdey/my_learning/Ros/prakash_ws/install/bot_world/lib/pkgconfig/bot_world.pc'
[2.107s] Level 1:colcon.colcon_core.environment:checking '/home/pdey/my_learning/Ros/prakash_ws/install/bot_world/lib/python3.10/site-packages'
[2.107s] Level 1:colcon.colcon_core.environment:checking '/home/pdey/my_learning/Ros/prakash_ws/install/bot_world/bin'
[2.119s] INFO:colcon.colcon_core.shell:Creating package script '/home/pdey/my_learning/Ros/prakash_ws/install/bot_world/share/bot_world/package.ps1'
[2.119s] INFO:colcon.colcon_core.shell:Creating package descriptor '/home/pdey/my_learning/Ros/prakash_ws/install/bot_world/share/bot_world/package.dsv'
[2.120s] INFO:colcon.colcon_core.shell:Creating package script '/home/pdey/my_learning/Ros/prakash_ws/install/bot_world/share/bot_world/package.sh'
[2.120s] INFO:colcon.colcon_core.shell:Creating package script '/home/pdey/my_learning/Ros/prakash_ws/install/bot_world/share/bot_world/package.bash'
[2.120s] INFO:colcon.colcon_core.shell:Creating package script '/home/pdey/my_learning/Ros/prakash_ws/install/bot_world/share/bot_world/package.zsh'
[2.120s] Level 1:colcon.colcon_core.environment:create_file_with_runtime_dependencies(/home/pdey/my_learning/Ros/prakash_ws/install/bot_world/share/colcon-core/packages/bot_world)
[2.463s] DEBUG:colcon.colcon_core.event_handler.log_command:Invoked command in '/home/pdey/my_learning/Ros/prakash_ws/build/bot_control' returned '0': CMAKE_PREFIX_PATH=${CMAKE_PREFIX_PATH}:/opt/ros/humble /usr/bin/cmake /home/pdey/my_learning/Ros/prakash_ws/src/bot_control -DCMAKE_INSTALL_PREFIX=/home/pdey/my_learning/Ros/prakash_ws/install/bot_control
[2.464s] DEBUG:colcon.colcon_core.event_handler.log_command:Invoking command in '/home/pdey/my_learning/Ros/prakash_ws/build/bot_control': CMAKE_PREFIX_PATH=${CMAKE_PREFIX_PATH}:/opt/ros/humble /usr/bin/cmake --build /home/pdey/my_learning/Ros/prakash_ws/build/bot_control -- -j16 -l16
[2.768s] DEBUG:colcon.colcon_core.event_handler.log_command:Invoked command in '/home/pdey/my_learning/Ros/prakash_ws/build/bot_control' returned '0': CMAKE_PREFIX_PATH=${CMAKE_PREFIX_PATH}:/opt/ros/humble /usr/bin/cmake --build /home/pdey/my_learning/Ros/prakash_ws/build/bot_control -- -j16 -l16
[2.801s] DEBUG:colcon.colcon_core.event_handler.log_command:Invoking command in '/home/pdey/my_learning/Ros/prakash_ws/build/bot_control': CMAKE_PREFIX_PATH=${CMAKE_PREFIX_PATH}:/opt/ros/humble /usr/bin/cmake --install /home/pdey/my_learning/Ros/prakash_ws/build/bot_control
[2.854s] Level 1:colcon.colcon_core.environment:create_environment_scripts_only(bot_control)
[2.854s] DEBUG:colcon.colcon_core.event_handler.log_command:Invoked command in '/home/pdey/my_learning/Ros/prakash_ws/build/bot_control' returned '0': CMAKE_PREFIX_PATH=${CMAKE_PREFIX_PATH}:/opt/ros/humble /usr/bin/cmake --install /home/pdey/my_learning/Ros/prakash_ws/build/bot_control
[2.866s] Level 1:colcon.colcon_core.environment:checking '/home/pdey/my_learning/Ros/prakash_ws/install/bot_control' for CMake module files
[2.866s] Level 1:colcon.colcon_core.environment:checking '/home/pdey/my_learning/Ros/prakash_ws/install/bot_control' for CMake config files
[2.866s] Level 1:colcon.colcon_core.shell:create_environment_hook('bot_control', 'cmake_prefix_path')
[2.877s] INFO:colcon.colcon_core.shell:Creating environment hook '/home/pdey/my_learning/Ros/prakash_ws/install/bot_control/share/bot_control/hook/cmake_prefix_path.ps1'
[2.877s] INFO:colcon.colcon_core.shell:Creating environment descriptor '/home/pdey/my_learning/Ros/prakash_ws/install/bot_control/share/bot_control/hook/cmake_prefix_path.dsv'
[2.877s] INFO:colcon.colcon_core.shell:Creating environment hook '/home/pdey/my_learning/Ros/prakash_ws/install/bot_control/share/bot_control/hook/cmake_prefix_path.sh'
[2.877s] Level 1:colcon.colcon_core.environment:checking '/home/pdey/my_learning/Ros/prakash_ws/install/bot_control/lib'
[2.878s] Level 1:colcon.colcon_core.environment:checking '/home/pdey/my_learning/Ros/prakash_ws/install/bot_control/bin'
[2.878s] Level 1:colcon.colcon_core.environment:checking '/home/pdey/my_learning/Ros/prakash_ws/install/bot_control/lib/pkgconfig/bot_control.pc'
[2.878s] Level 1:colcon.colcon_core.environment:checking '/home/pdey/my_learning/Ros/prakash_ws/install/bot_control/lib/python3.10/site-packages'
[2.878s] Level 1:colcon.colcon_core.environment:checking '/home/pdey/my_learning/Ros/prakash_ws/install/bot_control/bin'
[2.888s] INFO:colcon.colcon_core.shell:Creating package script '/home/pdey/my_learning/Ros/prakash_ws/install/bot_control/share/bot_control/package.ps1'
[2.888s] INFO:colcon.colcon_core.shell:Creating package descriptor '/home/pdey/my_learning/Ros/prakash_ws/install/bot_control/share/bot_control/package.dsv'
[2.888s] INFO:colcon.colcon_core.shell:Creating package script '/home/pdey/my_learning/Ros/prakash_ws/install/bot_control/share/bot_control/package.sh'
[2.888s] INFO:colcon.colcon_core.shell:Creating package script '/home/pdey/my_learning/Ros/prakash_ws/install/bot_control/share/bot_control/package.bash'
[2.888s] INFO:colcon.colcon_core.shell:Creating package script '/home/pdey/my_learning/Ros/prakash_ws/install/bot_control/share/bot_control/package.zsh'
[2.889s] Level 1:colcon.colcon_core.environment:create_file_with_runtime_dependencies(/home/pdey/my_learning/Ros/prakash_ws/install/bot_control/share/colcon-core/packages/bot_control)
[2.934s] Level 1:colcon.colcon_core.environment:create_environment_scripts_only(bot_control)
[2.945s] Level 1:colcon.colcon_core.environment:checking '/home/pdey/my_learning/Ros/prakash_ws/install/bot_control' for CMake module files
[2.945s] Level 1:colcon.colcon_core.environment:checking '/home/pdey/my_learning/Ros/prakash_ws/install/bot_control' for CMake config files
[2.945s] Level 1:colcon.colcon_core.shell:create_environment_hook('bot_control', 'cmake_prefix_path')
[2.955s] INFO:colcon.colcon_core.shell:Creating environment hook '/home/pdey/my_learning/Ros/prakash_ws/install/bot_control/share/bot_control/hook/cmake_prefix_path.ps1'
[2.956s] INFO:colcon.colcon_core.shell:Creating environment descriptor '/home/pdey/my_learning/Ros/prakash_ws/install/bot_control/share/bot_control/hook/cmake_prefix_path.dsv'
[2.956s] INFO:colcon.colcon_core.shell:Creating environment hook '/home/pdey/my_learning/Ros/prakash_ws/install/bot_control/share/bot_control/hook/cmake_prefix_path.sh'
[2.956s] Level 1:colcon.colcon_core.environment:checking '/home/pdey/my_learning/Ros/prakash_ws/install/bot_control/lib'
[2.956s] Level 1:colcon.colcon_core.environment:checking '/home/pdey/my_learning/Ros/prakash_ws/install/bot_control/bin'
[2.956s] Level 1:colcon.colcon_core.environment:checking '/home/pdey/my_learning/Ros/prakash_ws/install/bot_control/lib/pkgconfig/bot_control.pc'
[2.956s] Level 1:colcon.colcon_core.environment:checking '/home/pdey/my_learning/Ros/prakash_ws/install/bot_control/lib/python3.10/site-packages'
[2.956s] Level 1:colcon.colcon_core.environment:checking '/home/pdey/my_learning/Ros/prakash_ws/install/bot_control/bin'
[2.967s] INFO:colcon.colcon_core.shell:Creating package script '/home/pdey/my_learning/Ros/prakash_ws/install/bot_control/share/bot_control/package.ps1'
[2.968s] INFO:colcon.colcon_core.shell:Creating package descriptor '/home/pdey/my_learning/Ros/prakash_ws/install/bot_control/share/bot_control/package.dsv'
[2.968s] INFO:colcon.colcon_core.shell:Creating package script '/home/pdey/my_learning/Ros/prakash_ws/install/bot_control/share/bot_control/package.sh'
[2.968s] INFO:colcon.colcon_core.shell:Creating package script '/home/pdey/my_learning/Ros/prakash_ws/install/bot_control/share/bot_control/package.bash'
[2.968s] INFO:colcon.colcon_core.shell:Creating package script '/home/pdey/my_learning/Ros/prakash_ws/install/bot_control/share/bot_control/package.zsh'
[2.969s] Level 1:colcon.colcon_core.environment:create_file_with_runtime_dependencies(/home/pdey/my_learning/Ros/prakash_ws/install/bot_control/share/colcon-core/packages/bot_control)
[2.969s] DEBUG:colcon.colcon_parallel_executor.executor.parallel:closing loop
[2.969s] DEBUG:colcon.colcon_parallel_executor.executor.parallel:loop closed
[2.969s] DEBUG:colcon.colcon_parallel_executor.executor.parallel:run_until_complete finished with '0'
[2.969s] DEBUG:colcon.colcon_core.event_reactor:joining thread
[2.985s] INFO:colcon.colcon_core.plugin_system:Skipping extension 'colcon_notification.desktop_notification.terminal_notifier': Not used on non-Darwin systems
[2.985s] INFO:colcon.colcon_core.plugin_system:Skipping extension 'colcon_notification.desktop_notification.win32': Not used on non-Windows systems
[2.985s] INFO:colcon.colcon_notification.desktop_notification:Sending desktop notification using 'notify2'
[2.998s] DEBUG:colcon.colcon_core.event_reactor:joined thread
[3.011s] INFO:colcon.colcon_core.shell:Creating prefix script '/home/pdey/my_learning/Ros/prakash_ws/install/local_setup.ps1'
[3.012s] INFO:colcon.colcon_core.shell:Creating prefix util module '/home/pdey/my_learning/Ros/prakash_ws/install/_local_setup_util_ps1.py'
[3.013s] INFO:colcon.colcon_core.shell:Creating prefix chain script '/home/pdey/my_learning/Ros/prakash_ws/install/setup.ps1'
[3.025s] INFO:colcon.colcon_core.shell:Creating prefix script '/home/pdey/my_learning/Ros/prakash_ws/install/local_setup.sh'
[3.025s] INFO:colcon.colcon_core.shell:Creating prefix util module '/home/pdey/my_learning/Ros/prakash_ws/install/_local_setup_util_sh.py'
[3.026s] INFO:colcon.colcon_core.shell:Creating prefix chain script '/home/pdey/my_learning/Ros/prakash_ws/install/setup.sh'
[3.038s] INFO:colcon.colcon_core.shell:Creating prefix script '/home/pdey/my_learning/Ros/prakash_ws/install/local_setup.bash'
[3.038s] INFO:colcon.colcon_core.shell:Creating prefix chain script '/home/pdey/my_learning/Ros/prakash_ws/install/setup.bash'
[3.050s] INFO:colcon.colcon_core.shell:Creating prefix script '/home/pdey/my_learning/Ros/prakash_ws/install/local_setup.zsh'
[3.050s] INFO:colcon.colcon_core.shell:Creating prefix chain script '/home/pdey/my_learning/Ros/prakash_ws/install/setup.zsh'
