[0.672s] DEBUG:colcon:Command line arguments: ['/usr/bin/colcon', 'build']
[0.672s] DEBUG:colcon:Parsed command line arguments: Namespace(log_base=None, log_level=None, verb_name='build', build_base='build', install_base='install', merge_install=False, symlink_install=False, test_result_base=None, continue_on_error=False, executor='parallel', parallel_workers=16, event_handlers=None, ignore_user_meta=False, metas=['./colcon.meta'], base_paths=['.'], packages_ignore=None, packages_ignore_regex=None, paths=None, packages_up_to=None, packages_up_to_regex=None, packages_above=None, packages_above_and_dependencies=None, packages_above_depth=None, packages_select_by_dep=None, packages_skip_by_dep=None, packages_skip_up_to=None, packages_select_build_failed=False, packages_skip_build_finished=False, packages_select_test_failures=False, packages_skip_test_passed=False, packages_select=None, packages_skip=None, packages_select_regex=None, packages_skip_regex=None, packages_start=None, packages_end=None, allow_overriding=[], cmake_args=None, cmake_target=None, cmake_target_skip_unavailable=False, cmake_clean_cache=False, cmake_clean_first=False, cmake_force_configure=False, ament_cmake_args=None, catkin_cmake_args=None, catkin_skip_building_tests=False, verb_parser=<colcon_defaults.argument_parser.defaults.DefaultArgumentsDecorator object at 0x7d8fc6bc8820>, verb_extension=<colcon_core.verb.build.BuildVerb object at 0x7d8fc6e95600>, main=<bound method BuildVerb.main of <colcon_core.verb.build.BuildVerb object at 0x7d8fc6e95600>>)
[0.702s] Level 1:colcon.colcon_core.package_discovery:discover_packages(colcon_meta) check parameters
[0.702s] Level 1:colcon.colcon_core.package_discovery:discover_packages(recursive) check parameters
[0.702s] Level 1:colcon.colcon_core.package_discovery:discover_packages(ignore) check parameters
[0.702s] Level 1:colcon.colcon_core.package_discovery:discover_packages(path) check parameters
[0.702s] Level 1:colcon.colcon_core.package_discovery:discover_packages(colcon_meta) discover
[0.702s] Level 1:colcon.colcon_core.package_discovery:discover_packages(recursive) discover
[0.702s] INFO:colcon.colcon_core.package_discovery:Crawling recursively for packages in '/home/pdey/my_learning/Ros/prakash_ws'
[0.702s] Level 1:colcon.colcon_core.package_identification:_identify(.) by extensions ['ignore', 'ignore_ament_install']
[0.702s] Level 1:colcon.colcon_core.package_identification:_identify(.) by extension 'ignore'
[0.702s] Level 1:colcon.colcon_core.package_identification:_identify(.) by extension 'ignore_ament_install'
[0.702s] Level 1:colcon.colcon_core.package_identification:_identify(.) by extensions ['colcon_pkg']
[0.702s] Level 1:colcon.colcon_core.package_identification:_identify(.) by extension 'colcon_pkg'
[0.702s] Level 1:colcon.colcon_core.package_identification:_identify(.) by extensions ['colcon_meta']
[0.702s] Level 1:colcon.colcon_core.package_identification:_identify(.) by extension 'colcon_meta'
[0.702s] Level 1:colcon.colcon_core.package_identification:_identify(.) by extensions ['ros']
[0.702s] Level 1:colcon.colcon_core.package_identification:_identify(.) by extension 'ros'
[0.710s] Level 1:colcon.colcon_core.package_identification:_identify(.) by extensions ['cmake', 'python']
[0.710s] Level 1:colcon.colcon_core.package_identification:_identify(.) by extension 'cmake'
[0.710s] Level 1:colcon.colcon_core.package_identification:_identify(.) by extension 'python'
[0.710s] Level 1:colcon.colcon_core.package_identification:_identify(.) by extensions ['python_setup_py']
[0.710s] Level 1:colcon.colcon_core.package_identification:_identify(.) by extension 'python_setup_py'
[0.710s] Level 1:colcon.colcon_core.package_identification:_identify(build) by extensions ['ignore', 'ignore_ament_install']
[0.710s] Level 1:colcon.colcon_core.package_identification:_identify(build) by extension 'ignore'
[0.710s] Level 1:colcon.colcon_core.package_identification:_identify(build) ignored
[0.710s] Level 1:colcon.colcon_core.package_identification:_identify(install) by extensions ['ignore', 'ignore_ament_install']
[0.710s] Level 1:colcon.colcon_core.package_identification:_identify(install) by extension 'ignore'
[0.710s] Level 1:colcon.colcon_core.package_identification:_identify(install) ignored
[0.710s] Level 1:colcon.colcon_core.package_identification:_identify(log) by extensions ['ignore', 'ignore_ament_install']
[0.710s] Level 1:colcon.colcon_core.package_identification:_identify(log) by extension 'ignore'
[0.710s] Level 1:colcon.colcon_core.package_identification:_identify(log) ignored
[0.710s] Level 1:colcon.colcon_core.package_identification:_identify(src) by extensions ['ignore', 'ignore_ament_install']
[0.710s] Level 1:colcon.colcon_core.package_identification:_identify(src) by extension 'ignore'
[0.710s] Level 1:colcon.colcon_core.package_identification:_identify(src) by extension 'ignore_ament_install'
[0.710s] Level 1:colcon.colcon_core.package_identification:_identify(src) by extensions ['colcon_pkg']
[0.710s] Level 1:colcon.colcon_core.package_identification:_identify(src) by extension 'colcon_pkg'
[0.710s] Level 1:colcon.colcon_core.package_identification:_identify(src) by extensions ['colcon_meta']
[0.710s] Level 1:colcon.colcon_core.package_identification:_identify(src) by extension 'colcon_meta'
[0.710s] Level 1:colcon.colcon_core.package_identification:_identify(src) by extensions ['ros']
[0.710s] Level 1:colcon.colcon_core.package_identification:_identify(src) by extension 'ros'
[0.710s] Level 1:colcon.colcon_core.package_identification:_identify(src) by extensions ['cmake', 'python']
[0.710s] Level 1:colcon.colcon_core.package_identification:_identify(src) by extension 'cmake'
[0.711s] Level 1:colcon.colcon_core.package_identification:_identify(src) by extension 'python'
[0.711s] Level 1:colcon.colcon_core.package_identification:_identify(src) by extensions ['python_setup_py']
[0.711s] Level 1:colcon.colcon_core.package_identification:_identify(src) by extension 'python_setup_py'
[0.711s] Level 1:colcon.colcon_core.package_identification:_identify(src/bot_control) by extensions ['ignore', 'ignore_ament_install']
[0.711s] Level 1:colcon.colcon_core.package_identification:_identify(src/bot_control) by extension 'ignore'
[0.711s] Level 1:colcon.colcon_core.package_identification:_identify(src/bot_control) by extension 'ignore_ament_install'
[0.711s] Level 1:colcon.colcon_core.package_identification:_identify(src/bot_control) by extensions ['colcon_pkg']
[0.711s] Level 1:colcon.colcon_core.package_identification:_identify(src/bot_control) by extension 'colcon_pkg'
[0.711s] Level 1:colcon.colcon_core.package_identification:_identify(src/bot_control) by extensions ['colcon_meta']
[0.711s] Level 1:colcon.colcon_core.package_identification:_identify(src/bot_control) by extension 'colcon_meta'
[0.711s] Level 1:colcon.colcon_core.package_identification:_identify(src/bot_control) by extensions ['ros']
[0.711s] Level 1:colcon.colcon_core.package_identification:_identify(src/bot_control) by extension 'ros'
[0.712s] DEBUG:colcon.colcon_core.package_identification:Package 'src/bot_control' with type 'ros.ament_cmake' and name 'bot_control'
[0.713s] Level 1:colcon.colcon_core.package_identification:_identify(src/bot_description) by extensions ['ignore', 'ignore_ament_install']
[0.713s] Level 1:colcon.colcon_core.package_identification:_identify(src/bot_description) by extension 'ignore'
[0.713s] Level 1:colcon.colcon_core.package_identification:_identify(src/bot_description) by extension 'ignore_ament_install'
[0.713s] Level 1:colcon.colcon_core.package_identification:_identify(src/bot_description) by extensions ['colcon_pkg']
[0.713s] Level 1:colcon.colcon_core.package_identification:_identify(src/bot_description) by extension 'colcon_pkg'
[0.713s] Level 1:colcon.colcon_core.package_identification:_identify(src/bot_description) by extensions ['colcon_meta']
[0.713s] Level 1:colcon.colcon_core.package_identification:_identify(src/bot_description) by extension 'colcon_meta'
[0.713s] Level 1:colcon.colcon_core.package_identification:_identify(src/bot_description) by extensions ['ros']
[0.713s] Level 1:colcon.colcon_core.package_identification:_identify(src/bot_description) by extension 'ros'
[0.713s] DEBUG:colcon.colcon_core.package_identification:Package 'src/bot_description' with type 'ros.ament_cmake' and name 'bot_description'
[0.713s] Level 1:colcon.colcon_core.package_identification:_identify(src/bot_world) by extensions ['ignore', 'ignore_ament_install']
[0.713s] Level 1:colcon.colcon_core.package_identification:_identify(src/bot_world) by extension 'ignore'
[0.714s] Level 1:colcon.colcon_core.package_identification:_identify(src/bot_world) by extension 'ignore_ament_install'
[0.714s] Level 1:colcon.colcon_core.package_identification:_identify(src/bot_world) by extensions ['colcon_pkg']
[0.714s] Level 1:colcon.colcon_core.package_identification:_identify(src/bot_world) by extension 'colcon_pkg'
[0.714s] Level 1:colcon.colcon_core.package_identification:_identify(src/bot_world) by extensions ['colcon_meta']
[0.714s] Level 1:colcon.colcon_core.package_identification:_identify(src/bot_world) by extension 'colcon_meta'
[0.714s] Level 1:colcon.colcon_core.package_identification:_identify(src/bot_world) by extensions ['ros']
[0.714s] Level 1:colcon.colcon_core.package_identification:_identify(src/bot_world) by extension 'ros'
[0.714s] DEBUG:colcon.colcon_core.package_identification:Package 'src/bot_world' with type 'ros.ament_cmake' and name 'bot_world'
[0.714s] Level 1:colcon.colcon_core.package_discovery:discover_packages(recursive) using defaults
[0.714s] Level 1:colcon.colcon_core.package_discovery:discover_packages(ignore) discover
[0.714s] Level 1:colcon.colcon_core.package_discovery:discover_packages(ignore) using defaults
[0.714s] Level 1:colcon.colcon_core.package_discovery:discover_packages(path) discover
[0.714s] Level 1:colcon.colcon_core.package_discovery:discover_packages(path) using defaults
[0.774s] Level 1:colcon.colcon_core.package_discovery:discover_packages(prefix_path) check parameters
[0.774s] Level 1:colcon.colcon_core.package_discovery:discover_packages(prefix_path) discover
[0.793s] DEBUG:colcon.colcon_installed_package_information.package_discovery:Found 3 installed packages in /home/pdey/my_learning/Ros/prakash_ws/install
[0.810s] DEBUG:colcon.colcon_installed_package_information.package_discovery:Found 390 installed packages in /opt/ros/humble
[0.811s] Level 1:colcon.colcon_core.package_discovery:discover_packages(prefix_path) using defaults
[0.878s] Level 5:colcon.colcon_core.verb:set package 'bot_control' build argument 'cmake_args' from command line to 'None'
[0.878s] Level 5:colcon.colcon_core.verb:set package 'bot_control' build argument 'cmake_target' from command line to 'None'
[0.878s] Level 5:colcon.colcon_core.verb:set package 'bot_control' build argument 'cmake_target_skip_unavailable' from command line to 'False'
[0.878s] Level 5:colcon.colcon_core.verb:set package 'bot_control' build argument 'cmake_clean_cache' from command line to 'False'
[0.878s] Level 5:colcon.colcon_core.verb:set package 'bot_control' build argument 'cmake_clean_first' from command line to 'False'
[0.879s] Level 5:colcon.colcon_core.verb:set package 'bot_control' build argument 'cmake_force_configure' from command line to 'False'
[0.879s] Level 5:colcon.colcon_core.verb:set package 'bot_control' build argument 'ament_cmake_args' from command line to 'None'
[0.879s] Level 5:colcon.colcon_core.verb:set package 'bot_control' build argument 'catkin_cmake_args' from command line to 'None'
[0.879s] Level 5:colcon.colcon_core.verb:set package 'bot_control' build argument 'catkin_skip_building_tests' from command line to 'False'
[0.879s] DEBUG:colcon.colcon_core.verb:Building package 'bot_control' with the following arguments: {'ament_cmake_args': None, 'build_base': '/home/pdey/my_learning/Ros/prakash_ws/build/bot_control', 'catkin_cmake_args': None, 'catkin_skip_building_tests': False, 'cmake_args': None, 'cmake_clean_cache': False, 'cmake_clean_first': False, 'cmake_force_configure': False, 'cmake_target': None, 'cmake_target_skip_unavailable': False, 'install_base': '/home/pdey/my_learning/Ros/prakash_ws/install/bot_control', 'merge_install': False, 'path': '/home/pdey/my_learning/Ros/prakash_ws/src/bot_control', 'symlink_install': False, 'test_result_base': None}
[0.888s] Level 5:colcon.colcon_core.verb:set package 'bot_description' build argument 'cmake_args' from command line to 'None'
[0.888s] Level 5:colcon.colcon_core.verb:set package 'bot_description' build argument 'cmake_target' from command line to 'None'
[0.888s] Level 5:colcon.colcon_core.verb:set package 'bot_description' build argument 'cmake_target_skip_unavailable' from command line to 'False'
[0.888s] Level 5:colcon.colcon_core.verb:set package 'bot_description' build argument 'cmake_clean_cache' from command line to 'False'
[0.888s] Level 5:colcon.colcon_core.verb:set package 'bot_description' build argument 'cmake_clean_first' from command line to 'False'
[0.888s] Level 5:colcon.colcon_core.verb:set package 'bot_description' build argument 'cmake_force_configure' from command line to 'False'
[0.888s] Level 5:colcon.colcon_core.verb:set package 'bot_description' build argument 'ament_cmake_args' from command line to 'None'
[0.888s] Level 5:colcon.colcon_core.verb:set package 'bot_description' build argument 'catkin_cmake_args' from command line to 'None'
[0.888s] Level 5:colcon.colcon_core.verb:set package 'bot_description' build argument 'catkin_skip_building_tests' from command line to 'False'
[0.888s] DEBUG:colcon.colcon_core.verb:Building package 'bot_description' with the following arguments: {'ament_cmake_args': None, 'build_base': '/home/pdey/my_learning/Ros/prakash_ws/build/bot_description', 'catkin_cmake_args': None, 'catkin_skip_building_tests': False, 'cmake_args': None, 'cmake_clean_cache': False, 'cmake_clean_first': False, 'cmake_force_configure': False, 'cmake_target': None, 'cmake_target_skip_unavailable': False, 'install_base': '/home/pdey/my_learning/Ros/prakash_ws/install/bot_description', 'merge_install': False, 'path': '/home/pdey/my_learning/Ros/prakash_ws/src/bot_description', 'symlink_install': False, 'test_result_base': None}
[0.898s] Level 5:colcon.colcon_core.verb:set package 'bot_world' build argument 'cmake_args' from command line to 'None'
[0.898s] Level 5:colcon.colcon_core.verb:set package 'bot_world' build argument 'cmake_target' from command line to 'None'
[0.898s] Level 5:colcon.colcon_core.verb:set package 'bot_world' build argument 'cmake_target_skip_unavailable' from command line to 'False'
[0.898s] Level 5:colcon.colcon_core.verb:set package 'bot_world' build argument 'cmake_clean_cache' from command line to 'False'
[0.898s] Level 5:colcon.colcon_core.verb:set package 'bot_world' build argument 'cmake_clean_first' from command line to 'False'
[0.898s] Level 5:colcon.colcon_core.verb:set package 'bot_world' build argument 'cmake_force_configure' from command line to 'False'
[0.898s] Level 5:colcon.colcon_core.verb:set package 'bot_world' build argument 'ament_cmake_args' from command line to 'None'
[0.898s] Level 5:colcon.colcon_core.verb:set package 'bot_world' build argument 'catkin_cmake_args' from command line to 'None'
[0.898s] Level 5:colcon.colcon_core.verb:set package 'bot_world' build argument 'catkin_skip_building_tests' from command line to 'False'
[0.898s] DEBUG:colcon.colcon_core.verb:Building package 'bot_world' with the following arguments: {'ament_cmake_args': None, 'build_base': '/home/pdey/my_learning/Ros/prakash_ws/build/bot_world', 'catkin_cmake_args': None, 'catkin_skip_building_tests': False, 'cmake_args': None, 'cmake_clean_cache': False, 'cmake_clean_first': False, 'cmake_force_configure': False, 'cmake_target': None, 'cmake_target_skip_unavailable': False, 'install_base': '/home/pdey/my_learning/Ros/prakash_ws/install/bot_world', 'merge_install': False, 'path': '/home/pdey/my_learning/Ros/prakash_ws/src/bot_world', 'symlink_install': False, 'test_result_base': None}
[0.907s] INFO:colcon.colcon_core.executor:Executing jobs using 'parallel' executor
[0.918s] DEBUG:colcon.colcon_parallel_executor.executor.parallel:run_until_complete
[0.918s] INFO:colcon.colcon_ros.task.ament_cmake.build:Building ROS package in '/home/pdey/my_learning/Ros/prakash_ws/src/bot_control' with build type 'ament_cmake'
[0.918s] INFO:colcon.colcon_cmake.task.cmake.build:Building CMake package in '/home/pdey/my_learning/Ros/prakash_ws/src/bot_control'
[0.929s] INFO:colcon.colcon_core.plugin_system:Skipping extension 'colcon_core.shell.bat': Not used on non-Windows systems
[0.930s] INFO:colcon.colcon_core.shell:Skip shell extension 'powershell' for command environment: Not usable outside of PowerShell
[0.930s] DEBUG:colcon.colcon_core.shell:Skip shell extension 'dsv' for command environment
[0.963s] INFO:colcon.colcon_ros.task.ament_cmake.build:Building ROS package in '/home/pdey/my_learning/Ros/prakash_ws/src/bot_description' with build type 'ament_cmake'
[0.963s] INFO:colcon.colcon_cmake.task.cmake.build:Building CMake package in '/home/pdey/my_learning/Ros/prakash_ws/src/bot_description'
[0.974s] INFO:colcon.colcon_core.shell:Skip shell extension 'powershell' for command environment: Not usable outside of PowerShell
[0.974s] DEBUG:colcon.colcon_core.shell:Skip shell extension 'dsv' for command environment
[1.009s] INFO:colcon.colcon_ros.task.ament_cmake.build:Building ROS package in '/home/pdey/my_learning/Ros/prakash_ws/src/bot_world' with build type 'ament_cmake'
[1.009s] INFO:colcon.colcon_cmake.task.cmake.build:Building CMake package in '/home/pdey/my_learning/Ros/prakash_ws/src/bot_world'
[1.020s] INFO:colcon.colcon_core.shell:Skip shell extension 'powershell' for command environment: Not usable outside of PowerShell
[1.020s] DEBUG:colcon.colcon_core.shell:Skip shell extension 'dsv' for command environment
[1.061s] DEBUG:colcon.colcon_core.event_handler.log_command:Invoking command in '/home/pdey/my_learning/Ros/prakash_ws/build/bot_control': CMAKE_PREFIX_PATH=${CMAKE_PREFIX_PATH}:/opt/ros/humble /usr/bin/cmake --build /home/pdey/my_learning/Ros/prakash_ws/build/bot_control -- -j16 -l16
[1.063s] DEBUG:colcon.colcon_core.event_handler.log_command:Invoking command in '/home/pdey/my_learning/Ros/prakash_ws/build/bot_description': CMAKE_PREFIX_PATH=${CMAKE_PREFIX_PATH}:/opt/ros/humble /usr/bin/cmake --build /home/pdey/my_learning/Ros/prakash_ws/build/bot_description -- -j16 -l16
[1.068s] DEBUG:colcon.colcon_core.event_handler.log_command:Invoking command in '/home/pdey/my_learning/Ros/prakash_ws/build/bot_world': CMAKE_PREFIX_PATH=${CMAKE_PREFIX_PATH}:/opt/ros/humble /usr/bin/cmake --build /home/pdey/my_learning/Ros/prakash_ws/build/bot_world -- -j16 -l16
[1.094s] DEBUG:colcon.colcon_core.event_handler.log_command:Invoked command in '/home/pdey/my_learning/Ros/prakash_ws/build/bot_description' returned '0': CMAKE_PREFIX_PATH=${CMAKE_PREFIX_PATH}:/opt/ros/humble /usr/bin/cmake --build /home/pdey/my_learning/Ros/prakash_ws/build/bot_description -- -j16 -l16
[1.099s] DEBUG:colcon.colcon_core.event_handler.log_command:Invoked command in '/home/pdey/my_learning/Ros/prakash_ws/build/bot_world' returned '0': CMAKE_PREFIX_PATH=${CMAKE_PREFIX_PATH}:/opt/ros/humble /usr/bin/cmake --build /home/pdey/my_learning/Ros/prakash_ws/build/bot_world -- -j16 -l16
[1.121s] DEBUG:colcon.colcon_core.event_handler.log_command:Invoking command in '/home/pdey/my_learning/Ros/prakash_ws/build/bot_description': CMAKE_PREFIX_PATH=${CMAKE_PREFIX_PATH}:/opt/ros/humble /usr/bin/cmake --install /home/pdey/my_learning/Ros/prakash_ws/build/bot_description
[1.124s] DEBUG:colcon.colcon_core.event_handler.log_command:Invoking command in '/home/pdey/my_learning/Ros/prakash_ws/build/bot_world': CMAKE_PREFIX_PATH=${CMAKE_PREFIX_PATH}:/opt/ros/humble /usr/bin/cmake --install /home/pdey/my_learning/Ros/prakash_ws/build/bot_world
[1.134s] Level 1:colcon.colcon_core.environment:create_environment_scripts_only(bot_description)
[1.136s] DEBUG:colcon.colcon_core.event_handler.log_command:Invoked command in '/home/pdey/my_learning/Ros/prakash_ws/build/bot_description' returned '0': CMAKE_PREFIX_PATH=${CMAKE_PREFIX_PATH}:/opt/ros/humble /usr/bin/cmake --install /home/pdey/my_learning/Ros/prakash_ws/build/bot_description
[1.152s] Level 1:colcon.colcon_core.environment:checking '/home/pdey/my_learning/Ros/prakash_ws/install/bot_description' for CMake module files
[1.152s] Level 1:colcon.colcon_core.environment:checking '/home/pdey/my_learning/Ros/prakash_ws/install/bot_description' for CMake config files
[1.153s] Level 1:colcon.colcon_core.shell:create_environment_hook('bot_description', 'cmake_prefix_path')
[1.166s] INFO:colcon.colcon_core.shell:Creating environment hook '/home/pdey/my_learning/Ros/prakash_ws/install/bot_description/share/bot_description/hook/cmake_prefix_path.ps1'
[1.167s] INFO:colcon.colcon_core.shell:Creating environment descriptor '/home/pdey/my_learning/Ros/prakash_ws/install/bot_description/share/bot_description/hook/cmake_prefix_path.dsv'
[1.167s] INFO:colcon.colcon_core.shell:Creating environment hook '/home/pdey/my_learning/Ros/prakash_ws/install/bot_description/share/bot_description/hook/cmake_prefix_path.sh'
[1.168s] Level 1:colcon.colcon_core.environment:checking '/home/pdey/my_learning/Ros/prakash_ws/install/bot_description/bin'
[1.168s] Level 1:colcon.colcon_core.environment:checking '/home/pdey/my_learning/Ros/prakash_ws/install/bot_description/lib/pkgconfig/bot_description.pc'
[1.168s] Level 1:colcon.colcon_core.environment:checking '/home/pdey/my_learning/Ros/prakash_ws/install/bot_description/lib/python3.10/site-packages'
[1.168s] Level 1:colcon.colcon_core.environment:checking '/home/pdey/my_learning/Ros/prakash_ws/install/bot_description/bin'
[1.180s] INFO:colcon.colcon_core.shell:Creating package script '/home/pdey/my_learning/Ros/prakash_ws/install/bot_description/share/bot_description/package.ps1'
[1.181s] INFO:colcon.colcon_core.shell:Creating package descriptor '/home/pdey/my_learning/Ros/prakash_ws/install/bot_description/share/bot_description/package.dsv'
[1.181s] INFO:colcon.colcon_core.shell:Creating package script '/home/pdey/my_learning/Ros/prakash_ws/install/bot_description/share/bot_description/package.sh'
[1.182s] INFO:colcon.colcon_core.shell:Creating package script '/home/pdey/my_learning/Ros/prakash_ws/install/bot_description/share/bot_description/package.bash'
[1.182s] INFO:colcon.colcon_core.shell:Creating package script '/home/pdey/my_learning/Ros/prakash_ws/install/bot_description/share/bot_description/package.zsh'
[1.183s] Level 1:colcon.colcon_core.environment:create_file_with_runtime_dependencies(/home/pdey/my_learning/Ros/prakash_ws/install/bot_description/share/colcon-core/packages/bot_description)
[1.184s] Level 1:colcon.colcon_core.environment:create_environment_scripts_only(bot_world)
[1.185s] DEBUG:colcon.colcon_core.event_handler.log_command:Invoked command in '/home/pdey/my_learning/Ros/prakash_ws/build/bot_world' returned '0': CMAKE_PREFIX_PATH=${CMAKE_PREFIX_PATH}:/opt/ros/humble /usr/bin/cmake --install /home/pdey/my_learning/Ros/prakash_ws/build/bot_world
[1.199s] Level 1:colcon.colcon_core.environment:checking '/home/pdey/my_learning/Ros/prakash_ws/install/bot_world' for CMake module files
[1.199s] Level 1:colcon.colcon_core.environment:checking '/home/pdey/my_learning/Ros/prakash_ws/install/bot_world' for CMake config files
[1.199s] Level 1:colcon.colcon_core.shell:create_environment_hook('bot_world', 'cmake_prefix_path')
[1.213s] INFO:colcon.colcon_core.shell:Creating environment hook '/home/pdey/my_learning/Ros/prakash_ws/install/bot_world/share/bot_world/hook/cmake_prefix_path.ps1'
[1.213s] INFO:colcon.colcon_core.shell:Creating environment descriptor '/home/pdey/my_learning/Ros/prakash_ws/install/bot_world/share/bot_world/hook/cmake_prefix_path.dsv'
[1.214s] INFO:colcon.colcon_core.shell:Creating environment hook '/home/pdey/my_learning/Ros/prakash_ws/install/bot_world/share/bot_world/hook/cmake_prefix_path.sh'
[1.214s] Level 1:colcon.colcon_core.environment:checking '/home/pdey/my_learning/Ros/prakash_ws/install/bot_world/bin'
[1.214s] Level 1:colcon.colcon_core.environment:checking '/home/pdey/my_learning/Ros/prakash_ws/install/bot_world/lib/pkgconfig/bot_world.pc'
[1.214s] Level 1:colcon.colcon_core.environment:checking '/home/pdey/my_learning/Ros/prakash_ws/install/bot_world/lib/python3.10/site-packages'
[1.214s] Level 1:colcon.colcon_core.environment:checking '/home/pdey/my_learning/Ros/prakash_ws/install/bot_world/bin'
[1.227s] INFO:colcon.colcon_core.shell:Creating package script '/home/pdey/my_learning/Ros/prakash_ws/install/bot_world/share/bot_world/package.ps1'
[1.227s] INFO:colcon.colcon_core.shell:Creating package descriptor '/home/pdey/my_learning/Ros/prakash_ws/install/bot_world/share/bot_world/package.dsv'
[1.228s] INFO:colcon.colcon_core.shell:Creating package script '/home/pdey/my_learning/Ros/prakash_ws/install/bot_world/share/bot_world/package.sh'
[1.228s] INFO:colcon.colcon_core.shell:Creating package script '/home/pdey/my_learning/Ros/prakash_ws/install/bot_world/share/bot_world/package.bash'
[1.228s] INFO:colcon.colcon_core.shell:Creating package script '/home/pdey/my_learning/Ros/prakash_ws/install/bot_world/share/bot_world/package.zsh'
[1.228s] Level 1:colcon.colcon_core.environment:create_file_with_runtime_dependencies(/home/pdey/my_learning/Ros/prakash_ws/install/bot_world/share/colcon-core/packages/bot_world)
[1.243s] Level 1:colcon.colcon_core.environment:create_environment_scripts_only(bot_description)
[1.258s] Level 1:colcon.colcon_core.environment:checking '/home/pdey/my_learning/Ros/prakash_ws/install/bot_description' for CMake module files
[1.258s] Level 1:colcon.colcon_core.environment:checking '/home/pdey/my_learning/Ros/prakash_ws/install/bot_description' for CMake config files
[1.258s] Level 1:colcon.colcon_core.shell:create_environment_hook('bot_description', 'cmake_prefix_path')
[1.271s] INFO:colcon.colcon_core.shell:Creating environment hook '/home/pdey/my_learning/Ros/prakash_ws/install/bot_description/share/bot_description/hook/cmake_prefix_path.ps1'
[1.271s] INFO:colcon.colcon_core.shell:Creating environment descriptor '/home/pdey/my_learning/Ros/prakash_ws/install/bot_description/share/bot_description/hook/cmake_prefix_path.dsv'
[1.271s] INFO:colcon.colcon_core.shell:Creating environment hook '/home/pdey/my_learning/Ros/prakash_ws/install/bot_description/share/bot_description/hook/cmake_prefix_path.sh'
[1.272s] Level 1:colcon.colcon_core.environment:checking '/home/pdey/my_learning/Ros/prakash_ws/install/bot_description/bin'
[1.272s] Level 1:colcon.colcon_core.environment:checking '/home/pdey/my_learning/Ros/prakash_ws/install/bot_description/lib/pkgconfig/bot_description.pc'
[1.272s] Level 1:colcon.colcon_core.environment:checking '/home/pdey/my_learning/Ros/prakash_ws/install/bot_description/lib/python3.10/site-packages'
[1.272s] Level 1:colcon.colcon_core.environment:checking '/home/pdey/my_learning/Ros/prakash_ws/install/bot_description/bin'
[1.283s] INFO:colcon.colcon_core.shell:Creating package script '/home/pdey/my_learning/Ros/prakash_ws/install/bot_description/share/bot_description/package.ps1'
[1.284s] INFO:colcon.colcon_core.shell:Creating package descriptor '/home/pdey/my_learning/Ros/prakash_ws/install/bot_description/share/bot_description/package.dsv'
[1.284s] INFO:colcon.colcon_core.shell:Creating package script '/home/pdey/my_learning/Ros/prakash_ws/install/bot_description/share/bot_description/package.sh'
[1.284s] INFO:colcon.colcon_core.shell:Creating package script '/home/pdey/my_learning/Ros/prakash_ws/install/bot_description/share/bot_description/package.bash'
[1.285s] INFO:colcon.colcon_core.shell:Creating package script '/home/pdey/my_learning/Ros/prakash_ws/install/bot_description/share/bot_description/package.zsh'
[1.285s] Level 1:colcon.colcon_core.environment:create_file_with_runtime_dependencies(/home/pdey/my_learning/Ros/prakash_ws/install/bot_description/share/colcon-core/packages/bot_description)
[1.298s] Level 1:colcon.colcon_core.environment:create_environment_scripts_only(bot_world)
[1.309s] Level 1:colcon.colcon_core.environment:checking '/home/pdey/my_learning/Ros/prakash_ws/install/bot_world' for CMake module files
[1.309s] Level 1:colcon.colcon_core.environment:checking '/home/pdey/my_learning/Ros/prakash_ws/install/bot_world' for CMake config files
[1.310s] Level 1:colcon.colcon_core.shell:create_environment_hook('bot_world', 'cmake_prefix_path')
[1.323s] INFO:colcon.colcon_core.shell:Creating environment hook '/home/pdey/my_learning/Ros/prakash_ws/install/bot_world/share/bot_world/hook/cmake_prefix_path.ps1'
[1.323s] INFO:colcon.colcon_core.shell:Creating environment descriptor '/home/pdey/my_learning/Ros/prakash_ws/install/bot_world/share/bot_world/hook/cmake_prefix_path.dsv'
[1.323s] INFO:colcon.colcon_core.shell:Creating environment hook '/home/pdey/my_learning/Ros/prakash_ws/install/bot_world/share/bot_world/hook/cmake_prefix_path.sh'
[1.324s] Level 1:colcon.colcon_core.environment:checking '/home/pdey/my_learning/Ros/prakash_ws/install/bot_world/bin'
[1.324s] Level 1:colcon.colcon_core.environment:checking '/home/pdey/my_learning/Ros/prakash_ws/install/bot_world/lib/pkgconfig/bot_world.pc'
[1.324s] Level 1:colcon.colcon_core.environment:checking '/home/pdey/my_learning/Ros/prakash_ws/install/bot_world/lib/python3.10/site-packages'
[1.324s] Level 1:colcon.colcon_core.environment:checking '/home/pdey/my_learning/Ros/prakash_ws/install/bot_world/bin'
[1.336s] INFO:colcon.colcon_core.shell:Creating package script '/home/pdey/my_learning/Ros/prakash_ws/install/bot_world/share/bot_world/package.ps1'
[1.336s] INFO:colcon.colcon_core.shell:Creating package descriptor '/home/pdey/my_learning/Ros/prakash_ws/install/bot_world/share/bot_world/package.dsv'
[1.337s] INFO:colcon.colcon_core.shell:Creating package script '/home/pdey/my_learning/Ros/prakash_ws/install/bot_world/share/bot_world/package.sh'
[1.337s] INFO:colcon.colcon_core.shell:Creating package script '/home/pdey/my_learning/Ros/prakash_ws/install/bot_world/share/bot_world/package.bash'
[1.337s] INFO:colcon.colcon_core.shell:Creating package script '/home/pdey/my_learning/Ros/prakash_ws/install/bot_world/share/bot_world/package.zsh'
[1.338s] Level 1:colcon.colcon_core.environment:create_file_with_runtime_dependencies(/home/pdey/my_learning/Ros/prakash_ws/install/bot_world/share/colcon-core/packages/bot_world)
[1.370s] DEBUG:colcon.colcon_core.event_handler.log_command:Invoked command in '/home/pdey/my_learning/Ros/prakash_ws/build/bot_control' returned '0': CMAKE_PREFIX_PATH=${CMAKE_PREFIX_PATH}:/opt/ros/humble /usr/bin/cmake --build /home/pdey/my_learning/Ros/prakash_ws/build/bot_control -- -j16 -l16
[1.399s] DEBUG:colcon.colcon_core.event_handler.log_command:Invoking command in '/home/pdey/my_learning/Ros/prakash_ws/build/bot_control': CMAKE_PREFIX_PATH=${CMAKE_PREFIX_PATH}:/opt/ros/humble /usr/bin/cmake --install /home/pdey/my_learning/Ros/prakash_ws/build/bot_control
[1.446s] Level 1:colcon.colcon_core.environment:create_environment_scripts_only(bot_control)
[1.447s] DEBUG:colcon.colcon_core.event_handler.log_command:Invoked command in '/home/pdey/my_learning/Ros/prakash_ws/build/bot_control' returned '0': CMAKE_PREFIX_PATH=${CMAKE_PREFIX_PATH}:/opt/ros/humble /usr/bin/cmake --install /home/pdey/my_learning/Ros/prakash_ws/build/bot_control
[1.460s] Level 1:colcon.colcon_core.environment:checking '/home/pdey/my_learning/Ros/prakash_ws/install/bot_control' for CMake module files
[1.460s] Level 1:colcon.colcon_core.environment:checking '/home/pdey/my_learning/Ros/prakash_ws/install/bot_control' for CMake config files
[1.460s] Level 1:colcon.colcon_core.shell:create_environment_hook('bot_control', 'cmake_prefix_path')
[1.471s] INFO:colcon.colcon_core.shell:Creating environment hook '/home/pdey/my_learning/Ros/prakash_ws/install/bot_control/share/bot_control/hook/cmake_prefix_path.ps1'
[1.471s] INFO:colcon.colcon_core.shell:Creating environment descriptor '/home/pdey/my_learning/Ros/prakash_ws/install/bot_control/share/bot_control/hook/cmake_prefix_path.dsv'
[1.471s] INFO:colcon.colcon_core.shell:Creating environment hook '/home/pdey/my_learning/Ros/prakash_ws/install/bot_control/share/bot_control/hook/cmake_prefix_path.sh'
[1.472s] Level 1:colcon.colcon_core.environment:checking '/home/pdey/my_learning/Ros/prakash_ws/install/bot_control/lib'
[1.472s] Level 1:colcon.colcon_core.environment:checking '/home/pdey/my_learning/Ros/prakash_ws/install/bot_control/bin'
[1.472s] Level 1:colcon.colcon_core.environment:checking '/home/pdey/my_learning/Ros/prakash_ws/install/bot_control/lib/pkgconfig/bot_control.pc'
[1.472s] Level 1:colcon.colcon_core.environment:checking '/home/pdey/my_learning/Ros/prakash_ws/install/bot_control/lib/python3.10/site-packages'
[1.472s] Level 1:colcon.colcon_core.environment:checking '/home/pdey/my_learning/Ros/prakash_ws/install/bot_control/bin'
[1.482s] INFO:colcon.colcon_core.shell:Creating package script '/home/pdey/my_learning/Ros/prakash_ws/install/bot_control/share/bot_control/package.ps1'
[1.482s] INFO:colcon.colcon_core.shell:Creating package descriptor '/home/pdey/my_learning/Ros/prakash_ws/install/bot_control/share/bot_control/package.dsv'
[1.483s] INFO:colcon.colcon_core.shell:Creating package script '/home/pdey/my_learning/Ros/prakash_ws/install/bot_control/share/bot_control/package.sh'
[1.483s] INFO:colcon.colcon_core.shell:Creating package script '/home/pdey/my_learning/Ros/prakash_ws/install/bot_control/share/bot_control/package.bash'
[1.483s] INFO:colcon.colcon_core.shell:Creating package script '/home/pdey/my_learning/Ros/prakash_ws/install/bot_control/share/bot_control/package.zsh'
[1.483s] Level 1:colcon.colcon_core.environment:create_file_with_runtime_dependencies(/home/pdey/my_learning/Ros/prakash_ws/install/bot_control/share/colcon-core/packages/bot_control)
[1.518s] Level 1:colcon.colcon_core.environment:create_environment_scripts_only(bot_control)
[1.528s] Level 1:colcon.colcon_core.environment:checking '/home/pdey/my_learning/Ros/prakash_ws/install/bot_control' for CMake module files
[1.529s] Level 1:colcon.colcon_core.environment:checking '/home/pdey/my_learning/Ros/prakash_ws/install/bot_control' for CMake config files
[1.529s] Level 1:colcon.colcon_core.shell:create_environment_hook('bot_control', 'cmake_prefix_path')
[1.540s] INFO:colcon.colcon_core.shell:Creating environment hook '/home/pdey/my_learning/Ros/prakash_ws/install/bot_control/share/bot_control/hook/cmake_prefix_path.ps1'
[1.540s] INFO:colcon.colcon_core.shell:Creating environment descriptor '/home/pdey/my_learning/Ros/prakash_ws/install/bot_control/share/bot_control/hook/cmake_prefix_path.dsv'
[1.540s] INFO:colcon.colcon_core.shell:Creating environment hook '/home/pdey/my_learning/Ros/prakash_ws/install/bot_control/share/bot_control/hook/cmake_prefix_path.sh'
[1.540s] Level 1:colcon.colcon_core.environment:checking '/home/pdey/my_learning/Ros/prakash_ws/install/bot_control/lib'
[1.540s] Level 1:colcon.colcon_core.environment:checking '/home/pdey/my_learning/Ros/prakash_ws/install/bot_control/bin'
[1.540s] Level 1:colcon.colcon_core.environment:checking '/home/pdey/my_learning/Ros/prakash_ws/install/bot_control/lib/pkgconfig/bot_control.pc'
[1.541s] Level 1:colcon.colcon_core.environment:checking '/home/pdey/my_learning/Ros/prakash_ws/install/bot_control/lib/python3.10/site-packages'
[1.541s] Level 1:colcon.colcon_core.environment:checking '/home/pdey/my_learning/Ros/prakash_ws/install/bot_control/bin'
[1.552s] INFO:colcon.colcon_core.shell:Creating package script '/home/pdey/my_learning/Ros/prakash_ws/install/bot_control/share/bot_control/package.ps1'
[1.552s] INFO:colcon.colcon_core.shell:Creating package descriptor '/home/pdey/my_learning/Ros/prakash_ws/install/bot_control/share/bot_control/package.dsv'
[1.552s] INFO:colcon.colcon_core.shell:Creating package script '/home/pdey/my_learning/Ros/prakash_ws/install/bot_control/share/bot_control/package.sh'
[1.553s] INFO:colcon.colcon_core.shell:Creating package script '/home/pdey/my_learning/Ros/prakash_ws/install/bot_control/share/bot_control/package.bash'
[1.553s] INFO:colcon.colcon_core.shell:Creating package script '/home/pdey/my_learning/Ros/prakash_ws/install/bot_control/share/bot_control/package.zsh'
[1.553s] Level 1:colcon.colcon_core.environment:create_file_with_runtime_dependencies(/home/pdey/my_learning/Ros/prakash_ws/install/bot_control/share/colcon-core/packages/bot_control)
[1.554s] DEBUG:colcon.colcon_parallel_executor.executor.parallel:closing loop
[1.554s] DEBUG:colcon.colcon_parallel_executor.executor.parallel:loop closed
[1.554s] DEBUG:colcon.colcon_parallel_executor.executor.parallel:run_until_complete finished with '0'
[1.554s] DEBUG:colcon.colcon_core.event_reactor:joining thread
[1.568s] INFO:colcon.colcon_core.plugin_system:Skipping extension 'colcon_notification.desktop_notification.terminal_notifier': Not used on non-Darwin systems
[1.568s] INFO:colcon.colcon_core.plugin_system:Skipping extension 'colcon_notification.desktop_notification.win32': Not used on non-Windows systems
[1.568s] INFO:colcon.colcon_notification.desktop_notification:Sending desktop notification using 'notify2'
[1.581s] DEBUG:colcon.colcon_core.event_reactor:joined thread
[1.596s] INFO:colcon.colcon_core.shell:Creating prefix script '/home/pdey/my_learning/Ros/prakash_ws/install/local_setup.ps1'
[1.597s] INFO:colcon.colcon_core.shell:Creating prefix util module '/home/pdey/my_learning/Ros/prakash_ws/install/_local_setup_util_ps1.py'
[1.597s] INFO:colcon.colcon_core.shell:Creating prefix chain script '/home/pdey/my_learning/Ros/prakash_ws/install/setup.ps1'
[1.610s] INFO:colcon.colcon_core.shell:Creating prefix script '/home/pdey/my_learning/Ros/prakash_ws/install/local_setup.sh'
[1.610s] INFO:colcon.colcon_core.shell:Creating prefix util module '/home/pdey/my_learning/Ros/prakash_ws/install/_local_setup_util_sh.py'
[1.610s] INFO:colcon.colcon_core.shell:Creating prefix chain script '/home/pdey/my_learning/Ros/prakash_ws/install/setup.sh'
[1.624s] INFO:colcon.colcon_core.shell:Creating prefix script '/home/pdey/my_learning/Ros/prakash_ws/install/local_setup.bash'
[1.624s] INFO:colcon.colcon_core.shell:Creating prefix chain script '/home/pdey/my_learning/Ros/prakash_ws/install/setup.bash'
[1.637s] INFO:colcon.colcon_core.shell:Creating prefix script '/home/pdey/my_learning/Ros/prakash_ws/install/local_setup.zsh'
[1.637s] INFO:colcon.colcon_core.shell:Creating prefix chain script '/home/pdey/my_learning/Ros/prakash_ws/install/setup.zsh'
